[1/18] Performing build step for 'bootloader'
[1/1] cmd.exe /C "cd /D C:\Users\kien\Downloads\esp32\ssl_mutual_auth\build\bootloader\esp-idf\esptool_py && C:\Espressif\python_env\idf5.0_py3.8_env\Scripts\python.exe C:/Espressif/frameworks/esp-idf-v5.0/components/partition_table/check_sizes.py --offset 0x8000 bootloader 0x1000 C:/Users/kien/Downloads/esp32/ssl_mutual_auth/build/bootloader/bootloader.bin"
Bootloader binary size 0x6710 bytes. 0x8f0 bytes (8%) free.
[2/16] Building C object esp-idf/app_nvs_flash/CMakeFiles/__idf_app_nvs_flash.dir/app_nvs.c.obj
FAILED: esp-idf/app_nvs_flash/CMakeFiles/__idf_app_nvs_flash.dir/app_nvs.c.obj 
ccache C:\Espressif\tools\xtensa-esp32-elf\esp-2022r1-11.2.0\xtensa-esp32-elf\bin\xtensa-esp32-elf-gcc.exe  -IC:/Users/kien/Downloads/esp32/ssl_mutual_auth/build/config -IC:/Users/kien/Downloads/esp32/ssl_mutual_auth/common/app_nvs_flash -IC:/Espressif/frameworks/esp-idf-v5.0/components/newlib/platform_include -IC:/Espressif/frameworks/esp-idf-v5.0/components/freertos/FreeRTOS-Kernel/include -IC:/Espressif/frameworks/esp-idf-v5.0/components/freertos/esp_additions/include/freertos -IC:/Espressif/frameworks/esp-idf-v5.0/components/freertos/FreeRTOS-Kernel/portable/xtensa/include -IC:/Espressif/frameworks/esp-idf-v5.0/components/freertos/esp_additions/include -IC:/Espressif/frameworks/esp-idf-v5.0/components/esp_hw_support/include -IC:/Espressif/frameworks/esp-idf-v5.0/components/esp_hw_support/include/soc -IC:/Espressif/frameworks/esp-idf-v5.0/components/esp_hw_support/include/soc/esp32 -IC:/Espressif/frameworks/esp-idf-v5.0/components/esp_hw_support/port/esp32/. -IC:/Espressif/frameworks/esp-idf-v5.0/components/esp_hw_support/port/esp32/private_include -IC:/Espressif/frameworks/esp-idf-v5.0/components/heap/include -IC:/Espressif/frameworks/esp-idf-v5.0/components/log/include -IC:/Espressif/frameworks/esp-idf-v5.0/components/soc/include -IC:/Espressif/frameworks/esp-idf-v5.0/components/soc/esp32/. -IC:/Espressif/frameworks/esp-idf-v5.0/components/soc/esp32/include -IC:/Espressif/frameworks/esp-idf-v5.0/components/hal/esp32/include -IC:/Espressif/frameworks/esp-idf-v5.0/components/hal/include -IC:/Espressif/frameworks/esp-idf-v5.0/components/hal/platform_port/include -IC:/Espressif/frameworks/esp-idf-v5.0/components/esp_rom/include -IC:/Espressif/frameworks/esp-idf-v5.0/components/esp_rom/include/esp32 -IC:/Espressif/frameworks/esp-idf-v5.0/components/esp_rom/esp32 -IC:/Espressif/frameworks/esp-idf-v5.0/components/esp_common/include -IC:/Espressif/frameworks/esp-idf-v5.0/components/esp_system/include -IC:/Espressif/frameworks/esp-idf-v5.0/components/esp_system/port/soc -IC:/Espressif/frameworks/esp-idf-v5.0/components/esp_system/port/include/private -IC:/Espressif/frameworks/esp-idf-v5.0/components/xtensa/include -IC:/Espressif/frameworks/esp-idf-v5.0/components/xtensa/esp32/include -IC:/Espressif/frameworks/esp-idf-v5.0/components/lwip/include -IC:/Espressif/frameworks/esp-idf-v5.0/components/lwip/include/apps -IC:/Espressif/frameworks/esp-idf-v5.0/components/lwip/include/apps/sntp -IC:/Espressif/frameworks/esp-idf-v5.0/components/lwip/lwip/src/include -IC:/Espressif/frameworks/esp-idf-v5.0/components/lwip/port/esp32/include -IC:/Espressif/frameworks/esp-idf-v5.0/components/lwip/port/esp32/include/arch -IC:/Espressif/frameworks/esp-idf-v5.0/components/driver/include -IC:/Espressif/frameworks/esp-idf-v5.0/components/driver/deprecated -IC:/Espressif/frameworks/esp-idf-v5.0/components/driver/esp32/include -IC:/Espressif/frameworks/esp-idf-v5.0/components/esp_pm/include -IC:/Espressif/frameworks/esp-idf-v5.0/components/esp_ringbuf/include -IC:/Espressif/frameworks/esp-idf-v5.0/components/nvs_flash/include -IC:/Espressif/frameworks/esp-idf-v5.0/components/esp_partition/include -mlongcalls -Wno-frame-address  -fdiagnostics-color=always -ffunction-sections -fdata-sections -Wall -Werror=all -Wno-error=unused-function -Wno-error=unused-variable -Wno-error=deprecated-declarations -Wextra -Wno-unused-parameter -Wno-sign-compare -Wno-enum-conversion -gdwarf-4 -ggdb -Og -fmacro-prefix-map=C:/Users/kien/Downloads/esp32/ssl_mutual_auth=. -fmacro-prefix-map=C:/Espressif/frameworks/esp-idf-v5.0=/IDF -fstrict-volatile-bitfields -Wno-error=unused-but-set-variable -fno-jump-tables -fno-tree-switch-conversion -DconfigENABLE_FREERTOS_DEBUG_OCDAWARE=1 -std=gnu17 -Wno-old-style-declaration -D_GNU_SOURCE -DIDF_VER=\"v5.0-dirty\" -DESP_PLATFORM -D_POSIX_READER_WRITER_LOCKS -MD -MT esp-idf/app_nvs_flash/CMakeFiles/__idf_app_nvs_flash.dir/app_nvs.c.obj -MF esp-idf\app_nvs_flash\CMakeFiles\__idf_app_nvs_flash.dir\app_nvs.c.obj.d -o esp-idf/app_nvs_flash/CMakeFiles/__idf_app_nvs_flash.dir/app_nvs.c.obj -c C:/Users/kien/Downloads/esp32/ssl_mutual_auth/common/app_nvs_flash/app_nvs.c
C:/Users/kien/Downloads/esp32/ssl_mutual_auth/common/app_nvs_flash/app_nvs.c: In function 'app_nvs_get_value':
C:/Users/kien/Downloads/esp32/ssl_mutual_auth/common/app_nvs_flash/app_nvs.c:41:23: error: format '%d' expects argument of type 'int', but argument 3 has type 'int32_t' {aka 'long int'} [-Werror=format=]
   41 |         printf("%s = %d\n", key, *value);
      |                      ~^          ~~~~~~
      |                       |          |
      |                       int        int32_t {aka long int}
      |                      %ld
cc1.exe: some warnings being treated as errors
[3/16] Building C object esp-idf/sensor/CMakeFiles/__idf_sensor.dir/sensor.c.obj
In file included from C:/Users/kien/Downloads/esp32/ssl_mutual_auth/common/sensor/sensor.c:9:
C:/Espressif/frameworks/esp-idf-v5.0/components/driver/deprecated/driver/adc.h:19:2: warning: #warning "legacy adc driver is deprecated, please migrate to use esp_adc/adc_oneshot.h and esp_adc/adc_continuous.h for oneshot mode and continuous mode drivers respectively" [-Wcpp]
   19 | #warning "legacy adc driver is deprecated, please migrate to use esp_adc/adc_oneshot.h and esp_adc/adc_continuous.h for oneshot mode and continuous mode drivers respectively"
      |  ^~~~~~~
[4/16] Building C object esp-idf/main/CMakeFiles/__idf_main.dir/app_ota.c.obj
C:/Users/kien/Downloads/esp32/ssl_mutual_auth/main/app_ota.c:119:13: warning: 'get_sha256_of_partitions' defined but not used [-Wunused-function]
  119 | static void get_sha256_of_partitions(void)
      |             ^~~~~~~~~~~~~~~~~~~~~~~~
ninja: build stopped: subcommand failed.
