[1/14] Performing build step for 'bootloader'
[1/1] cmd.exe /C "cd /D C:\Users\kien\Downloads\esp32\update_ota_stm32\build\bootloader\esp-idf\esptool_py && C:\Espressif\python_env\idf5.0_py3.8_env\Scripts\python.exe C:/Espressif/frameworks/esp-idf-v5.0/components/partition_table/check_sizes.py --offset 0x8000 bootloader 0x1000 C:/Users/kien/Downloads/esp32/update_ota_stm32/build/bootloader/bootloader.bin"
Bootloader binary size 0x6710 bytes. 0x8f0 bytes (8%) free.
[2/12] Building C object esp-idf/ota_command/CMakeFiles/__idf_ota_command.dir/bootloader_command.c.obj
FAILED: esp-idf/ota_command/CMakeFiles/__idf_ota_command.dir/bootloader_command.c.obj 
ccache C:\Espressif\tools\xtensa-esp32-elf\esp-2022r1-11.2.0\xtensa-esp32-elf\bin\xtensa-esp32-elf-gcc.exe  -IC:/Users/kien/Downloads/esp32/update_ota_stm32/build/config -IC:/Users/kien/Downloads/esp32/update_ota_stm32/common/ota_command -IC:/Espressif/frameworks/esp-idf-v5.0/components/newlib/platform_include -IC:/Espressif/frameworks/esp-idf-v5.0/components/freertos/FreeRTOS-Kernel/include -IC:/Espressif/frameworks/esp-idf-v5.0/components/freertos/esp_additions/include/freertos -IC:/Espressif/frameworks/esp-idf-v5.0/components/freertos/FreeRTOS-Kernel/portable/xtensa/include -IC:/Espressif/frameworks/esp-idf-v5.0/components/freertos/esp_additions/include -IC:/Espressif/frameworks/esp-idf-v5.0/components/esp_hw_support/include -IC:/Espressif/frameworks/esp-idf-v5.0/components/esp_hw_support/include/soc -IC:/Espressif/frameworks/esp-idf-v5.0/components/esp_hw_support/include/soc/esp32 -IC:/Espressif/frameworks/esp-idf-v5.0/components/esp_hw_support/port/esp32/. -IC:/Espressif/frameworks/esp-idf-v5.0/components/esp_hw_support/port/esp32/private_include -IC:/Espressif/frameworks/esp-idf-v5.0/components/heap/include -IC:/Espressif/frameworks/esp-idf-v5.0/components/log/include -IC:/Espressif/frameworks/esp-idf-v5.0/components/soc/include -IC:/Espressif/frameworks/esp-idf-v5.0/components/soc/esp32/. -IC:/Espressif/frameworks/esp-idf-v5.0/components/soc/esp32/include -IC:/Espressif/frameworks/esp-idf-v5.0/components/hal/esp32/include -IC:/Espressif/frameworks/esp-idf-v5.0/components/hal/include -IC:/Espressif/frameworks/esp-idf-v5.0/components/hal/platform_port/include -IC:/Espressif/frameworks/esp-idf-v5.0/components/esp_rom/include -IC:/Espressif/frameworks/esp-idf-v5.0/components/esp_rom/include/esp32 -IC:/Espressif/frameworks/esp-idf-v5.0/components/esp_rom/esp32 -IC:/Espressif/frameworks/esp-idf-v5.0/components/esp_common/include -IC:/Espressif/frameworks/esp-idf-v5.0/components/esp_system/include -IC:/Espressif/frameworks/esp-idf-v5.0/components/esp_system/port/soc -IC:/Espressif/frameworks/esp-idf-v5.0/components/esp_system/port/include/private -IC:/Espressif/frameworks/esp-idf-v5.0/components/xtensa/include -IC:/Espressif/frameworks/esp-idf-v5.0/components/xtensa/esp32/include -IC:/Espressif/frameworks/esp-idf-v5.0/components/lwip/include -IC:/Espressif/frameworks/esp-idf-v5.0/components/lwip/include/apps -IC:/Espressif/frameworks/esp-idf-v5.0/components/lwip/include/apps/sntp -IC:/Espressif/frameworks/esp-idf-v5.0/components/lwip/lwip/src/include -IC:/Espressif/frameworks/esp-idf-v5.0/components/lwip/port/esp32/include -IC:/Espressif/frameworks/esp-idf-v5.0/components/lwip/port/esp32/include/arch -IC:/Espressif/frameworks/esp-idf-v5.0/components/driver/include -IC:/Espressif/frameworks/esp-idf-v5.0/components/driver/deprecated -IC:/Espressif/frameworks/esp-idf-v5.0/components/driver/esp32/include -IC:/Espressif/frameworks/esp-idf-v5.0/components/esp_pm/include -IC:/Espressif/frameworks/esp-idf-v5.0/components/esp_ringbuf/include -IC:/Users/kien/Downloads/esp32/update_ota_stm32/common/min_protocol -IC:/Users/kien/Downloads/esp32/update_ota_stm32/common/uart_esp -mlongcalls -Wno-frame-address  -fdiagnostics-color=always -ffunction-sections -fdata-sections -Wall -Werror=all -Wno-error=unused-function -Wno-error=unused-variable -Wno-error=deprecated-declarations -Wextra -Wno-unused-parameter -Wno-sign-compare -Wno-enum-conversion -gdwarf-4 -ggdb -Og -fmacro-prefix-map=C:/Users/kien/Downloads/esp32/update_ota_stm32=. -fmacro-prefix-map=C:/Espressif/frameworks/esp-idf-v5.0=/IDF -fstrict-volatile-bitfields -Wno-error=unused-but-set-variable -fno-jump-tables -fno-tree-switch-conversion -DconfigENABLE_FREERTOS_DEBUG_OCDAWARE=1 -std=gnu17 -Wno-old-style-declaration -D_GNU_SOURCE -DIDF_VER=\"v5.0-dirty\" -DESP_PLATFORM -D_POSIX_READER_WRITER_LOCKS -MD -MT esp-idf/ota_command/CMakeFiles/__idf_ota_command.dir/bootloader_command.c.obj -MF esp-idf\ota_command\CMakeFiles\__idf_ota_command.dir\bootloader_command.c.obj.d -o esp-idf/ota_command/CMakeFiles/__idf_ota_command.dir/bootloader_command.c.obj -c C:/Users/kien/Downloads/esp32/update_ota_stm32/common/ota_command/bootloader_command.c
In file included from C:/Users/kien/Downloads/esp32/update_ota_stm32/common/ota_command/bootloader_command.c:2:
C:/Users/kien/Downloads/esp32/update_ota_stm32/common/min_protocol/min.h: In function 'ota_send_data':
C:/Users/kien/Downloads/esp32/update_ota_stm32/common/min_protocol/min.h:103:1: warning: empty declaration
  103 | struct crc32_context {
      | ^~~~~~
C:/Users/kien/Downloads/esp32/update_ota_stm32/common/min_protocol/min.h:109:1: warning: empty declaration
  109 | struct transport_frame {
      | ^~~~~~
C:/Users/kien/Downloads/esp32/update_ota_stm32/common/min_protocol/min.h:117:1: warning: empty declaration
  117 | struct transport_fifo {
      | ^~~~~~
C:/Users/kien/Downloads/esp32/update_ota_stm32/common/min_protocol/min.h:139:1: warning: empty declaration
  139 | struct min_context {
      | ^~~~~~
In file included from c:\espressif\tools\xtensa-esp32-elf\esp-2022r1-11.2.0\xtensa-esp32-elf\xtensa-esp32-elf\sys-include\sys\reent.h:14,
                 from C:/Espressif/frameworks/esp-idf-v5.0/components/newlib/platform_include/sys/reent.h:9,
                 from c:\espressif\tools\xtensa-esp32-elf\esp-2022r1-11.2.0\xtensa-esp32-elf\xtensa-esp32-elf\sys-include\string.h:11,
                 from C:/Users/kien/Downloads/esp32/update_ota_stm32/common/ota_command/bootloader_command.c:3:
c:\espressif\tools\xtensa-esp32-elf\esp-2022r1-11.2.0\xtensa-esp32-elf\lib\gcc\xtensa-esp32-elf\11.2.0\include\stddef.h:143:26: error: storage class specified for parameter 'ptrdiff_t'
  143 | typedef __PTRDIFF_TYPE__ ptrdiff_t;
      |                          ^~~~~~~~~
c:\espressif\tools\xtensa-esp32-elf\esp-2022r1-11.2.0\xtensa-esp32-elf\lib\gcc\xtensa-esp32-elf\11.2.0\include\stddef.h:209:23: error: storage class specified for parameter 'size_t'
  209 | typedef __SIZE_TYPE__ size_t;
      |                       ^~~~~~
c:\espressif\tools\xtensa-esp32-elf\esp-2022r1-11.2.0\xtensa-esp32-elf\lib\gcc\xtensa-esp32-elf\11.2.0\include\stddef.h:321:24: error: storage class specified for parameter 'wchar_t'
  321 | typedef __WCHAR_TYPE__ wchar_t;
      |                        ^~~~~~~
c:\espressif\tools\xtensa-esp32-elf\esp-2022r1-11.2.0\xtensa-esp32-elf\lib\gcc\xtensa-esp32-elf\11.2.0\include\stddef.h:426:3: error: storage class specified for parameter 'max_align_t'
  426 | } max_align_t;
      |   ^~~~~~~~~~~
In file included from c:\espressif\tools\xtensa-esp32-elf\esp-2022r1-11.2.0\xtensa-esp32-elf\xtensa-esp32-elf\sys-include\sys\_types.h:24,
                 from c:\espressif\tools\xtensa-esp32-elf\esp-2022r1-11.2.0\xtensa-esp32-elf\xtensa-esp32-elf\sys-include\sys\reent.h:15,
                 from C:/Espressif/frameworks/esp-idf-v5.0/components/newlib/platform_include/sys/reent.h:9,
                 from c:\espressif\tools\xtensa-esp32-elf\esp-2022r1-11.2.0\xtensa-esp32-elf\xtensa-esp32-elf\sys-include\string.h:11,
                 from C:/Users/kien/Downloads/esp32/update_ota_stm32/common/ota_command/bootloader_command.c:3:
c:\espressif\tools\xtensa-esp32-elf\esp-2022r1-11.2.0\xtensa-esp32-elf\lib\gcc\xtensa-esp32-elf\11.2.0\include\stddef.h:350:23: error: storage class specified for parameter 'wint_t'
  350 | typedef __WINT_TYPE__ wint_t;
      |                       ^~~~~~
In file included from c:\espressif\tools\xtensa-esp32-elf\esp-2022r1-11.2.0\xtensa-esp32-elf\xtensa-esp32-elf\sys-include\sys\reent.h:15,
                 from C:/Espressif/frameworks/esp-idf-v5.0/components/newlib/platform_include/sys/reent.h:9,
                 from c:\espressif\tools\xtensa-esp32-elf\esp-2022r1-11.2.0\xtensa-esp32-elf\xtensa-esp32-elf\sys-include\string.h:11,
                 from C:/Users/kien/Downloads/esp32/update_ota_stm32/common/ota_command/bootloader_command.c:3:
c:\espressif\tools\xtensa-esp32-elf\esp-2022r1-11.2.0\xtensa-esp32-elf\xtensa-esp32-elf\sys-include\sys\_types.h:30:14: error: storage class specified for parameter '__blkcnt_t'
   30 | typedef long __blkcnt_t;
      |              ^~~~~~~~~~
c:\espressif\tools\xtensa-esp32-elf\esp-2022r1-11.2.0\xtensa-esp32-elf\xtensa-esp32-elf\sys-include\sys\_types.h:34:14: error: storage class specified for parameter '__blksize_t'
   34 | typedef long __blksize_t;
      |              ^~~~~~~~~~~
c:\espressif\tools\xtensa-esp32-elf\esp-2022r1-11.2.0\xtensa-esp32-elf\xtensa-esp32-elf\sys-include\sys\_types.h:38:20: error: storage class specified for parameter '__fsblkcnt_t'
   38 | typedef __uint64_t __fsblkcnt_t;
      |                    ^~~~~~~~~~~~
c:\espressif\tools\xtensa-esp32-elf\esp-2022r1-11.2.0\xtensa-esp32-elf\xtensa-esp32-elf\sys-include\sys\_types.h:42:20: error: storage class specified for parameter '__fsfilcnt_t'
   42 | typedef __uint32_t __fsfilcnt_t;
      |                    ^~~~~~~~~~~~
c:\espressif\tools\xtensa-esp32-elf\esp-2022r1-11.2.0\xtensa-esp32-elf\xtensa-esp32-elf\sys-include\sys\_types.h:46:14: error: storage class specified for parameter '_off_t'
   46 | typedef long _off_t;
      |              ^~~~~~
c:\espressif\tools\xtensa-esp32-elf\esp-2022r1-11.2.0\xtensa-esp32-elf\xtensa-esp32-elf\sys-include\sys\_types.h:52:13: error: storage class specified for parameter '__pid_t'
   52 | typedef int __pid_t;
      |             ^~~~~~~
c:\espressif\tools\xtensa-esp32-elf\esp-2022r1-11.2.0\xtensa-esp32-elf\xtensa-esp32-elf\sys-include\sys\_types.h:56:15: error: storage class specified for parameter '__dev_t'
   56 | typedef short __dev_t;
      |               ^~~~~~~
c:\espressif\tools\xtensa-esp32-elf\esp-2022r1-11.2.0\xtensa-esp32-elf\xtensa-esp32-elf\sys-include\sys\_types.h:60:24: error: storage class specified for parameter '__uid_t'
   60 | typedef unsigned short __uid_t;
      |                        ^~~~~~~
c:\espressif\tools\xtensa-esp32-elf\esp-2022r1-11.2.0\xtensa-esp32-elf\xtensa-esp32-elf\sys-include\sys\_types.h:63:24: error: storage class specified for parameter '__gid_t'
   63 | typedef unsigned short __gid_t;
      |                        ^~~~~~~
c:\espressif\tools\xtensa-esp32-elf\esp-2022r1-11.2.0\xtensa-esp32-elf\xtensa-esp32-elf\sys-include\sys\_types.h:67:20: error: storage class specified for parameter '__id_t'
   67 | typedef __uint32_t __id_t;
      |                    ^~~~~~
c:\espressif\tools\xtensa-esp32-elf\esp-2022r1-11.2.0\xtensa-esp32-elf\xtensa-esp32-elf\sys-include\sys\_types.h:75:24: error: storage class specified for parameter '__ino_t'
   75 | typedef unsigned short __ino_t;
      |                        ^~~~~~~
c:\espressif\tools\xtensa-esp32-elf\esp-2022r1-11.2.0\xtensa-esp32-elf\xtensa-esp32-elf\sys-include\sys\_types.h:90:20: error: storage class specified for parameter '__mode_t'
   90 | typedef __uint32_t __mode_t;
      |                    ^~~~~~~~
c:\espressif\tools\xtensa-esp32-elf\esp-2022r1-11.2.0\xtensa-esp32-elf\xtensa-esp32-elf\sys-include\sys\_types.h:96:1: error: expected declaration specifiers before '__extension__'
   96 | __extension__ typedef long long _off64_t;
      | ^~~~~~~~~~~~~
c:\espressif\tools\xtensa-esp32-elf\esp-2022r1-11.2.0\xtensa-esp32-elf\xtensa-esp32-elf\sys-include\sys\_types.h:102:16: error: expected '=', ',', ';', 'asm' or '__attribute__' before '__off_t'
  102 | typedef _off_t __off_t;
      |                ^~~~~~~
c:\espressif\tools\xtensa-esp32-elf\esp-2022r1-11.2.0\xtensa-esp32-elf\xtensa-esp32-elf\sys-include\sys\_types.h:105:9: error: unknown type name '_off64_t'
  105 | typedef _off64_t __loff_t;
      |         ^~~~~~~~
c:\espressif\tools\xtensa-esp32-elf\esp-2022r1-11.2.0\xtensa-esp32-elf\xtensa-esp32-elf\sys-include\sys\_types.h:105:18: error: storage class specified for parameter '__loff_t'
  105 | typedef _off64_t __loff_t;
      |                  ^~~~~~~~
c:\espressif\tools\xtensa-esp32-elf\esp-2022r1-11.2.0\xtensa-esp32-elf\xtensa-esp32-elf\sys-include\sys\_types.h:108:14: error: storage class specified for parameter '__key_t'
  108 | typedef long __key_t;
      |              ^~~~~~~
c:\espressif\tools\xtensa-esp32-elf\esp-2022r1-11.2.0\xtensa-esp32-elf\xtensa-esp32-elf\sys-include\sys\_types.h:116:14: error: storage class specified for parameter '_fpos_t'
  116 | typedef long _fpos_t;           /* XXX must match off_t in <sys/types.h> */
      |              ^~~~~~~
c:\espressif\tools\xtensa-esp32-elf\esp-2022r1-11.2.0\xtensa-esp32-elf\xtensa-esp32-elf\sys-include\sys\_types.h:131:23: error: storage class specified for parameter '__size_t'
  131 | typedef __SIZE_TYPE__ __size_t;
      |                       ^~~~~~~~
c:\espressif\tools\xtensa-esp32-elf\esp-2022r1-11.2.0\xtensa-esp32-elf\xtensa-esp32-elf\sys-include\sys\_types.h:147:23: error: storage class specified for parameter '_ssize_t'
  147 | typedef __SIZE_TYPE__ _ssize_t;
      |                       ^~~~~~~~
c:\espressif\tools\xtensa-esp32-elf\esp-2022r1-11.2.0\xtensa-esp32-elf\xtensa-esp32-elf\sys-include\sys\_types.h:158:18: error: expected '=', ',', ';', 'asm' or '__attribute__' before '__ssize_t'
  158 | typedef _ssize_t __ssize_t;
      |                  ^~~~~~~~~
c:\espressif\tools\xtensa-esp32-elf\esp-2022r1-11.2.0\xtensa-esp32-elf\xtensa-esp32-elf\sys-include\sys\_types.h:167:5: error: expected specifier-qualifier-list before 'wint_t'
  167 |     wint_t __wch;
      |     ^~~~~~
c:\espressif\tools\xtensa-esp32-elf\esp-2022r1-11.2.0\xtensa-esp32-elf\xtensa-esp32-elf\sys-include\sys\_types.h:170:3: error: storage class specified for parameter '_mbstate_t'
  170 | } _mbstate_t;
      |   ^~~~~~~~~~
c:\espressif\tools\xtensa-esp32-elf\esp-2022r1-11.2.0\xtensa-esp32-elf\xtensa-esp32-elf\sys-include\sys\_types.h:175:15: error: storage class specified for parameter '_iconv_t'
  175 | typedef void *_iconv_t;
      |               ^~~~~~~~
c:\espressif\tools\xtensa-esp32-elf\esp-2022r1-11.2.0\xtensa-esp32-elf\xtensa-esp32-elf\sys-include\sys\_types.h:182:25: error: storage class specified for parameter '__clock_t'
  182 | typedef _CLOCK_T_       __clock_t;
      |                         ^~~~~~~~~
c:\espressif\tools\xtensa-esp32-elf\esp-2022r1-11.2.0\xtensa-esp32-elf\xtensa-esp32-elf\sys-include\sys\_types.h:189:25: error: storage class specified for parameter '__time_t'
  189 | typedef _TIME_T_        __time_t;
      |                         ^~~~~~~~
c:\espressif\tools\xtensa-esp32-elf\esp-2022r1-11.2.0\xtensa-esp32-elf\xtensa-esp32-elf\sys-include\sys\_types.h:195:25: error: storage class specified for parameter '__clockid_t'
  195 | typedef _CLOCKID_T_     __clockid_t;
      |                         ^~~~~~~~~~~
c:\espressif\tools\xtensa-esp32-elf\esp-2022r1-11.2.0\xtensa-esp32-elf\xtensa-esp32-elf\sys-include\sys\_types.h:198:25: error: storage class specified for parameter '__timer_t'
  198 | typedef _TIMER_T_       __timer_t;
      |                         ^~~~~~~~~
c:\espressif\tools\xtensa-esp32-elf\esp-2022r1-11.2.0\xtensa-esp32-elf\xtensa-esp32-elf\sys-include\sys\_types.h:201:25: error: storage class specified for parameter '__sa_family_t'
  201 | typedef __uint8_t       __sa_family_t;
      |                         ^~~~~~~~~~~~~
c:\espressif\tools\xtensa-esp32-elf\esp-2022r1-11.2.0\xtensa-esp32-elf\xtensa-esp32-elf\sys-include\sys\_types.h:205:25: error: storage class specified for parameter '__socklen_t'
  205 | typedef __uint32_t      __socklen_t;
      |                         ^~~~~~~~~~~
c:\espressif\tools\xtensa-esp32-elf\esp-2022r1-11.2.0\xtensa-esp32-elf\xtensa-esp32-elf\sys-include\sys\_types.h:208:25: error: storage class specified for parameter '__nl_item'
  208 | typedef int             __nl_item;
      |                         ^~~~~~~~~
c:\espressif\tools\xtensa-esp32-elf\esp-2022r1-11.2.0\xtensa-esp32-elf\xtensa-esp32-elf\sys-include\sys\_types.h:209:25: error: storage class specified for parameter '__nlink_t'
  209 | typedef unsigned short  __nlink_t;
      |                         ^~~~~~~~~
c:\espressif\tools\xtensa-esp32-elf\esp-2022r1-11.2.0\xtensa-esp32-elf\xtensa-esp32-elf\sys-include\sys\_types.h:210:25: error: storage class specified for parameter '__suseconds_t'
  210 | typedef long            __suseconds_t;  /* microseconds (signed) */
      |                         ^~~~~~~~~~~~~
c:\espressif\tools\xtensa-esp32-elf\esp-2022r1-11.2.0\xtensa-esp32-elf\xtensa-esp32-elf\sys-include\sys\_types.h:211:25: error: storage class specified for parameter '__useconds_t'
  211 | typedef unsigned long   __useconds_t;   /* microseconds (unsigned) */
      |                         ^~~~~~~~~~~~
c:\espressif\tools\xtensa-esp32-elf\esp-2022r1-11.2.0\xtensa-esp32-elf\xtensa-esp32-elf\sys-include\sys\_types.h:219:33: error: storage class specified for parameter '__va_list'
  219 | typedef __builtin_va_list       __va_list;
      |                                 ^~~~~~~~~
In file included from C:/Espressif/frameworks/esp-idf-v5.0/components/newlib/platform_include/sys/reent.h:9,
                 from c:\espressif\tools\xtensa-esp32-elf\esp-2022r1-11.2.0\xtensa-esp32-elf\xtensa-esp32-elf\sys-include\string.h:11,
                 from C:/Users/kien/Downloads/esp32/update_ota_stm32/common/ota_command/bootloader_command.c:3:
c:\espressif\tools\xtensa-esp32-elf\esp-2022r1-11.2.0\xtensa-esp32-elf\xtensa-esp32-elf\sys-include\sys\reent.h:22:25: error: storage class specified for parameter '__ULong'
   22 | typedef unsigned __Long __ULong;
      |                         ^~~~~~~
In file included from C:/Espressif/frameworks/esp-idf-v5.0/components/newlib/platform_include/sys/lock.h:8,
                 from c:\espressif\tools\xtensa-esp32-elf\esp-2022r1-11.2.0\xtensa-esp32-elf\xtensa-esp32-elf\sys-include\sys\reent.h:34,
                 from C:/Espressif/frameworks/esp-idf-v5.0/components/newlib/platform_include/sys/reent.h:9,
                 from c:\espressif\tools\xtensa-esp32-elf\esp-2022r1-11.2.0\xtensa-esp32-elf\xtensa-esp32-elf\sys-include\string.h:11,
                 from C:/Users/kien/Downloads/esp32/update_ota_stm32/common/ota_command/bootloader_command.c:3:
c:\espressif\tools\xtensa-esp32-elf\esp-2022r1-11.2.0\xtensa-esp32-elf\xtensa-esp32-elf\sys-include\sys\lock.h:34:25: error: storage class specified for parameter '_LOCK_T'
   34 | typedef struct __lock * _LOCK_T;
      |                         ^~~~~~~
c:\espressif\tools\xtensa-esp32-elf\esp-2022r1-11.2.0\xtensa-esp32-elf\xtensa-esp32-elf\sys-include\sys\lock.h:41:34: error: expected declaration specifiers or '...' before '_LOCK_T'
   41 | extern void __retarget_lock_init(_LOCK_T *lock);
      |                                  ^~~~~~~
c:\espressif\tools\xtensa-esp32-elf\esp-2022r1-11.2.0\xtensa-esp32-elf\xtensa-esp32-elf\sys-include\sys\lock.h:43:44: error: expected declaration specifiers or '...' before '_LOCK_T'
   43 | extern void __retarget_lock_init_recursive(_LOCK_T *lock);
      |                                            ^~~~~~~
c:\espressif\tools\xtensa-esp32-elf\esp-2022r1-11.2.0\xtensa-esp32-elf\xtensa-esp32-elf\sys-include\sys\lock.h:45:35: error: expected declaration specifiers or '...' before '_LOCK_T'
   45 | extern void __retarget_lock_close(_LOCK_T lock);
      |                                   ^~~~~~~
c:\espressif\tools\xtensa-esp32-elf\esp-2022r1-11.2.0\xtensa-esp32-elf\xtensa-esp32-elf\sys-include\sys\lock.h:47:45: error: expected declaration specifiers or '...' before '_LOCK_T'
   47 | extern void __retarget_lock_close_recursive(_LOCK_T lock);
      |                                             ^~~~~~~
c:\espressif\tools\xtensa-esp32-elf\esp-2022r1-11.2.0\xtensa-esp32-elf\xtensa-esp32-elf\sys-include\sys\lock.h:49:37: error: expected declaration specifiers or '...' before '_LOCK_T'
   49 | extern void __retarget_lock_acquire(_LOCK_T lock);
      |                                     ^~~~~~~
c:\espressif\tools\xtensa-esp32-elf\esp-2022r1-11.2.0\xtensa-esp32-elf\xtensa-esp32-elf\sys-include\sys\lock.h:51:47: error: expected declaration specifiers or '...' before '_LOCK_T'
   51 | extern void __retarget_lock_acquire_recursive(_LOCK_T lock);
      |                                               ^~~~~~~
c:\espressif\tools\xtensa-esp32-elf\esp-2022r1-11.2.0\xtensa-esp32-elf\xtensa-esp32-elf\sys-include\sys\lock.h:53:40: error: expected declaration specifiers or '...' before '_LOCK_T'
   53 | extern int __retarget_lock_try_acquire(_LOCK_T lock);
      |                                        ^~~~~~~
c:\espressif\tools\xtensa-esp32-elf\esp-2022r1-11.2.0\xtensa-esp32-elf\xtensa-esp32-elf\sys-include\sys\lock.h:55:50: error: expected declaration specifiers or '...' before '_LOCK_T'
   55 | extern int __retarget_lock_try_acquire_recursive(_LOCK_T lock);
      |                                                  ^~~~~~~
c:\espressif\tools\xtensa-esp32-elf\esp-2022r1-11.2.0\xtensa-esp32-elf\xtensa-esp32-elf\sys-include\sys\lock.h:58:37: error: expected declaration specifiers or '...' before '_LOCK_T'
   58 | extern void __retarget_lock_release(_LOCK_T lock);
      |                                     ^~~~~~~
c:\espressif\tools\xtensa-esp32-elf\esp-2022r1-11.2.0\xtensa-esp32-elf\xtensa-esp32-elf\sys-include\sys\lock.h:60:47: error: expected declaration specifiers or '...' before '_LOCK_T'
   60 | extern void __retarget_lock_release_recursive(_LOCK_T lock);
      |                                               ^~~~~~~
In file included from c:\espressif\tools\xtensa-esp32-elf\esp-2022r1-11.2.0\xtensa-esp32-elf\xtensa-esp32-elf\sys-include\sys\reent.h:34,
                 from C:/Espressif/frameworks/esp-idf-v5.0/components/newlib/platform_include/sys/reent.h:9,
                 from c:\espressif\tools\xtensa-esp32-elf\esp-2022r1-11.2.0\xtensa-esp32-elf\xtensa-esp32-elf\sys-include\string.h:11,
                 from C:/Users/kien/Downloads/esp32/update_ota_stm32/common/ota_command/bootloader_command.c:3:
C:/Espressif/frameworks/esp-idf-v5.0/components/newlib/platform_include/sys/lock.h:33:17: error: expected '=', ',', ';', 'asm' or '__attribute__' before '_lock_t'
   33 | typedef _LOCK_T _lock_t;
      |                 ^~~~~~~
C:/Espressif/frameworks/esp-idf-v5.0/components/newlib/platform_include/sys/lock.h:35:17: error: unknown type name '_lock_t'
   35 | void _lock_init(_lock_t *plock);
      |                 ^~~~~~~
C:/Espressif/frameworks/esp-idf-v5.0/components/newlib/platform_include/sys/lock.h:36:27: error: unknown type name '_lock_t'
   36 | void _lock_init_recursive(_lock_t *plock);
      |                           ^~~~~~~
C:/Espressif/frameworks/esp-idf-v5.0/components/newlib/platform_include/sys/lock.h:37:18: error: unknown type name '_lock_t'
   37 | void _lock_close(_lock_t *plock);
      |                  ^~~~~~~
C:/Espressif/frameworks/esp-idf-v5.0/components/newlib/platform_include/sys/lock.h:38:28: error: unknown type name '_lock_t'
   38 | void _lock_close_recursive(_lock_t *plock);
      |                            ^~~~~~~
C:/Espressif/frameworks/esp-idf-v5.0/components/newlib/platform_include/sys/lock.h:39:20: error: unknown type name '_lock_t'
   39 | void _lock_acquire(_lock_t *plock);
      |                    ^~~~~~~
C:/Espressif/frameworks/esp-idf-v5.0/components/newlib/platform_include/sys/lock.h:40:30: error: unknown type name '_lock_t'
   40 | void _lock_acquire_recursive(_lock_t *plock);
      |                              ^~~~~~~
C:/Espressif/frameworks/esp-idf-v5.0/components/newlib/platform_include/sys/lock.h:41:23: error: unknown type name '_lock_t'
   41 | int _lock_try_acquire(_lock_t *plock);
      |                       ^~~~~~~
C:/Espressif/frameworks/esp-idf-v5.0/components/newlib/platform_include/sys/lock.h:42:33: error: unknown type name '_lock_t'
   42 | int _lock_try_acquire_recursive(_lock_t *plock);
      |                                 ^~~~~~~
C:/Espressif/frameworks/esp-idf-v5.0/components/newlib/platform_include/sys/lock.h:43:20: error: unknown type name '_lock_t'
   43 | void _lock_release(_lock_t *plock);
      |                    ^~~~~~~
C:/Espressif/frameworks/esp-idf-v5.0/components/newlib/platform_include/sys/lock.h:44:30: error: unknown type name '_lock_t'
   44 | void _lock_release_recursive(_lock_t *plock);
      |                              ^~~~~~~
In file included from C:/Espressif/frameworks/esp-idf-v5.0/components/newlib/platform_include/sys/reent.h:9,
                 from c:\espressif\tools\xtensa-esp32-elf\esp-2022r1-11.2.0\xtensa-esp32-elf\xtensa-esp32-elf\sys-include\string.h:11,
                 from C:/Users/kien/Downloads/esp32/update_ota_stm32/common/ota_command/bootloader_command.c:3:
c:\espressif\tools\xtensa-esp32-elf\esp-2022r1-11.2.0\xtensa-esp32-elf\xtensa-esp32-elf\sys-include\sys\reent.h:35:27: error: expected '=', ',', ';', 'asm' or '__attribute__' before '_flock_t'
   35 | typedef _LOCK_RECURSIVE_T _flock_t;
      |                           ^~~~~~~~
c:\espressif\tools\xtensa-esp32-elf\esp-2022r1-11.2.0\xtensa-esp32-elf\xtensa-esp32-elf\sys-include\sys\reent.h:56:3: error: expected specifier-qualifier-list before '__ULong'
   56 |   __ULong _x[1];
      |   ^~~~~~~
c:\espressif\tools\xtensa-esp32-elf\esp-2022r1-11.2.0\xtensa-esp32-elf\xtensa-esp32-elf\sys-include\sys\reent.h:83:9: error: expected specifier-qualifier-list before '__ULong'
   83 |         __ULong _fntypes;                       /* type of exit routine -
      |         ^~~~~~~
c:\espressif\tools\xtensa-esp32-elf\esp-2022r1-11.2.0\xtensa-esp32-elf\xtensa-esp32-elf\sys-include\sys\reent.h:173:15: error: storage class specified for parameter '__sinit'
  173 | extern void   __sinit (struct _reent *);
      |               ^~~~~~~
c:\espressif\tools\xtensa-esp32-elf\esp-2022r1-11.2.0\xtensa-esp32-elf\xtensa-esp32-elf\sys-include\sys\reent.h:207:3: error: expected specifier-qualifier-list before '_fpos_t'
  207 |   _fpos_t (*_seek) (struct _reent *, void *, _fpos_t, int);
      |   ^~~~~~~
c:\espressif\tools\xtensa-esp32-elf\esp-2022r1-11.2.0\xtensa-esp32-elf\xtensa-esp32-elf\sys-include\sys\reent.h:292:26: error: storage class specified for parameter '__FILE'
  292 | typedef struct __sFILE   __FILE;
      |                          ^~~~~~
c:\espressif\tools\xtensa-esp32-elf\esp-2022r1-11.2.0\xtensa-esp32-elf\xtensa-esp32-elf\sys-include\sys\reent.h:300:3: error: expected specifier-qualifier-list before '__FILE'
  300 |   __FILE *_iobs;
      |   ^~~~~~
c:\espressif\tools\xtensa-esp32-elf\esp-2022r1-11.2.0\xtensa-esp32-elf\xtensa-esp32-elf\sys-include\sys\reent.h:363:3: error: expected specifier-qualifier-list before '_mbstate_t'
  363 |   _mbstate_t _mblen_state;
      |   ^~~~~~~~~~
c:\espressif\tools\xtensa-esp32-elf\esp-2022r1-11.2.0\xtensa-esp32-elf\xtensa-esp32-elf\sys-include\sys\reent.h:386:3: error: expected specifier-qualifier-list before '__FILE'
  386 |   __FILE *_stdin, *_stdout, *_stderr;   /* XXX */
      |   ^~~~~~
c:\espressif\tools\xtensa-esp32-elf\esp-2022r1-11.2.0\xtensa-esp32-elf\xtensa-esp32-elf\sys-include\sys\reent.h:463:34: error: storage class specified for parameter '__sf_fake_stdin'
  463 | extern const struct __sFILE_fake __sf_fake_stdin;
      |                                  ^~~~~~~~~~~~~~~
c:\espressif\tools\xtensa-esp32-elf\esp-2022r1-11.2.0\xtensa-esp32-elf\xtensa-esp32-elf\sys-include\sys\reent.h:464:34: error: storage class specified for parameter '__sf_fake_stdout'
  464 | extern const struct __sFILE_fake __sf_fake_stdout;
      |                                  ^~~~~~~~~~~~~~~~
c:\espressif\tools\xtensa-esp32-elf\esp-2022r1-11.2.0\xtensa-esp32-elf\xtensa-esp32-elf\sys-include\sys\reent.h:465:34: error: storage class specified for parameter '__sf_fake_stderr'
  465 | extern const struct __sFILE_fake __sf_fake_stderr;
      |                                  ^~~~~~~~~~~~~~~~
In file included from c:\espressif\tools\xtensa-esp32-elf\esp-2022r1-11.2.0\xtensa-esp32-elf\xtensa-esp32-elf\sys-include\stdlib.h:30,
                 from C:/Espressif/frameworks/esp-idf-v5.0/components/newlib/platform_include/assert.h:13,
                 from c:\espressif\tools\xtensa-esp32-elf\esp-2022r1-11.2.0\xtensa-esp32-elf\xtensa-esp32-elf\sys-include\sys\reent.h:503,
                 from C:/Espressif/frameworks/esp-idf-v5.0/components/newlib/platform_include/sys/reent.h:9,
                 from c:\espressif\tools\xtensa-esp32-elf\esp-2022r1-11.2.0\xtensa-esp32-elf\xtensa-esp32-elf\sys-include\string.h:11,
                 from C:/Users/kien/Downloads/esp32/update_ota_stm32/common/ota_command/bootloader_command.c:3:
c:\espressif\tools\xtensa-esp32-elf\esp-2022r1-11.2.0\xtensa-esp32-elf\xtensa-esp32-elf\sys-include\sys\_locale.h:10:28: error: storage class specified for parameter 'locale_t'
   10 | typedef struct __locale_t *locale_t;
      |                            ^~~~~~~~
In file included from C:/Espressif/frameworks/esp-idf-v5.0/components/newlib/platform_include/assert.h:13,
                 from c:\espressif\tools\xtensa-esp32-elf\esp-2022r1-11.2.0\xtensa-esp32-elf\xtensa-esp32-elf\sys-include\sys\reent.h:503,
                 from C:/Espressif/frameworks/esp-idf-v5.0/components/newlib/platform_include/sys/reent.h:9,
                 from c:\espressif\tools\xtensa-esp32-elf\esp-2022r1-11.2.0\xtensa-esp32-elf\xtensa-esp32-elf\sys-include\string.h:11,
                 from C:/Users/kien/Downloads/esp32/update_ota_stm32/common/ota_command/bootloader_command.c:3:
c:\espressif\tools\xtensa-esp32-elf\esp-2022r1-11.2.0\xtensa-esp32-elf\xtensa-esp32-elf\sys-include\stdlib.h:39:3: error: storage class specified for parameter 'div_t'
   39 | } div_t;
      |   ^~~~~
c:\espressif\tools\xtensa-esp32-elf\esp-2022r1-11.2.0\xtensa-esp32-elf\xtensa-esp32-elf\sys-include\stdlib.h:45:3: error: storage class specified for parameter 'ldiv_t'
   45 | } ldiv_t;
      |   ^~~~~~
c:\espressif\tools\xtensa-esp32-elf\esp-2022r1-11.2.0\xtensa-esp32-elf\xtensa-esp32-elf\sys-include\stdlib.h:52:3: error: storage class specified for parameter 'lldiv_t'
   52 | } lldiv_t;
      |   ^~~~~~~
c:\espressif\tools\xtensa-esp32-elf\esp-2022r1-11.2.0\xtensa-esp32-elf\xtensa-esp32-elf\sys-include\stdlib.h:57:15: error: storage class specified for parameter '__compar_fn_t'
   57 | typedef int (*__compar_fn_t) (const void *, const void *);
      |               ^~~~~~~~~~~~~
c:\espressif\tools\xtensa-esp32-elf\esp-2022r1-11.2.0\xtensa-esp32-elf\xtensa-esp32-elf\sys-include\stdlib.h:78:33: error: expected declaration specifiers or '...' before 'size_t'
   78 | void    arc4random_buf (void *, size_t);
      |                                 ^~~~~~
c:\espressif\tools\xtensa-esp32-elf\esp-2022r1-11.2.0\xtensa-esp32-elf\xtensa-esp32-elf\sys-include\stdlib.h:91:24: error: expected declaration specifiers or '...' before 'size_t'
   91 |                        size_t __nmemb,
      |                        ^~~~~~
c:\espressif\tools\xtensa-esp32-elf\esp-2022r1-11.2.0\xtensa-esp32-elf\xtensa-esp32-elf\sys-include\stdlib.h:92:24: error: expected declaration specifiers or '...' before 'size_t'
   92 |                        size_t __size,
      |                        ^~~~~~
c:\espressif\tools\xtensa-esp32-elf\esp-2022r1-11.2.0\xtensa-esp32-elf\xtensa-esp32-elf\sys-include\stdlib.h:93:24: error: expected declaration specifiers or '...' before '__compar_fn_t'
   93 |                        __compar_fn_t _compar);
      |                        ^~~~~~~~~~~~~
c:\espressif\tools\xtensa-esp32-elf\esp-2022r1-11.2.0\xtensa-esp32-elf\xtensa-esp32-elf\sys-include\stdlib.h:96:1: error: expected declaration specifiers before 'div_t'
   96 | div_t   div (int __numer, int __denom);
      | ^~~~~
c:\espressif\tools\xtensa-esp32-elf\esp-2022r1-11.2.0\xtensa-esp32-elf\xtensa-esp32-elf\sys-include\stdlib.h:107:14: error: storage class specified for parameter 'suboptarg'
  107 | extern char *suboptarg;                 /* getsubopt(3) external variable */
      |              ^~~~~~~~~
c:\espressif\tools\xtensa-esp32-elf\esp-2022r1-11.2.0\xtensa-esp32-elf\xtensa-esp32-elf\sys-include\stdlib.h:111:1: error: expected declaration specifiers before 'ldiv_t'
  111 | ldiv_t  ldiv (long __numer, long __denom);
      | ^~~~~~
c:\espressif\tools\xtensa-esp32-elf\esp-2022r1-11.2.0\xtensa-esp32-elf\xtensa-esp32-elf\sys-include\stdlib.h:113:30: error: expected declaration specifiers or '...' before 'size_t'
  113 | int     mblen (const char *, size_t);
      |                              ^~~~~~
c:\espressif\tools\xtensa-esp32-elf\esp-2022r1-11.2.0\xtensa-esp32-elf\xtensa-esp32-elf\sys-include\stdlib.h:114:50: error: expected declaration specifiers or '...' before 'size_t'
  114 | int     _mblen_r (struct _reent *, const char *, size_t, _mbstate_t *);
      |                                                  ^~~~~~
c:\espressif\tools\xtensa-esp32-elf\esp-2022r1-11.2.0\xtensa-esp32-elf\xtensa-esp32-elf\sys-include\stdlib.h:114:58: error: expected declaration specifiers or '...' before '_mbstate_t'
  114 | int     _mblen_r (struct _reent *, const char *, size_t, _mbstate_t *);
      |                                                          ^~~~~~~~~~
c:\espressif\tools\xtensa-esp32-elf\esp-2022r1-11.2.0\xtensa-esp32-elf\xtensa-esp32-elf\sys-include\stdlib.h:115:17: error: expected declaration specifiers or '...' before 'wchar_t'
  115 | int     mbtowc (wchar_t *__restrict, const char *__restrict, size_t);
      |                 ^~~~~~~
c:\espressif\tools\xtensa-esp32-elf\esp-2022r1-11.2.0\xtensa-esp32-elf\xtensa-esp32-elf\sys-include\stdlib.h:115:62: error: expected declaration specifiers or '...' before 'size_t'
  115 | int     mbtowc (wchar_t *__restrict, const char *__restrict, size_t);
      |                                                              ^~~~~~
c:\espressif\tools\xtensa-esp32-elf\esp-2022r1-11.2.0\xtensa-esp32-elf\xtensa-esp32-elf\sys-include\stdlib.h:116:37: error: expected declaration specifiers or '...' before 'wchar_t'
  116 | int     _mbtowc_r (struct _reent *, wchar_t *__restrict, const char *__restrict, size_t, _mbstate_t *);
      |                                     ^~~~~~~
c:\espressif\tools\xtensa-esp32-elf\esp-2022r1-11.2.0\xtensa-esp32-elf\xtensa-esp32-elf\sys-include\stdlib.h:116:82: error: expected declaration specifiers or '...' before 'size_t'
  116 | int     _mbtowc_r (struct _reent *, wchar_t *__restrict, const char *__restrict, size_t, _mbstate_t *);
      |                                                                                  ^~~~~~
c:\espressif\tools\xtensa-esp32-elf\esp-2022r1-11.2.0\xtensa-esp32-elf\xtensa-esp32-elf\sys-include\stdlib.h:116:90: error: expected declaration specifiers or '...' before '_mbstate_t'
  116 | int     _mbtowc_r (struct _reent *, wchar_t *__restrict, const char *__restrict, size_t, _mbstate_t *);
      |                                                                                          ^~~~~~~~~~
c:\espressif\tools\xtensa-esp32-elf\esp-2022r1-11.2.0\xtensa-esp32-elf\xtensa-esp32-elf\sys-include\stdlib.h:117:25: error: expected declaration specifiers or '...' before 'wchar_t'
  117 | int     wctomb (char *, wchar_t);
      |                         ^~~~~~~
c:\espressif\tools\xtensa-esp32-elf\esp-2022r1-11.2.0\xtensa-esp32-elf\xtensa-esp32-elf\sys-include\stdlib.h:118:45: error: expected declaration specifiers or '...' before 'wchar_t'
  118 | int     _wctomb_r (struct _reent *, char *, wchar_t, _mbstate_t *);
      |                                             ^~~~~~~
c:\espressif\tools\xtensa-esp32-elf\esp-2022r1-11.2.0\xtensa-esp32-elf\xtensa-esp32-elf\sys-include\stdlib.h:118:54: error: expected declaration specifiers or '...' before '_mbstate_t'
  118 | int     _wctomb_r (struct _reent *, char *, wchar_t, _mbstate_t *);
      |                                                      ^~~~~~~~~~
c:\espressif\tools\xtensa-esp32-elf\esp-2022r1-11.2.0\xtensa-esp32-elf\xtensa-esp32-elf\sys-include\stdlib.h:119:1: error: expected declaration specifiers before 'size_t'
  119 | size_t  mbstowcs (wchar_t *__restrict, const char *__restrict, size_t);
      | ^~~~~~
c:\espressif\tools\xtensa-esp32-elf\esp-2022r1-11.2.0\xtensa-esp32-elf\xtensa-esp32-elf\sys-include\stdlib.h:120:1: error: expected declaration specifiers before 'size_t'
  120 | size_t  _mbstowcs_r (struct _reent *, wchar_t *__restrict, const char *__restrict, size_t, _mbstate_t *);
      | ^~~~~~
c:\espressif\tools\xtensa-esp32-elf\esp-2022r1-11.2.0\xtensa-esp32-elf\xtensa-esp32-elf\sys-include\stdlib.h:121:1: error: expected declaration specifiers before 'size_t'
  121 | size_t  wcstombs (char *__restrict, const wchar_t *__restrict, size_t);
      | ^~~~~~
c:\espressif\tools\xtensa-esp32-elf\esp-2022r1-11.2.0\xtensa-esp32-elf\xtensa-esp32-elf\sys-include\stdlib.h:122:1: error: expected declaration specifiers before 'size_t'
  122 | size_t  _wcstombs_r (struct _reent *, char *__restrict, const wchar_t *__restrict, size_t, _mbstate_t *);
      | ^~~~~~
In file included from C:/Espressif/frameworks/esp-idf-v5.0/components/newlib/platform_include/assert.h:13,
                 from c:\espressif\tools\xtensa-esp32-elf\esp-2022r1-11.2.0\xtensa-esp32-elf\xtensa-esp32-elf\sys-include\sys\reent.h:503,
                 from C:/Espressif/frameworks/esp-idf-v5.0/components/newlib/platform_include/sys/reent.h:9,
                 from c:\espressif\tools\xtensa-esp32-elf\esp-2022r1-11.2.0\xtensa-esp32-elf\xtensa-esp32-elf\sys-include\string.h:11,
                 from C:/Users/kien/Downloads/esp32/update_ota_stm32/common/ota_command/bootloader_command.c:3:
c:\espressif\tools\xtensa-esp32-elf\esp-2022r1-11.2.0\xtensa-esp32-elf\xtensa-esp32-elf\sys-include\stdlib.h:155:30: error: expected declaration specifiers or '...' before 'size_t'
  155 | void    qsort (void *__base, size_t __nmemb, size_t __size, __compar_fn_t _compar);
      |                              ^~~~~~
c:\espressif\tools\xtensa-esp32-elf\esp-2022r1-11.2.0\xtensa-esp32-elf\xtensa-esp32-elf\sys-include\stdlib.h:155:46: error: expected declaration specifiers or '...' before 'size_t'
  155 | void    qsort (void *__base, size_t __nmemb, size_t __size, __compar_fn_t _compar);
      |                                              ^~~~~~
c:\espressif\tools\xtensa-esp32-elf\esp-2022r1-11.2.0\xtensa-esp32-elf\xtensa-esp32-elf\sys-include\stdlib.h:155:61: error: expected declaration specifiers or '...' before '__compar_fn_t'
  155 | void    qsort (void *__base, size_t __nmemb, size_t __size, __compar_fn_t _compar);
      |                                                             ^~~~~~~~~~~~~
c:\espressif\tools\xtensa-esp32-elf\esp-2022r1-11.2.0\xtensa-esp32-elf\xtensa-esp32-elf\sys-include\stdlib.h:157:26: error: expected declaration specifiers or '...' before 'size_t'
  157 | void    *realloc(void *, size_t) __result_use_check __alloc_size(2) _NOTHROW;
      |                          ^~~~~~
c:\espressif\tools\xtensa-esp32-elf\esp-2022r1-11.2.0\xtensa-esp32-elf\xtensa-esp32-elf\sys-include\stdlib.h:159:31: error: expected declaration specifiers or '...' before 'size_t'
  159 | void    *reallocarray(void *, size_t, size_t) __result_use_check __alloc_size2(2, 3);
      |                               ^~~~~~
c:\espressif\tools\xtensa-esp32-elf\esp-2022r1-11.2.0\xtensa-esp32-elf\xtensa-esp32-elf\sys-include\stdlib.h:159:39: error: expected declaration specifiers or '...' before 'size_t'
  159 | void    *reallocarray(void *, size_t, size_t) __result_use_check __alloc_size2(2, 3);
      |                                       ^~~~~~
c:\espressif\tools\xtensa-esp32-elf\esp-2022r1-11.2.0\xtensa-esp32-elf\xtensa-esp32-elf\sys-include\stdlib.h:160:27: error: expected declaration specifiers or '...' before 'size_t'
  160 | void    *reallocf(void *, size_t) __result_use_check __alloc_size(2);
      |                           ^~~~~~
c:\espressif\tools\xtensa-esp32-elf\esp-2022r1-11.2.0\xtensa-esp32-elf\xtensa-esp32-elf\sys-include\stdlib.h:189:62: error: expected declaration specifiers or '...' before 'locale_t'
  189 | double  strtod_l (const char *__restrict, char **__restrict, locale_t);
      |                                                              ^~~~~~~~
c:\espressif\tools\xtensa-esp32-elf\esp-2022r1-11.2.0\xtensa-esp32-elf\xtensa-esp32-elf\sys-include\stdlib.h:190:62: error: expected declaration specifiers or '...' before 'locale_t'
  190 | float   strtof_l (const char *__restrict, char **__restrict, locale_t);
      |                                                              ^~~~~~~~
c:\espressif\tools\xtensa-esp32-elf\esp-2022r1-11.2.0\xtensa-esp32-elf\xtensa-esp32-elf\sys-include\stdlib.h:193:31: error: expected declaration specifiers or '...' before 'locale_t'
  193 |                               locale_t);
      |                               ^~~~~~~~
c:\espressif\tools\xtensa-esp32-elf\esp-2022r1-11.2.0\xtensa-esp32-elf\xtensa-esp32-elf\sys-include\stdlib.h:195:67: error: expected declaration specifiers or '...' before 'locale_t'
  195 | long    strtol_l (const char *__restrict, char **__restrict, int, locale_t);
      |                                                                   ^~~~~~~~
c:\espressif\tools\xtensa-esp32-elf\esp-2022r1-11.2.0\xtensa-esp32-elf\xtensa-esp32-elf\sys-include\stdlib.h:197:26: error: expected declaration specifiers or '...' before 'locale_t'
  197 |                          locale_t __loc);
      |                          ^~~~~~~~
c:\espressif\tools\xtensa-esp32-elf\esp-2022r1-11.2.0\xtensa-esp32-elf\xtensa-esp32-elf\sys-include\stdlib.h:198:70: error: expected declaration specifiers or '...' before 'locale_t'
  198 | long long strtoll_l (const char *__restrict, char **__restrict, int, locale_t);
      |                                                                      ^~~~~~~~
c:\espressif\tools\xtensa-esp32-elf\esp-2022r1-11.2.0\xtensa-esp32-elf\xtensa-esp32-elf\sys-include\stdlib.h:200:32: error: expected declaration specifiers or '...' before 'locale_t'
  200 |                                locale_t __loc);
      |                                ^~~~~~~~
c:\espressif\tools\xtensa-esp32-elf\esp-2022r1-11.2.0\xtensa-esp32-elf\xtensa-esp32-elf\sys-include\stdlib.h:220:47: error: expected declaration specifiers or '...' before 'size_t'
  220 | void *  _reallocf_r (struct _reent *, void *, size_t);
      |                                               ^~~~~~
c:\espressif\tools\xtensa-esp32-elf\esp-2022r1-11.2.0\xtensa-esp32-elf\xtensa-esp32-elf\sys-include\stdlib.h:269:38: error: expected declaration specifiers or '...' before 'size_t'
  269 | char *  initstate (unsigned, char *, size_t);
      |                                      ^~~~~~
c:\espressif\tools\xtensa-esp32-elf\esp-2022r1-11.2.0\xtensa-esp32-elf\xtensa-esp32-elf\sys-include\stdlib.h:280:1: error: expected declaration specifiers before 'lldiv_t'
  280 | lldiv_t lldiv (long long __numer, long long __denom);
      | ^~~~~~~
c:\espressif\tools\xtensa-esp32-elf\esp-2022r1-11.2.0\xtensa-esp32-elf\xtensa-esp32-elf\sys-include\stdlib.h:300:34: error: expected declaration specifiers or '...' before 'size_t'
  300 | int     posix_memalign (void **, size_t, size_t) __nonnull((1))
      |                                  ^~~~~~
c:\espressif\tools\xtensa-esp32-elf\esp-2022r1-11.2.0\xtensa-esp32-elf\xtensa-esp32-elf\sys-include\stdlib.h:300:42: error: expected declaration specifiers or '...' before 'size_t'
  300 | int     posix_memalign (void **, size_t, size_t) __nonnull((1))
      |                                          ^~~~~~
c:\espressif\tools\xtensa-esp32-elf\esp-2022r1-11.2.0\xtensa-esp32-elf\xtensa-esp32-elf\sys-include\stdlib.h:306:37: error: expected declaration specifiers or '...' before 'size_t'
  306 | void *  _malloc_r (struct _reent *, size_t) _NOTHROW;
      |                                     ^~~~~~
c:\espressif\tools\xtensa-esp32-elf\esp-2022r1-11.2.0\xtensa-esp32-elf\xtensa-esp32-elf\sys-include\stdlib.h:307:37: error: expected declaration specifiers or '...' before 'size_t'
  307 | void *  _calloc_r (struct _reent *, size_t, size_t) _NOTHROW;
      |                                     ^~~~~~
c:\espressif\tools\xtensa-esp32-elf\esp-2022r1-11.2.0\xtensa-esp32-elf\xtensa-esp32-elf\sys-include\stdlib.h:307:45: error: expected declaration specifiers or '...' before 'size_t'
  307 | void *  _calloc_r (struct _reent *, size_t, size_t) _NOTHROW;
      |                                             ^~~~~~
c:\espressif\tools\xtensa-esp32-elf\esp-2022r1-11.2.0\xtensa-esp32-elf\xtensa-esp32-elf\sys-include\stdlib.h:309:46: error: expected declaration specifiers or '...' before 'size_t'
  309 | void *  _realloc_r (struct _reent *, void *, size_t) _NOTHROW;
      |                                              ^~~~~~
c:\espressif\tools\xtensa-esp32-elf\esp-2022r1-11.2.0\xtensa-esp32-elf\xtensa-esp32-elf\sys-include\stdlib.h:321:32: error: expected declaration specifiers or '...' before 'size_t'
  321 | void    qsort_r (void *__base, size_t __nmemb, size_t __size, int (*_compar)(const void *, const void *, void *), void *__thunk);
      |                                ^~~~~~
c:\espressif\tools\xtensa-esp32-elf\esp-2022r1-11.2.0\xtensa-esp32-elf\xtensa-esp32-elf\sys-include\stdlib.h:321:48: error: expected declaration specifiers or '...' before 'size_t'
  321 | void    qsort_r (void *__base, size_t __nmemb, size_t __size, int (*_compar)(const void *, const void *, void *), void *__thunk);
      |                                                ^~~~~~
c:\espressif\tools\xtensa-esp32-elf\esp-2022r1-11.2.0\xtensa-esp32-elf\xtensa-esp32-elf\sys-include\stdlib.h:334:20: error: storage class specified for parameter '_strtold_r'
  334 | extern long double _strtold_r (struct _reent *, const char *__restrict, char **__restrict);
      |                    ^~~~~~~~~~
c:\espressif\tools\xtensa-esp32-elf\esp-2022r1-11.2.0\xtensa-esp32-elf\xtensa-esp32-elf\sys-include\stdlib.h:336:20: error: storage class specified for parameter 'strtold'
  336 | extern long double strtold (const char *__restrict, char **__restrict);
      |                    ^~~~~~~
In file included from C:/Espressif/frameworks/esp-idf-v5.0/components/newlib/platform_include/sys/reent.h:9,
                 from c:\espressif\tools\xtensa-esp32-elf\esp-2022r1-11.2.0\xtensa-esp32-elf\xtensa-esp32-elf\sys-include\string.h:11,
                 from C:/Users/kien/Downloads/esp32/update_ota_stm32/common/ota_command/bootloader_command.c:3:
c:\espressif\tools\xtensa-esp32-elf\esp-2022r1-11.2.0\xtensa-esp32-elf\xtensa-esp32-elf\sys-include\sys\reent.h:822:24: error: storage class specified for parameter '_global_impure_ptr'
  822 | extern struct _reent * _global_impure_ptr __ATTRIBUTE_IMPURE_PTR__;
      |                        ^~~~~~~~~~~~~~~~~~
In file included from c:\espressif\tools\xtensa-esp32-elf\esp-2022r1-11.2.0\xtensa-esp32-elf\xtensa-esp32-elf\sys-include\string.h:11,
                 from C:/Users/kien/Downloads/esp32/update_ota_stm32/common/ota_command/bootloader_command.c:3:
C:/Espressif/frameworks/esp-idf-v5.0/components/newlib/platform_include/sys/reent.h:19:13: error: storage class specified for parameter '_cleanup_r'
   19 | extern void _cleanup_r(struct _reent* r);
      |             ^~~~~~~~~~
In file included from c:\espressif\tools\xtensa-esp32-elf\esp-2022r1-11.2.0\xtensa-esp32-elf\xtensa-esp32-elf\sys-include\string.h:24,
                 from C:/Users/kien/Downloads/esp32/update_ota_stm32/common/ota_command/bootloader_command.c:3:
c:\espressif\tools\xtensa-esp32-elf\esp-2022r1-11.2.0\xtensa-esp32-elf\xtensa-esp32-elf\sys-include\strings.h:46:43: error: expected declaration specifiers or '...' before 'size_t'
   46 | int      bcmp(const void *, const void *, size_t) __pure;       /* LEGACY */
      |                                           ^~~~~~
c:\espressif\tools\xtensa-esp32-elf\esp-2022r1-11.2.0\xtensa-esp32-elf\xtensa-esp32-elf\sys-include\strings.h:47:38: error: expected declaration specifiers or '...' before 'size_t'
   47 | void     bcopy(const void *, void *, size_t);                   /* LEGACY */
      |                                      ^~~~~~
c:\espressif\tools\xtensa-esp32-elf\esp-2022r1-11.2.0\xtensa-esp32-elf\xtensa-esp32-elf\sys-include\strings.h:48:24: error: expected declaration specifiers or '...' before 'size_t'
   48 | void     bzero(void *, size_t);                                 /* LEGACY */
      |                        ^~~~~~
c:\espressif\tools\xtensa-esp32-elf\esp-2022r1-11.2.0\xtensa-esp32-elf\xtensa-esp32-elf\sys-include\strings.h:51:33: error: expected declaration specifiers or '...' before 'size_t'
   51 | void     explicit_bzero(void *, size_t);
      |                                 ^~~~~~
c:\espressif\tools\xtensa-esp32-elf\esp-2022r1-11.2.0\xtensa-esp32-elf\xtensa-esp32-elf\sys-include\strings.h:68:50: error: expected declaration specifiers or '...' before 'size_t'
   68 | int      strncasecmp(const char *, const char *, size_t) __pure;
      |                                                  ^~~~~~
c:\espressif\tools\xtensa-esp32-elf\esp-2022r1-11.2.0\xtensa-esp32-elf\xtensa-esp32-elf\sys-include\strings.h:71:52: error: expected declaration specifiers or '...' before 'locale_t'
   71 | int      strcasecmp_l (const char *, const char *, locale_t);
      |                                                    ^~~~~~~~
c:\espressif\tools\xtensa-esp32-elf\esp-2022r1-11.2.0\xtensa-esp32-elf\xtensa-esp32-elf\sys-include\strings.h:72:53: error: expected declaration specifiers or '...' before 'size_t'
   72 | int      strncasecmp_l (const char *, const char *, size_t, locale_t);
      |                                                     ^~~~~~
c:\espressif\tools\xtensa-esp32-elf\esp-2022r1-11.2.0\xtensa-esp32-elf\xtensa-esp32-elf\sys-include\strings.h:72:61: error: expected declaration specifiers or '...' before 'locale_t'
   72 | int      strncasecmp_l (const char *, const char *, size_t, locale_t);
      |                                                             ^~~~~~~~
In file included from C:/Users/kien/Downloads/esp32/update_ota_stm32/common/ota_command/bootloader_command.c:3:
c:\espressif\tools\xtensa-esp32-elf\esp-2022r1-11.2.0\xtensa-esp32-elf\xtensa-esp32-elf\sys-include\string.h:29:37: error: expected declaration specifiers or '...' before 'size_t'
   29 | void *   memchr (const void *, int, size_t);
      |                                     ^~~~~~
c:\espressif\tools\xtensa-esp32-elf\esp-2022r1-11.2.0\xtensa-esp32-elf\xtensa-esp32-elf\sys-include\string.h:30:46: error: expected declaration specifiers or '...' before 'size_t'
   30 | int      memcmp (const void *, const void *, size_t);
      |                                              ^~~~~~
c:\espressif\tools\xtensa-esp32-elf\esp-2022r1-11.2.0\xtensa-esp32-elf\xtensa-esp32-elf\sys-include\string.h:31:60: error: expected declaration specifiers or '...' before 'size_t'
   31 | void *   memcpy (void *__restrict, const void *__restrict, size_t);
      |                                                            ^~~~~~
c:\espressif\tools\xtensa-esp32-elf\esp-2022r1-11.2.0\xtensa-esp32-elf\xtensa-esp32-elf\sys-include\string.h:32:41: error: expected declaration specifiers or '...' before 'size_t'
   32 | void *   memmove (void *, const void *, size_t);
      |                                         ^~~~~~
c:\espressif\tools\xtensa-esp32-elf\esp-2022r1-11.2.0\xtensa-esp32-elf\xtensa-esp32-elf\sys-include\string.h:33:31: error: expected declaration specifiers or '...' before 'size_t'
   33 | void *   memset (void *, int, size_t);
      |                               ^~~~~~
c:\espressif\tools\xtensa-esp32-elf\esp-2022r1-11.2.0\xtensa-esp32-elf\xtensa-esp32-elf\sys-include\string.h:39:1: error: expected declaration specifiers before 'size_t'
   39 | size_t   strcspn (const char *, const char *);
      | ^~~~~~
c:\espressif\tools\xtensa-esp32-elf\esp-2022r1-11.2.0\xtensa-esp32-elf\xtensa-esp32-elf\sys-include\string.h:41:1: error: expected declaration specifiers before 'size_t'
   41 | size_t   strlen (const char *);
      | ^~~~~~
c:\espressif\tools\xtensa-esp32-elf\esp-2022r1-11.2.0\xtensa-esp32-elf\xtensa-esp32-elf\sys-include\string.h:42:61: error: expected declaration specifiers or '...' before 'size_t'
   42 | char    *strncat (char *__restrict, const char *__restrict, size_t);
      |                                                             ^~~~~~
c:\espressif\tools\xtensa-esp32-elf\esp-2022r1-11.2.0\xtensa-esp32-elf\xtensa-esp32-elf\sys-include\string.h:43:47: error: expected declaration specifiers or '...' before 'size_t'
   43 | int      strncmp (const char *, const char *, size_t);
      |                                               ^~~~~~
c:\espressif\tools\xtensa-esp32-elf\esp-2022r1-11.2.0\xtensa-esp32-elf\xtensa-esp32-elf\sys-include\string.h:44:61: error: expected declaration specifiers or '...' before 'size_t'
   44 | char    *strncpy (char *__restrict, const char *__restrict, size_t);
      |                                                             ^~~~~~
c:\espressif\tools\xtensa-esp32-elf\esp-2022r1-11.2.0\xtensa-esp32-elf\xtensa-esp32-elf\sys-include\string.h:47:1: error: expected declaration specifiers before 'size_t'
   47 | size_t   strspn (const char *, const char *);
      | ^~~~~~
c:\espressif\tools\xtensa-esp32-elf\esp-2022r1-11.2.0\xtensa-esp32-elf\xtensa-esp32-elf\sys-include\string.h:52:1: error: expected declaration specifiers before 'size_t'
   52 | size_t   strxfrm (char *__restrict, const char *__restrict, size_t);
      | ^~~~~~
c:\espressif\tools\xtensa-esp32-elf\esp-2022r1-11.2.0\xtensa-esp32-elf\xtensa-esp32-elf\sys-include\string.h:55:49: error: expected declaration specifiers or '...' before 'locale_t'
   55 | int      strcoll_l (const char *, const char *, locale_t);
      |                                                 ^~~~~~~~
c:\espressif\tools\xtensa-esp32-elf\esp-2022r1-11.2.0\xtensa-esp32-elf\xtensa-esp32-elf\sys-include\string.h:56:27: error: expected declaration specifiers or '...' before 'locale_t'
   56 | char    *strerror_l (int, locale_t);
      |                           ^~~~~~~~
c:\espressif\tools\xtensa-esp32-elf\esp-2022r1-11.2.0\xtensa-esp32-elf\xtensa-esp32-elf\sys-include\string.h:57:1: error: expected declaration specifiers before 'size_t'
   57 | size_t   strxfrm_l (char *__restrict, const char *__restrict, size_t, locale_t);
      | ^~~~~~
c:\espressif\tools\xtensa-esp32-elf\esp-2022r1-11.2.0\xtensa-esp32-elf\xtensa-esp32-elf\sys-include\string.h:63:55: error: expected declaration specifiers or '...' before 'size_t'
   63 | int      timingsafe_bcmp (const void *, const void *, size_t);
      |                                                       ^~~~~~
c:\espressif\tools\xtensa-esp32-elf\esp-2022r1-11.2.0\xtensa-esp32-elf\xtensa-esp32-elf\sys-include\string.h:64:57: error: expected declaration specifiers or '...' before 'size_t'
   64 | int      timingsafe_memcmp (const void *, const void *, size_t);
      |                                                         ^~~~~~
c:\espressif\tools\xtensa-esp32-elf\esp-2022r1-11.2.0\xtensa-esp32-elf\xtensa-esp32-elf\sys-include\string.h:67:66: error: expected declaration specifiers or '...' before 'size_t'
   67 | void *   memccpy (void *__restrict, const void *__restrict, int, size_t);
      |                                                                  ^~~~~~
c:\espressif\tools\xtensa-esp32-elf\esp-2022r1-11.2.0\xtensa-esp32-elf\xtensa-esp32-elf\sys-include\string.h:70:41: error: expected declaration specifiers or '...' before 'size_t'
   70 | void *   mempcpy (void *, const void *, size_t);
      |                                         ^~~~~~
c:\espressif\tools\xtensa-esp32-elf\esp-2022r1-11.2.0\xtensa-esp32-elf\xtensa-esp32-elf\sys-include\string.h:71:32: error: expected declaration specifiers or '...' before 'size_t'
   71 | void *   memmem (const void *, size_t, const void *, size_t);
      |                                ^~~~~~
c:\espressif\tools\xtensa-esp32-elf\esp-2022r1-11.2.0\xtensa-esp32-elf\xtensa-esp32-elf\sys-include\string.h:71:54: error: expected declaration specifiers or '...' before 'size_t'
   71 | void *   memmem (const void *, size_t, const void *, size_t);
      |                                                      ^~~~~~
c:\espressif\tools\xtensa-esp32-elf\esp-2022r1-11.2.0\xtensa-esp32-elf\xtensa-esp32-elf\sys-include\string.h:72:38: error: expected declaration specifiers or '...' before 'size_t'
   72 | void *   memrchr (const void *, int, size_t);
      |                                      ^~~~~~
c:\espressif\tools\xtensa-esp32-elf\esp-2022r1-11.2.0\xtensa-esp32-elf\xtensa-esp32-elf\sys-include\string.h:77:61: error: expected declaration specifiers or '...' before 'size_t'
   77 | char    *stpncpy (char *__restrict, const char *__restrict, size_t);
      |                                                             ^~~~~~
c:\espressif\tools\xtensa-esp32-elf\esp-2022r1-11.2.0\xtensa-esp32-elf\xtensa-esp32-elf\sys-include\string.h:88:33: error: expected declaration specifiers or '...' before 'size_t'
   88 | char    *strndup (const char *, size_t) __malloc_like __result_use_check;
      |                                 ^~~~~~
c:\espressif\tools\xtensa-esp32-elf\esp-2022r1-11.2.0\xtensa-esp32-elf\xtensa-esp32-elf\sys-include\string.h:90:53: error: expected declaration specifiers or '...' before 'size_t'
   90 | char    *_strndup_r (struct _reent *, const char *, size_t);
      |                                                     ^~~~~~
c:\espressif\tools\xtensa-esp32-elf\esp-2022r1-11.2.0\xtensa-esp32-elf\xtensa-esp32-elf\sys-include\string.h:97:35: error: expected declaration specifiers or '...' before 'size_t'
   97 | char    *strerror_r (int, char *, size_t);
      |                                   ^~~~~~
c:\espressif\tools\xtensa-esp32-elf\esp-2022r1-11.2.0\xtensa-esp32-elf\xtensa-esp32-elf\sys-include\string.h:115:1: error: expected declaration specifiers before 'size_t'
  115 | size_t  strlcat (char *, const char *, size_t);
      | ^~~~~~
c:\espressif\tools\xtensa-esp32-elf\esp-2022r1-11.2.0\xtensa-esp32-elf\xtensa-esp32-elf\sys-include\string.h:116:1: error: expected declaration specifiers before 'size_t'
  116 | size_t  strlcpy (char *, const char *, size_t);
      | ^~~~~~
c:\espressif\tools\xtensa-esp32-elf\esp-2022r1-11.2.0\xtensa-esp32-elf\xtensa-esp32-elf\sys-include\string.h:119:1: error: expected declaration specifiers before 'size_t'
  119 | size_t   strnlen (const char *, size_t);
      | ^~~~~~
c:\espressif\tools\xtensa-esp32-elf\esp-2022r1-11.2.0\xtensa-esp32-elf\xtensa-esp32-elf\sys-include\string.h:125:46: error: expected declaration specifiers or '...' before 'size_t'
  125 | char    *strnstr(const char *, const char *, size_t) __pure;
      |                                              ^~~~~~
In file included from c:\espressif\tools\xtensa-esp32-elf\esp-2022r1-11.2.0\xtensa-esp32-elf\xtensa-esp32-elf\sys-include\stdio.h:40,
                 from C:/Users/kien/Downloads/esp32/update_ota_stm32/common/ota_command/convert_file_hex.c:1,
                 from C:/Users/kien/Downloads/esp32/update_ota_stm32/common/ota_command/bootloader_command.c:4:
c:\espressif\tools\xtensa-esp32-elf\esp-2022r1-11.2.0\xtensa-esp32-elf\lib\gcc\xtensa-esp32-elf\11.2.0\include\stdarg.h:40:27: error: storage class specified for parameter '__gnuc_va_list'
   40 | typedef __builtin_va_list __gnuc_va_list;
      |                           ^~~~~~~~~~~~~~
In file included from C:/Users/kien/Downloads/esp32/update_ota_stm32/common/ota_command/convert_file_hex.c:1,
                 from C:/Users/kien/Downloads/esp32/update_ota_stm32/common/ota_command/bootloader_command.c:4:
c:\espressif\tools\xtensa-esp32-elf\esp-2022r1-11.2.0\xtensa-esp32-elf\xtensa-esp32-elf\sys-include\stdio.h:46:24: error: expected '=', ',', ';', 'asm' or '__attribute__' before 'va_list'
   46 | typedef __gnuc_va_list va_list;
      |                        ^~~~~~~
In file included from c:\espressif\tools\xtensa-esp32-elf\esp-2022r1-11.2.0\xtensa-esp32-elf\xtensa-esp32-elf\sys-include\stdio.h:61,
                 from C:/Users/kien/Downloads/esp32/update_ota_stm32/common/ota_command/convert_file_hex.c:1,
                 from C:/Users/kien/Downloads/esp32/update_ota_stm32/common/ota_command/bootloader_command.c:4:
c:\espressif\tools\xtensa-esp32-elf\esp-2022r1-11.2.0\xtensa-esp32-elf\xtensa-esp32-elf\sys-include\sys\types.h:28:25: error: storage class specified for parameter 'u_int8_t'
   28 | typedef __uint8_t       u_int8_t;
      |                         ^~~~~~~~
c:\espressif\tools\xtensa-esp32-elf\esp-2022r1-11.2.0\xtensa-esp32-elf\xtensa-esp32-elf\sys-include\sys\types.h:31:25: error: storage class specified for parameter 'u_int16_t'
   31 | typedef __uint16_t      u_int16_t;
      |                         ^~~~~~~~~
c:\espressif\tools\xtensa-esp32-elf\esp-2022r1-11.2.0\xtensa-esp32-elf\xtensa-esp32-elf\sys-include\sys\types.h:34:25: error: storage class specified for parameter 'u_int32_t'
   34 | typedef __uint32_t      u_int32_t;
      |                         ^~~~~~~~~
c:\espressif\tools\xtensa-esp32-elf\esp-2022r1-11.2.0\xtensa-esp32-elf\xtensa-esp32-elf\sys-include\sys\types.h:37:25: error: storage class specified for parameter 'u_int64_t'
   37 | typedef __uint64_t      u_int64_t;
      |                         ^~~~~~~~~
c:\espressif\tools\xtensa-esp32-elf\esp-2022r1-11.2.0\xtensa-esp32-elf\xtensa-esp32-elf\sys-include\sys\types.h:39:20: error: storage class specified for parameter 'register_t'
   39 | typedef __intptr_t register_t;
      |                    ^~~~~~~~~~
In file included from c:\espressif\tools\xtensa-esp32-elf\esp-2022r1-11.2.0\xtensa-esp32-elf\xtensa-esp32-elf\sys-include\sys\select.h:14,
                 from C:/Espressif/frameworks/esp-idf-v5.0/components/newlib/platform_include/sys/select.h:13,
                 from c:\espressif\tools\xtensa-esp32-elf\esp-2022r1-11.2.0\xtensa-esp32-elf\xtensa-esp32-elf\sys-include\sys\types.h:50,
                 from c:\espressif\tools\xtensa-esp32-elf\esp-2022r1-11.2.0\xtensa-esp32-elf\xtensa-esp32-elf\sys-include\stdio.h:61,
                 from C:/Users/kien/Downloads/esp32/update_ota_stm32/common/ota_command/convert_file_hex.c:1,
                 from C:/Users/kien/Downloads/esp32/update_ota_stm32/common/ota_command/bootloader_command.c:4:
c:\espressif\tools\xtensa-esp32-elf\esp-2022r1-11.2.0\xtensa-esp32-elf\xtensa-esp32-elf\sys-include\sys\_sigset.h:41:23: error: storage class specified for parameter '__sigset_t'
   41 | typedef unsigned long __sigset_t;
      |                       ^~~~~~~~~~
In file included from c:\espressif\tools\xtensa-esp32-elf\esp-2022r1-11.2.0\xtensa-esp32-elf\xtensa-esp32-elf\sys-include\sys\select.h:15,
                 from C:/Espressif/frameworks/esp-idf-v5.0/components/newlib/platform_include/sys/select.h:13,
                 from c:\espressif\tools\xtensa-esp32-elf\esp-2022r1-11.2.0\xtensa-esp32-elf\xtensa-esp32-elf\sys-include\sys\types.h:50,
                 from c:\espressif\tools\xtensa-esp32-elf\esp-2022r1-11.2.0\xtensa-esp32-elf\xtensa-esp32-elf\sys-include\stdio.h:61,
                 from C:/Users/kien/Downloads/esp32/update_ota_stm32/common/ota_command/convert_file_hex.c:1,
                 from C:/Users/kien/Downloads/esp32/update_ota_stm32/common/ota_command/bootloader_command.c:4:
c:\espressif\tools\xtensa-esp32-elf\esp-2022r1-11.2.0\xtensa-esp32-elf\xtensa-esp32-elf\sys-include\sys\_timeval.h:37:25: error: expected '=', ',', ';', 'asm' or '__attribute__' before 'suseconds_t'
   37 | typedef __suseconds_t   suseconds_t;
      |                         ^~~~~~~~~~~
c:\espressif\tools\xtensa-esp32-elf\esp-2022r1-11.2.0\xtensa-esp32-elf\xtensa-esp32-elf\sys-include\sys\_timeval.h:42:25: error: storage class specified for parameter 'time_t'
   42 | typedef _TIME_T_        time_t;
      |                         ^~~~~~
c:\espressif\tools\xtensa-esp32-elf\esp-2022r1-11.2.0\xtensa-esp32-elf\xtensa-esp32-elf\sys-include\sys\_timeval.h:55:9: error: expected specifier-qualifier-list before 'time_t'
   55 |         time_t          tv_sec;         /* seconds */
      |         ^~~~~~
In file included from c:\espressif\tools\xtensa-esp32-elf\esp-2022r1-11.2.0\xtensa-esp32-elf\xtensa-esp32-elf\sys-include\sys\timespec.h:38,
                 from c:\espressif\tools\xtensa-esp32-elf\esp-2022r1-11.2.0\xtensa-esp32-elf\xtensa-esp32-elf\sys-include\sys\select.h:16,
                 from C:/Espressif/frameworks/esp-idf-v5.0/components/newlib/platform_include/sys/select.h:13,
                 from c:\espressif\tools\xtensa-esp32-elf\esp-2022r1-11.2.0\xtensa-esp32-elf\xtensa-esp32-elf\sys-include\sys\types.h:50,
                 from c:\espressif\tools\xtensa-esp32-elf\esp-2022r1-11.2.0\xtensa-esp32-elf\xtensa-esp32-elf\sys-include\stdio.h:61,
                 from C:/Users/kien/Downloads/esp32/update_ota_stm32/common/ota_command/convert_file_hex.c:1,
                 from C:/Users/kien/Downloads/esp32/update_ota_stm32/common/ota_command/bootloader_command.c:4:
c:\espressif\tools\xtensa-esp32-elf\esp-2022r1-11.2.0\xtensa-esp32-elf\xtensa-esp32-elf\sys-include\sys\_timespec.h:48:9: error: expected specifier-qualifier-list before 'time_t'
   48 |         time_t  tv_sec;         /* seconds */
      |         ^~~~~~
In file included from C:/Espressif/frameworks/esp-idf-v5.0/components/newlib/platform_include/sys/select.h:13,
                 from c:\espressif\tools\xtensa-esp32-elf\esp-2022r1-11.2.0\xtensa-esp32-elf\xtensa-esp32-elf\sys-include\sys\types.h:50,
                 from c:\espressif\tools\xtensa-esp32-elf\esp-2022r1-11.2.0\xtensa-esp32-elf\xtensa-esp32-elf\sys-include\stdio.h:61,
                 from C:/Users/kien/Downloads/esp32/update_ota_stm32/common/ota_command/convert_file_hex.c:1,
                 from C:/Users/kien/Downloads/esp32/update_ota_stm32/common/ota_command/bootloader_command.c:4:
c:\espressif\tools\xtensa-esp32-elf\esp-2022r1-11.2.0\xtensa-esp32-elf\xtensa-esp32-elf\sys-include\sys\select.h:20:25: error: expected '=', ',', ';', 'asm' or '__attribute__' before 'sigset_t'
   20 | typedef __sigset_t      sigset_t;
      |                         ^~~~~~~~
c:\espressif\tools\xtensa-esp32-elf\esp-2022r1-11.2.0\xtensa-esp32-elf\xtensa-esp32-elf\sys-include\sys\select.h:34:25: error: storage class specified for parameter '__fd_mask'
   34 | typedef unsigned long   __fd_mask;
      |                         ^~~~~~~~~
c:\espressif\tools\xtensa-esp32-elf\esp-2022r1-11.2.0\xtensa-esp32-elf\xtensa-esp32-elf\sys-include\sys\select.h:36:25: error: expected '=', ',', ';', 'asm' or '__attribute__' before 'fd_mask'
   36 | typedef __fd_mask       fd_mask;
      |                         ^~~~~~~
c:\espressif\tools\xtensa-esp32-elf\esp-2022r1-11.2.0\xtensa-esp32-elf\xtensa-esp32-elf\sys-include\sys\select.h:49:9: error: expected specifier-qualifier-list before '__fd_mask'
   49 |         __fd_mask       __fds_bits[_howmany(FD_SETSIZE, _NFDBITS)];
      |         ^~~~~~~~~
c:\espressif\tools\xtensa-esp32-elf\esp-2022r1-11.2.0\xtensa-esp32-elf\xtensa-esp32-elf\sys-include\sys\select.h:50:3: error: storage class specified for parameter 'fd_set'
   50 | } fd_set;
      |   ^~~~~~
In file included from c:\espressif\tools\xtensa-esp32-elf\esp-2022r1-11.2.0\xtensa-esp32-elf\xtensa-esp32-elf\sys-include\stdlib.h:19,
                 from C:/Espressif/frameworks/esp-idf-v5.0/components/newlib/platform_include/assert.h:13,
                 from c:\espressif\tools\xtensa-esp32-elf\esp-2022r1-11.2.0\xtensa-esp32-elf\xtensa-esp32-elf\sys-include\sys\reent.h:503,
                 from C:/Espressif/frameworks/esp-idf-v5.0/components/newlib/platform_include/sys/reent.h:9,
                 from c:\espressif\tools\xtensa-esp32-elf\esp-2022r1-11.2.0\xtensa-esp32-elf\xtensa-esp32-elf\sys-include\string.h:11,
                 from C:/Users/kien/Downloads/esp32/update_ota_stm32/common/ota_command/bootloader_command.c:3:
c:\espressif\tools\xtensa-esp32-elf\esp-2022r1-11.2.0\xtensa-esp32-elf\xtensa-esp32-elf\sys-include\sys\select.h:76:12: error: expected declaration specifiers or '...' before 'fd_set'
   76 | int select __P ((int __n, fd_set *__readfds, fd_set *__writefds,
      |            ^~~
c:\espressif\tools\xtensa-esp32-elf\esp-2022r1-11.2.0\xtensa-esp32-elf\xtensa-esp32-elf\sys-include\sys\select.h:76:12: error: expected declaration specifiers or '...' before 'fd_set'
   76 | int select __P ((int __n, fd_set *__readfds, fd_set *__writefds,
      |            ^~~
c:\espressif\tools\xtensa-esp32-elf\esp-2022r1-11.2.0\xtensa-esp32-elf\xtensa-esp32-elf\sys-include\sys\select.h:76:12: error: expected declaration specifiers or '...' before 'fd_set'
   76 | int select __P ((int __n, fd_set *__readfds, fd_set *__writefds,
      |            ^~~
c:\espressif\tools\xtensa-esp32-elf\esp-2022r1-11.2.0\xtensa-esp32-elf\xtensa-esp32-elf\sys-include\sys\select.h:79:13: error: expected declaration specifiers or '...' before 'fd_set'
   79 | int pselect __P ((int __n, fd_set *__readfds, fd_set *__writefds,
      |             ^~~
c:\espressif\tools\xtensa-esp32-elf\esp-2022r1-11.2.0\xtensa-esp32-elf\xtensa-esp32-elf\sys-include\sys\select.h:79:13: error: expected declaration specifiers or '...' before 'fd_set'
   79 | int pselect __P ((int __n, fd_set *__readfds, fd_set *__writefds,
      |             ^~~
c:\espressif\tools\xtensa-esp32-elf\esp-2022r1-11.2.0\xtensa-esp32-elf\xtensa-esp32-elf\sys-include\sys\select.h:79:13: error: expected declaration specifiers or '...' before 'fd_set'
   79 | int pselect __P ((int __n, fd_set *__readfds, fd_set *__writefds,
      |             ^~~
c:\espressif\tools\xtensa-esp32-elf\esp-2022r1-11.2.0\xtensa-esp32-elf\xtensa-esp32-elf\sys-include\sys\select.h:79:13: error: unknown type name 'sigset_t'
   79 | int pselect __P ((int __n, fd_set *__readfds, fd_set *__writefds,
      |             ^~~
In file included from c:\espressif\tools\xtensa-esp32-elf\esp-2022r1-11.2.0\xtensa-esp32-elf\xtensa-esp32-elf\sys-include\stdio.h:61,
                 from C:/Users/kien/Downloads/esp32/update_ota_stm32/common/ota_command/convert_file_hex.c:1,
                 from C:/Users/kien/Downloads/esp32/update_ota_stm32/common/ota_command/bootloader_command.c:4:
c:\espressif\tools\xtensa-esp32-elf\esp-2022r1-11.2.0\xtensa-esp32-elf\xtensa-esp32-elf\sys-include\sys\types.h:55:25: error: storage class specified for parameter 'in_addr_t'
   55 | typedef __uint32_t      in_addr_t;      /* base type for internet address */
      |                         ^~~~~~~~~
c:\espressif\tools\xtensa-esp32-elf\esp-2022r1-11.2.0\xtensa-esp32-elf\xtensa-esp32-elf\sys-include\sys\types.h:60:25: error: storage class specified for parameter 'in_port_t'
   60 | typedef __uint16_t      in_port_t;
      |                         ^~~~~~~~~
c:\espressif\tools\xtensa-esp32-elf\esp-2022r1-11.2.0\xtensa-esp32-elf\xtensa-esp32-elf\sys-include\sys\types.h:64:25: error: storage class specified for parameter 'u_register_t'
   64 | typedef __uintptr_t     u_register_t;
      |                         ^~~~~~~~~~~~
c:\espressif\tools\xtensa-esp32-elf\esp-2022r1-11.2.0\xtensa-esp32-elf\xtensa-esp32-elf\sys-include\sys\types.h:71:25: error: storage class specified for parameter 'u_char'
   71 | typedef unsigned char   u_char;
      |                         ^~~~~~
c:\espressif\tools\xtensa-esp32-elf\esp-2022r1-11.2.0\xtensa-esp32-elf\xtensa-esp32-elf\sys-include\sys\types.h:75:25: error: storage class specified for parameter 'u_short'
   75 | typedef unsigned short  u_short;
      |                         ^~~~~~~
c:\espressif\tools\xtensa-esp32-elf\esp-2022r1-11.2.0\xtensa-esp32-elf\xtensa-esp32-elf\sys-include\sys\types.h:79:25: error: storage class specified for parameter 'u_int'
   79 | typedef unsigned int    u_int;
      |                         ^~~~~
c:\espressif\tools\xtensa-esp32-elf\esp-2022r1-11.2.0\xtensa-esp32-elf\xtensa-esp32-elf\sys-include\sys\types.h:83:25: error: storage class specified for parameter 'u_long'
   83 | typedef unsigned long   u_long;
      |                         ^~~~~~
c:\espressif\tools\xtensa-esp32-elf\esp-2022r1-11.2.0\xtensa-esp32-elf\xtensa-esp32-elf\sys-include\sys\types.h:91:25: error: storage class specified for parameter 'ushort'
   91 | typedef unsigned short  ushort;         /* System V compatibility */
      |                         ^~~~~~
c:\espressif\tools\xtensa-esp32-elf\esp-2022r1-11.2.0\xtensa-esp32-elf\xtensa-esp32-elf\sys-include\sys\types.h:92:25: error: storage class specified for parameter 'uint'
   92 | typedef unsigned int    uint;           /* System V compatibility */
      |                         ^~~~
c:\espressif\tools\xtensa-esp32-elf\esp-2022r1-11.2.0\xtensa-esp32-elf\xtensa-esp32-elf\sys-include\sys\types.h:93:25: error: storage class specified for parameter 'ulong'
   93 | typedef unsigned long   ulong;          /* System V compatibility */
      |                         ^~~~~
c:\espressif\tools\xtensa-esp32-elf\esp-2022r1-11.2.0\xtensa-esp32-elf\xtensa-esp32-elf\sys-include\sys\types.h:97:25: error: expected '=', ',', ';', 'asm' or '__attribute__' before 'blkcnt_t'
   97 | typedef __blkcnt_t      blkcnt_t;
      |                         ^~~~~~~~
c:\espressif\tools\xtensa-esp32-elf\esp-2022r1-11.2.0\xtensa-esp32-elf\xtensa-esp32-elf\sys-include\sys\types.h:102:25: error: expected '=', ',', ';', 'asm' or '__attribute__' before 'blksize_t'
  102 | typedef __blksize_t     blksize_t;
      |                         ^~~~~~~~~
c:\espressif\tools\xtensa-esp32-elf\esp-2022r1-11.2.0\xtensa-esp32-elf\xtensa-esp32-elf\sys-include\sys\types.h:107:25: error: storage class specified for parameter 'clock_t'
  107 | typedef _CLOCK_T_       clock_t;
      |                         ^~~~~~~
c:\espressif\tools\xtensa-esp32-elf\esp-2022r1-11.2.0\xtensa-esp32-elf\xtensa-esp32-elf\sys-include\sys\types.h:119:17: error: storage class specified for parameter 'daddr_t'
  119 | typedef long    daddr_t;
      |                 ^~~~~~~
c:\espressif\tools\xtensa-esp32-elf\esp-2022r1-11.2.0\xtensa-esp32-elf\xtensa-esp32-elf\sys-include\sys\types.h:123:17: error: storage class specified for parameter 'caddr_t'
  123 | typedef char *  caddr_t;
      |                 ^~~~~~~
c:\espressif\tools\xtensa-esp32-elf\esp-2022r1-11.2.0\xtensa-esp32-elf\xtensa-esp32-elf\sys-include\sys\types.h:128:25: error: expected '=', ',', ';', 'asm' or '__attribute__' before 'fsblkcnt_t'
  128 | typedef __fsblkcnt_t    fsblkcnt_t;
      |                         ^~~~~~~~~~
c:\espressif\tools\xtensa-esp32-elf\esp-2022r1-11.2.0\xtensa-esp32-elf\xtensa-esp32-elf\sys-include\sys\types.h:129:25: error: expected '=', ',', ';', 'asm' or '__attribute__' before 'fsfilcnt_t'
  129 | typedef __fsfilcnt_t    fsfilcnt_t;
      |                         ^~~~~~~~~~
c:\espressif\tools\xtensa-esp32-elf\esp-2022r1-11.2.0\xtensa-esp32-elf\xtensa-esp32-elf\sys-include\sys\types.h:134:25: error: expected '=', ',', ';', 'asm' or '__attribute__' before 'id_t'
  134 | typedef __id_t          id_t;           /* can hold a uid_t or pid_t */
      |                         ^~~~
c:\espressif\tools\xtensa-esp32-elf\esp-2022r1-11.2.0\xtensa-esp32-elf\xtensa-esp32-elf\sys-include\sys\types.h:139:25: error: expected '=', ',', ';', 'asm' or '__attribute__' before 'ino_t'
  139 | typedef __ino_t         ino_t;          /* inode number */
      |                         ^~~~~
c:\espressif\tools\xtensa-esp32-elf\esp-2022r1-11.2.0\xtensa-esp32-elf\xtensa-esp32-elf\sys-include\sys\types.h:157:9: error: unknown type name '__off_t'
  157 | typedef __off_t         off_t;          /* file offset */
      |         ^~~~~~~
c:\espressif\tools\xtensa-esp32-elf\esp-2022r1-11.2.0\xtensa-esp32-elf\xtensa-esp32-elf\sys-include\sys\types.h:157:25: error: storage class specified for parameter 'off_t'
  157 | typedef __off_t         off_t;          /* file offset */
      |                         ^~~~~
c:\espressif\tools\xtensa-esp32-elf\esp-2022r1-11.2.0\xtensa-esp32-elf\xtensa-esp32-elf\sys-include\sys\types.h:161:25: error: expected '=', ',', ';', 'asm' or '__attribute__' before 'dev_t'
  161 | typedef __dev_t         dev_t;          /* device number or struct cdev */
      |                         ^~~~~
c:\espressif\tools\xtensa-esp32-elf\esp-2022r1-11.2.0\xtensa-esp32-elf\xtensa-esp32-elf\sys-include\sys\types.h:165:25: error: expected '=', ',', ';', 'asm' or '__attribute__' before 'uid_t'
  165 | typedef __uid_t         uid_t;          /* user id */
      |                         ^~~~~
c:\espressif\tools\xtensa-esp32-elf\esp-2022r1-11.2.0\xtensa-esp32-elf\xtensa-esp32-elf\sys-include\sys\types.h:169:25: error: expected '=', ',', ';', 'asm' or '__attribute__' before 'gid_t'
  169 | typedef __gid_t         gid_t;          /* group id */
      |                         ^~~~~
c:\espressif\tools\xtensa-esp32-elf\esp-2022r1-11.2.0\xtensa-esp32-elf\xtensa-esp32-elf\sys-include\sys\types.h:174:25: error: expected '=', ',', ';', 'asm' or '__attribute__' before 'pid_t'
  174 | typedef __pid_t         pid_t;          /* process id */
      |                         ^~~~~
c:\espressif\tools\xtensa-esp32-elf\esp-2022r1-11.2.0\xtensa-esp32-elf\xtensa-esp32-elf\sys-include\sys\types.h:179:25: error: expected '=', ',', ';', 'asm' or '__attribute__' before 'key_t'
  179 | typedef __key_t         key_t;          /* IPC key */
      |                         ^~~~~
c:\espressif\tools\xtensa-esp32-elf\esp-2022r1-11.2.0\xtensa-esp32-elf\xtensa-esp32-elf\sys-include\sys\types.h:184:18: error: expected '=', ',', ';', 'asm' or '__attribute__' before 'ssize_t'
  184 | typedef _ssize_t ssize_t;
      |                  ^~~~~~~
c:\espressif\tools\xtensa-esp32-elf\esp-2022r1-11.2.0\xtensa-esp32-elf\xtensa-esp32-elf\sys-include\sys\types.h:189:25: error: expected '=', ',', ';', 'asm' or '__attribute__' before 'mode_t'
  189 | typedef __mode_t        mode_t;         /* permissions */
      |                         ^~~~~~
c:\espressif\tools\xtensa-esp32-elf\esp-2022r1-11.2.0\xtensa-esp32-elf\xtensa-esp32-elf\sys-include\sys\types.h:194:25: error: expected '=', ',', ';', 'asm' or '__attribute__' before 'nlink_t'
  194 | typedef __nlink_t       nlink_t;        /* link count */
      |                         ^~~~~~~
c:\espressif\tools\xtensa-esp32-elf\esp-2022r1-11.2.0\xtensa-esp32-elf\xtensa-esp32-elf\sys-include\sys\types.h:199:25: error: expected '=', ',', ';', 'asm' or '__attribute__' before 'clockid_t'
  199 | typedef __clockid_t     clockid_t;
      |                         ^~~~~~~~~
c:\espressif\tools\xtensa-esp32-elf\esp-2022r1-11.2.0\xtensa-esp32-elf\xtensa-esp32-elf\sys-include\sys\types.h:205:25: error: expected '=', ',', ';', 'asm' or '__attribute__' before 'timer_t'
  205 | typedef __timer_t       timer_t;
      |                         ^~~~~~~
c:\espressif\tools\xtensa-esp32-elf\esp-2022r1-11.2.0\xtensa-esp32-elf\xtensa-esp32-elf\sys-include\sys\types.h:211:25: error: expected '=', ',', ';', 'asm' or '__attribute__' before 'useconds_t'
  211 | typedef __useconds_t    useconds_t;     /* microseconds (unsigned) */
      |                         ^~~~~~~~~~
c:\espressif\tools\xtensa-esp32-elf\esp-2022r1-11.2.0\xtensa-esp32-elf\xtensa-esp32-elf\sys-include\sys\types.h:220:25: error: storage class specified for parameter 'sbintime_t'
  220 | typedef __int64_t       sbintime_t;
      |                         ^~~~~~~~~~
In file included from c:\espressif\tools\xtensa-esp32-elf\esp-2022r1-11.2.0\xtensa-esp32-elf\xtensa-esp32-elf\sys-include\sys\types.h:223,
                 from c:\espressif\tools\xtensa-esp32-elf\esp-2022r1-11.2.0\xtensa-esp32-elf\xtensa-esp32-elf\sys-include\stdio.h:61,
                 from C:/Users/kien/Downloads/esp32/update_ota_stm32/common/ota_command/convert_file_hex.c:1,
                 from C:/Users/kien/Downloads/esp32/update_ota_stm32/common/ota_command/bootloader_command.c:4:
c:\espressif\tools\xtensa-esp32-elf\esp-2022r1-11.2.0\xtensa-esp32-elf\xtensa-esp32-elf\sys-include\sys\_pthreadtypes.h:32:20: error: storage class specified for parameter 'pthread_t'
   32 | typedef __uint32_t pthread_t;            /* identify a thread */
      |                    ^~~~~~~~~
c:\espressif\tools\xtensa-esp32-elf\esp-2022r1-11.2.0\xtensa-esp32-elf\xtensa-esp32-elf\sys-include\sys\_pthreadtypes.h:75:3: error: storage class specified for parameter 'pthread_attr_t'
   75 | } pthread_attr_t;
      |   ^~~~~~~~~~~~~~
c:\espressif\tools\xtensa-esp32-elf\esp-2022r1-11.2.0\xtensa-esp32-elf\xtensa-esp32-elf\sys-include\sys\_pthreadtypes.h:154:20: error: storage class specified for parameter 'pthread_mutex_t'
  154 | typedef __uint32_t pthread_mutex_t;      /* identify a mutex */
      |                    ^~~~~~~~~~~~~~~
c:\espressif\tools\xtensa-esp32-elf\esp-2022r1-11.2.0\xtensa-esp32-elf\xtensa-esp32-elf\sys-include\sys\_pthreadtypes.h:169:3: error: storage class specified for parameter 'pthread_mutexattr_t'
  169 | } pthread_mutexattr_t;
      |   ^~~~~~~~~~~~~~~~~~~
c:\espressif\tools\xtensa-esp32-elf\esp-2022r1-11.2.0\xtensa-esp32-elf\xtensa-esp32-elf\sys-include\sys\_pthreadtypes.h:176:20: error: storage class specified for parameter 'pthread_cond_t'
  176 | typedef __uint32_t pthread_cond_t;       /* identify a condition variable */
      |                    ^~~~~~~~~~~~~~
c:\espressif\tools\xtensa-esp32-elf\esp-2022r1-11.2.0\xtensa-esp32-elf\xtensa-esp32-elf\sys-include\sys\_pthreadtypes.h:182:3: error: expected specifier-qualifier-list before 'clock_t'
  182 |   clock_t  clock;             /* specifiy clock for timeouts */
      |   ^~~~~~~
c:\espressif\tools\xtensa-esp32-elf\esp-2022r1-11.2.0\xtensa-esp32-elf\xtensa-esp32-elf\sys-include\sys\_pthreadtypes.h:186:3: error: storage class specified for parameter 'pthread_condattr_t'
  186 | } pthread_condattr_t;         /* a condition attribute object */
      |   ^~~~~~~~~~~~~~~~~~
c:\espressif\tools\xtensa-esp32-elf\esp-2022r1-11.2.0\xtensa-esp32-elf\xtensa-esp32-elf\sys-include\sys\_pthreadtypes.h:190:20: error: storage class specified for parameter 'pthread_key_t'
  190 | typedef __uint32_t pthread_key_t;        /* thread-specific data keys */
      |                    ^~~~~~~~~~~~~
c:\espressif\tools\xtensa-esp32-elf\esp-2022r1-11.2.0\xtensa-esp32-elf\xtensa-esp32-elf\sys-include\sys\_pthreadtypes.h:195:3: error: storage class specified for parameter 'pthread_once_t'
  195 | } pthread_once_t;       /* dynamic package initialization */
      |   ^~~~~~~~~~~~~~
c:\espressif\tools\xtensa-esp32-elf\esp-2022r1-11.2.0\xtensa-esp32-elf\xtensa-esp32-elf\sys-include\sys\_pthreadtypes.h:221:20: error: storage class specified for parameter 'pthread_rwlock_t'
  221 | typedef __uint32_t pthread_rwlock_t;         /* POSIX RWLock Object */
      |                    ^~~~~~~~~~~~~~~~
c:\espressif\tools\xtensa-esp32-elf\esp-2022r1-11.2.0\xtensa-esp32-elf\xtensa-esp32-elf\sys-include\sys\_pthreadtypes.h:230:3: error: storage class specified for parameter 'pthread_rwlockattr_t'
  230 | } pthread_rwlockattr_t;
      |   ^~~~~~~~~~~~~~~~~~~~
In file included from C:/Users/kien/Downloads/esp32/update_ota_stm32/common/ota_command/convert_file_hex.c:1,
                 from C:/Users/kien/Downloads/esp32/update_ota_stm32/common/ota_command/bootloader_command.c:4:
c:\espressif\tools\xtensa-esp32-elf\esp-2022r1-11.2.0\xtensa-esp32-elf\xtensa-esp32-elf\sys-include\stdio.h:66:16: error: expected '=', ',', ';', 'asm' or '__attribute__' before 'FILE'
   66 | typedef __FILE FILE;
      |                ^~~~
c:\espressif\tools\xtensa-esp32-elf\esp-2022r1-11.2.0\xtensa-esp32-elf\xtensa-esp32-elf\sys-include\stdio.h:73:17: error: expected '=', ',', ';', 'asm' or '__attribute__' before 'fpos_t'
   73 | typedef _fpos_t fpos_t;
      |                 ^~~~~~
In file included from C:/Users/kien/Downloads/esp32/update_ota_stm32/common/ota_command/convert_file_hex.c:1,
                 from C:/Users/kien/Downloads/esp32/update_ota_stm32/common/ota_command/bootloader_command.c:4:
c:\espressif\tools\xtensa-esp32-elf\esp-2022r1-11.2.0\xtensa-esp32-elf\xtensa-esp32-elf\sys-include\stdio.h:186:1: error: unknown type name 'FILE'
  186 | FILE *  tmpfile (void);
      | ^~~~
c:\espressif\tools\xtensa-esp32-elf\esp-2022r1-11.2.0\xtensa-esp32-elf\xtensa-esp32-elf\sys-include\stdio.h:80:1: note: 'FILE' is defined in header '<stdio.h>'; did you forget to '#include <stdio.h>'?
   79 | #include <sys/stdio.h>
  +++ |+#include <stdio.h>
   80 | 
c:\espressif\tools\xtensa-esp32-elf\esp-2022r1-11.2.0\xtensa-esp32-elf\xtensa-esp32-elf\sys-include\stdio.h:191:17: error: unknown type name 'FILE'
  191 | int     fclose (FILE *);
      |                 ^~~~
c:\espressif\tools\xtensa-esp32-elf\esp-2022r1-11.2.0\xtensa-esp32-elf\xtensa-esp32-elf\sys-include\stdio.h:191:17: note: 'FILE' is defined in header '<stdio.h>'; did you forget to '#include <stdio.h>'?
c:\espressif\tools\xtensa-esp32-elf\esp-2022r1-11.2.0\xtensa-esp32-elf\xtensa-esp32-elf\sys-include\stdio.h:192:17: error: unknown type name 'FILE'
  192 | int     fflush (FILE *);
      |                 ^~~~
c:\espressif\tools\xtensa-esp32-elf\esp-2022r1-11.2.0\xtensa-esp32-elf\xtensa-esp32-elf\sys-include\stdio.h:192:17: note: 'FILE' is defined in header '<stdio.h>'; did you forget to '#include <stdio.h>'?
c:\espressif\tools\xtensa-esp32-elf\esp-2022r1-11.2.0\xtensa-esp32-elf\xtensa-esp32-elf\sys-include\stdio.h:193:1: error: unknown type name 'FILE'
  193 | FILE *  freopen (const char *__restrict, const char *__restrict, FILE *__restrict);
      | ^~~~
c:\espressif\tools\xtensa-esp32-elf\esp-2022r1-11.2.0\xtensa-esp32-elf\xtensa-esp32-elf\sys-include\stdio.h:193:1: note: 'FILE' is defined in header '<stdio.h>'; did you forget to '#include <stdio.h>'?
c:\espressif\tools\xtensa-esp32-elf\esp-2022r1-11.2.0\xtensa-esp32-elf\xtensa-esp32-elf\sys-include\stdio.h:193:66: error: unknown type name 'FILE'
  193 | FILE *  freopen (const char *__restrict, const char *__restrict, FILE *__restrict);
      |                                                                  ^~~~
c:\espressif\tools\xtensa-esp32-elf\esp-2022r1-11.2.0\xtensa-esp32-elf\xtensa-esp32-elf\sys-include\stdio.h:193:66: note: 'FILE' is defined in header '<stdio.h>'; did you forget to '#include <stdio.h>'?
c:\espressif\tools\xtensa-esp32-elf\esp-2022r1-11.2.0\xtensa-esp32-elf\xtensa-esp32-elf\sys-include\stdio.h:194:17: error: unknown type name 'FILE'
  194 | void    setbuf (FILE *__restrict, char *__restrict);
      |                 ^~~~
c:\espressif\tools\xtensa-esp32-elf\esp-2022r1-11.2.0\xtensa-esp32-elf\xtensa-esp32-elf\sys-include\stdio.h:194:17: note: 'FILE' is defined in header '<stdio.h>'; did you forget to '#include <stdio.h>'?
c:\espressif\tools\xtensa-esp32-elf\esp-2022r1-11.2.0\xtensa-esp32-elf\xtensa-esp32-elf\sys-include\stdio.h:195:18: error: unknown type name 'FILE'
  195 | int     setvbuf (FILE *__restrict, char *__restrict, int, size_t);
      |                  ^~~~
c:\espressif\tools\xtensa-esp32-elf\esp-2022r1-11.2.0\xtensa-esp32-elf\xtensa-esp32-elf\sys-include\stdio.h:195:18: note: 'FILE' is defined in header '<stdio.h>'; did you forget to '#include <stdio.h>'?
c:\espressif\tools\xtensa-esp32-elf\esp-2022r1-11.2.0\xtensa-esp32-elf\xtensa-esp32-elf\sys-include\stdio.h:195:59: error: expected declaration specifiers or '...' before 'size_t'
  195 | int     setvbuf (FILE *__restrict, char *__restrict, int, size_t);
      |                                                           ^~~~~~
c:\espressif\tools\xtensa-esp32-elf\esp-2022r1-11.2.0\xtensa-esp32-elf\xtensa-esp32-elf\sys-include\stdio.h:196:18: error: unknown type name 'FILE'
  196 | int     fprintf (FILE *__restrict, const char *__restrict, ...)
      |                  ^~~~
c:\espressif\tools\xtensa-esp32-elf\esp-2022r1-11.2.0\xtensa-esp32-elf\xtensa-esp32-elf\sys-include\stdio.h:196:18: note: 'FILE' is defined in header '<stdio.h>'; did you forget to '#include <stdio.h>'?
c:\espressif\tools\xtensa-esp32-elf\esp-2022r1-11.2.0\xtensa-esp32-elf\xtensa-esp32-elf\sys-include\stdio.h:198:17: error: unknown type name 'FILE'
  198 | int     fscanf (FILE *__restrict, const char *__restrict, ...)
      |                 ^~~~
c:\espressif\tools\xtensa-esp32-elf\esp-2022r1-11.2.0\xtensa-esp32-elf\xtensa-esp32-elf\sys-include\stdio.h:198:17: note: 'FILE' is defined in header '<stdio.h>'; did you forget to '#include <stdio.h>'?
c:\espressif\tools\xtensa-esp32-elf\esp-2022r1-11.2.0\xtensa-esp32-elf\xtensa-esp32-elf\sys-include\stdio.h:206:19: error: unknown type name 'FILE'
  206 | int     vfprintf (FILE *__restrict, const char *__restrict, __VALIST)
      |                   ^~~~
c:\espressif\tools\xtensa-esp32-elf\esp-2022r1-11.2.0\xtensa-esp32-elf\xtensa-esp32-elf\sys-include\stdio.h:206:19: note: 'FILE' is defined in header '<stdio.h>'; did you forget to '#include <stdio.h>'?
c:\espressif\tools\xtensa-esp32-elf\esp-2022r1-11.2.0\xtensa-esp32-elf\xtensa-esp32-elf\sys-include\stdio.h:206:61: error: expected declaration specifiers or '...' before '__gnuc_va_list'
  206 | int     vfprintf (FILE *__restrict, const char *__restrict, __VALIST)
      |                                                             ^~~~~~~~
c:\espressif\tools\xtensa-esp32-elf\esp-2022r1-11.2.0\xtensa-esp32-elf\xtensa-esp32-elf\sys-include\stdio.h:208:32: error: expected declaration specifiers or '...' before '__gnuc_va_list'
  208 | int     vprintf (const char *, __VALIST)
      |                                ^~~~~~~~
c:\espressif\tools\xtensa-esp32-elf\esp-2022r1-11.2.0\xtensa-esp32-elf\xtensa-esp32-elf\sys-include\stdio.h:210:61: error: expected declaration specifiers or '...' before '__gnuc_va_list'
  210 | int     vsprintf (char *__restrict, const char *__restrict, __VALIST)
      |                                                             ^~~~~~~~
c:\espressif\tools\xtensa-esp32-elf\esp-2022r1-11.2.0\xtensa-esp32-elf\xtensa-esp32-elf\sys-include\stdio.h:212:16: error: unknown type name 'FILE'
  212 | int     fgetc (FILE *);
      |                ^~~~
c:\espressif\tools\xtensa-esp32-elf\esp-2022r1-11.2.0\xtensa-esp32-elf\xtensa-esp32-elf\sys-include\stdio.h:212:16: note: 'FILE' is defined in header '<stdio.h>'; did you forget to '#include <stdio.h>'?
c:\espressif\tools\xtensa-esp32-elf\esp-2022r1-11.2.0\xtensa-esp32-elf\xtensa-esp32-elf\sys-include\stdio.h:213:39: error: unknown type name 'FILE'
  213 | char *  fgets (char *__restrict, int, FILE *__restrict);
      |                                       ^~~~
c:\espressif\tools\xtensa-esp32-elf\esp-2022r1-11.2.0\xtensa-esp32-elf\xtensa-esp32-elf\sys-include\stdio.h:213:39: note: 'FILE' is defined in header '<stdio.h>'; did you forget to '#include <stdio.h>'?
c:\espressif\tools\xtensa-esp32-elf\esp-2022r1-11.2.0\xtensa-esp32-elf\xtensa-esp32-elf\sys-include\stdio.h:214:21: error: unknown type name 'FILE'
  214 | int     fputc (int, FILE *);
      |                     ^~~~
c:\espressif\tools\xtensa-esp32-elf\esp-2022r1-11.2.0\xtensa-esp32-elf\xtensa-esp32-elf\sys-include\stdio.h:214:21: note: 'FILE' is defined in header '<stdio.h>'; did you forget to '#include <stdio.h>'?
c:\espressif\tools\xtensa-esp32-elf\esp-2022r1-11.2.0\xtensa-esp32-elf\xtensa-esp32-elf\sys-include\stdio.h:215:40: error: unknown type name 'FILE'
  215 | int     fputs (const char *__restrict, FILE *__restrict);
      |                                        ^~~~
c:\espressif\tools\xtensa-esp32-elf\esp-2022r1-11.2.0\xtensa-esp32-elf\xtensa-esp32-elf\sys-include\stdio.h:215:40: note: 'FILE' is defined in header '<stdio.h>'; did you forget to '#include <stdio.h>'?
c:\espressif\tools\xtensa-esp32-elf\esp-2022r1-11.2.0\xtensa-esp32-elf\xtensa-esp32-elf\sys-include\stdio.h:216:15: error: unknown type name 'FILE'
  216 | int     getc (FILE *);
      |               ^~~~
c:\espressif\tools\xtensa-esp32-elf\esp-2022r1-11.2.0\xtensa-esp32-elf\xtensa-esp32-elf\sys-include\stdio.h:216:15: note: 'FILE' is defined in header '<stdio.h>'; did you forget to '#include <stdio.h>'?
c:\espressif\tools\xtensa-esp32-elf\esp-2022r1-11.2.0\xtensa-esp32-elf\xtensa-esp32-elf\sys-include\stdio.h:219:20: error: unknown type name 'FILE'
  219 | int     putc (int, FILE *);
      |                    ^~~~
c:\espressif\tools\xtensa-esp32-elf\esp-2022r1-11.2.0\xtensa-esp32-elf\xtensa-esp32-elf\sys-include\stdio.h:219:20: note: 'FILE' is defined in header '<stdio.h>'; did you forget to '#include <stdio.h>'?
c:\espressif\tools\xtensa-esp32-elf\esp-2022r1-11.2.0\xtensa-esp32-elf\xtensa-esp32-elf\sys-include\stdio.h:222:22: error: unknown type name 'FILE'
  222 | int     ungetc (int, FILE *);
      |                      ^~~~
c:\espressif\tools\xtensa-esp32-elf\esp-2022r1-11.2.0\xtensa-esp32-elf\xtensa-esp32-elf\sys-include\stdio.h:222:22: note: 'FILE' is defined in header '<stdio.h>'; did you forget to '#include <stdio.h>'?
c:\espressif\tools\xtensa-esp32-elf\esp-2022r1-11.2.0\xtensa-esp32-elf\xtensa-esp32-elf\sys-include\stdio.h:223:1: error: expected declaration specifiers before 'size_t'
  223 | size_t  fread (void *__restrict, size_t _size, size_t _n, FILE *__restrict);
      | ^~~~~~
c:\espressif\tools\xtensa-esp32-elf\esp-2022r1-11.2.0\xtensa-esp32-elf\xtensa-esp32-elf\sys-include\stdio.h:224:1: error: expected declaration specifiers before 'size_t'
  224 | size_t  fwrite (const void *__restrict , size_t _size, size_t _n, FILE *);
      | ^~~~~~
c:\espressif\tools\xtensa-esp32-elf\esp-2022r1-11.2.0\xtensa-esp32-elf\xtensa-esp32-elf\sys-include\stdio.h:228:18: error: unknown type name 'FILE'
  228 | int     fgetpos (FILE *__restrict, fpos_t *__restrict);
      |                  ^~~~
c:\espressif\tools\xtensa-esp32-elf\esp-2022r1-11.2.0\xtensa-esp32-elf\xtensa-esp32-elf\sys-include\stdio.h:228:18: note: 'FILE' is defined in header '<stdio.h>'; did you forget to '#include <stdio.h>'?
c:\espressif\tools\xtensa-esp32-elf\esp-2022r1-11.2.0\xtensa-esp32-elf\xtensa-esp32-elf\sys-include\stdio.h:228:36: error: unknown type name 'fpos_t'
  228 | int     fgetpos (FILE *__restrict, fpos_t *__restrict);
      |                                    ^~~~~~
c:\espressif\tools\xtensa-esp32-elf\esp-2022r1-11.2.0\xtensa-esp32-elf\xtensa-esp32-elf\sys-include\stdio.h:228:36: note: 'fpos_t' is defined in header '<stdio.h>'; did you forget to '#include <stdio.h>'?
c:\espressif\tools\xtensa-esp32-elf\esp-2022r1-11.2.0\xtensa-esp32-elf\xtensa-esp32-elf\sys-include\stdio.h:230:16: error: unknown type name 'FILE'
  230 | int     fseek (FILE *, long, int);
      |                ^~~~
c:\espressif\tools\xtensa-esp32-elf\esp-2022r1-11.2.0\xtensa-esp32-elf\xtensa-esp32-elf\sys-include\stdio.h:230:16: note: 'FILE' is defined in header '<stdio.h>'; did you forget to '#include <stdio.h>'?
c:\espressif\tools\xtensa-esp32-elf\esp-2022r1-11.2.0\xtensa-esp32-elf\xtensa-esp32-elf\sys-include\stdio.h:234:18: error: unknown type name 'FILE'
  234 | int     fsetpos (FILE *, const fpos_t *);
      |                  ^~~~
c:\espressif\tools\xtensa-esp32-elf\esp-2022r1-11.2.0\xtensa-esp32-elf\xtensa-esp32-elf\sys-include\stdio.h:234:18: note: 'FILE' is defined in header '<stdio.h>'; did you forget to '#include <stdio.h>'?
c:\espressif\tools\xtensa-esp32-elf\esp-2022r1-11.2.0\xtensa-esp32-elf\xtensa-esp32-elf\sys-include\stdio.h:234:32: error: unknown type name 'fpos_t'
  234 | int     fsetpos (FILE *, const fpos_t *);
      |                                ^~~~~~
c:\espressif\tools\xtensa-esp32-elf\esp-2022r1-11.2.0\xtensa-esp32-elf\xtensa-esp32-elf\sys-include\stdio.h:236:17: error: unknown type name 'FILE'
  236 | long    ftell ( FILE *);
      |                 ^~~~
c:\espressif\tools\xtensa-esp32-elf\esp-2022r1-11.2.0\xtensa-esp32-elf\xtensa-esp32-elf\sys-include\stdio.h:236:17: note: 'FILE' is defined in header '<stdio.h>'; did you forget to '#include <stdio.h>'?
c:\espressif\tools\xtensa-esp32-elf\esp-2022r1-11.2.0\xtensa-esp32-elf\xtensa-esp32-elf\sys-include\stdio.h:237:17: error: unknown type name 'FILE'
  237 | void    rewind (FILE *);
      |                 ^~~~
c:\espressif\tools\xtensa-esp32-elf\esp-2022r1-11.2.0\xtensa-esp32-elf\xtensa-esp32-elf\sys-include\stdio.h:237:17: note: 'FILE' is defined in header '<stdio.h>'; did you forget to '#include <stdio.h>'?
c:\espressif\tools\xtensa-esp32-elf\esp-2022r1-11.2.0\xtensa-esp32-elf\xtensa-esp32-elf\sys-include\stdio.h:238:19: error: unknown type name 'FILE'
  238 | void    clearerr (FILE *);
      |                   ^~~~
c:\espressif\tools\xtensa-esp32-elf\esp-2022r1-11.2.0\xtensa-esp32-elf\xtensa-esp32-elf\sys-include\stdio.h:238:19: note: 'FILE' is defined in header '<stdio.h>'; did you forget to '#include <stdio.h>'?
c:\espressif\tools\xtensa-esp32-elf\esp-2022r1-11.2.0\xtensa-esp32-elf\xtensa-esp32-elf\sys-include\stdio.h:239:15: error: unknown type name 'FILE'
  239 | int     feof (FILE *);
      |               ^~~~
c:\espressif\tools\xtensa-esp32-elf\esp-2022r1-11.2.0\xtensa-esp32-elf\xtensa-esp32-elf\sys-include\stdio.h:239:15: note: 'FILE' is defined in header '<stdio.h>'; did you forget to '#include <stdio.h>'?
c:\espressif\tools\xtensa-esp32-elf\esp-2022r1-11.2.0\xtensa-esp32-elf\xtensa-esp32-elf\sys-include\stdio.h:240:17: error: unknown type name 'FILE'
  240 | int     ferror (FILE *);
      |                 ^~~~
c:\espressif\tools\xtensa-esp32-elf\esp-2022r1-11.2.0\xtensa-esp32-elf\xtensa-esp32-elf\sys-include\stdio.h:240:17: note: 'FILE' is defined in header '<stdio.h>'; did you forget to '#include <stdio.h>'?
c:\espressif\tools\xtensa-esp32-elf\esp-2022r1-11.2.0\xtensa-esp32-elf\xtensa-esp32-elf\sys-include\stdio.h:243:1: error: unknown type name 'FILE'
  243 | FILE *  fopen (const char *__restrict _name, const char *__restrict _type);
      | ^~~~
c:\espressif\tools\xtensa-esp32-elf\esp-2022r1-11.2.0\xtensa-esp32-elf\xtensa-esp32-elf\sys-include\stdio.h:243:1: note: 'FILE' is defined in header '<stdio.h>'; did you forget to '#include <stdio.h>'?
c:\espressif\tools\xtensa-esp32-elf\esp-2022r1-11.2.0\xtensa-esp32-elf\xtensa-esp32-elf\sys-include\stdio.h:257:17: error: unknown type name 'FILE'
  257 | int     fseeko (FILE *, off_t, int);
      |                 ^~~~
c:\espressif\tools\xtensa-esp32-elf\esp-2022r1-11.2.0\xtensa-esp32-elf\xtensa-esp32-elf\sys-include\stdio.h:257:17: note: 'FILE' is defined in header '<stdio.h>'; did you forget to '#include <stdio.h>'?
c:\espressif\tools\xtensa-esp32-elf\esp-2022r1-11.2.0\xtensa-esp32-elf\xtensa-esp32-elf\sys-include\stdio.h:257:25: error: expected declaration specifiers or '...' before 'off_t'
  257 | int     fseeko (FILE *, off_t, int);
      |                         ^~~~~
c:\espressif\tools\xtensa-esp32-elf\esp-2022r1-11.2.0\xtensa-esp32-elf\xtensa-esp32-elf\sys-include\stdio.h:258:1: error: expected declaration specifiers before 'off_t'
  258 | off_t   ftello (FILE *);
      | ^~~~~
c:\espressif\tools\xtensa-esp32-elf\esp-2022r1-11.2.0\xtensa-esp32-elf\xtensa-esp32-elf\sys-include\stdio.h:266:37: error: expected declaration specifiers or '...' before 'size_t'
  266 | int     snprintf (char *__restrict, size_t, const char *__restrict, ...)
      |                                     ^~~~~~
c:\espressif\tools\xtensa-esp32-elf\esp-2022r1-11.2.0\xtensa-esp32-elf\xtensa-esp32-elf\sys-include\stdio.h:268:38: error: expected declaration specifiers or '...' before 'size_t'
  268 | int     vsnprintf (char *__restrict, size_t, const char *__restrict, __VALIST)
      |                                      ^~~~~~
c:\espressif\tools\xtensa-esp32-elf\esp-2022r1-11.2.0\xtensa-esp32-elf\xtensa-esp32-elf\sys-include\stdio.h:268:70: error: expected declaration specifiers or '...' before '__gnuc_va_list'
  268 | int     vsnprintf (char *__restrict, size_t, const char *__restrict, __VALIST)
      |                                                                      ^~~~~~~~
c:\espressif\tools\xtensa-esp32-elf\esp-2022r1-11.2.0\xtensa-esp32-elf\xtensa-esp32-elf\sys-include\stdio.h:270:18: error: unknown type name 'FILE'
  270 | int     vfscanf (FILE *__restrict, const char *__restrict, __VALIST)
      |                  ^~~~
c:\espressif\tools\xtensa-esp32-elf\esp-2022r1-11.2.0\xtensa-esp32-elf\xtensa-esp32-elf\sys-include\stdio.h:270:18: note: 'FILE' is defined in header '<stdio.h>'; did you forget to '#include <stdio.h>'?
c:\espressif\tools\xtensa-esp32-elf\esp-2022r1-11.2.0\xtensa-esp32-elf\xtensa-esp32-elf\sys-include\stdio.h:270:60: error: expected declaration specifiers or '...' before '__gnuc_va_list'
  270 | int     vfscanf (FILE *__restrict, const char *__restrict, __VALIST)
      |                                                            ^~~~~~~~
c:\espressif\tools\xtensa-esp32-elf\esp-2022r1-11.2.0\xtensa-esp32-elf\xtensa-esp32-elf\sys-include\stdio.h:272:31: error: expected declaration specifiers or '...' before '__gnuc_va_list'
  272 | int     vscanf (const char *, __VALIST)
      |                               ^~~~~~~~
c:\espressif\tools\xtensa-esp32-elf\esp-2022r1-11.2.0\xtensa-esp32-elf\xtensa-esp32-elf\sys-include\stdio.h:274:66: error: expected declaration specifiers or '...' before '__gnuc_va_list'
  274 | int     vsscanf (const char *__restrict, const char *__restrict, __VALIST)
      |                                                                  ^~~~~~~~
c:\espressif\tools\xtensa-esp32-elf\esp-2022r1-11.2.0\xtensa-esp32-elf\xtensa-esp32-elf\sys-include\stdio.h:280:43: error: expected declaration specifiers or '...' before '__gnuc_va_list'
  280 | int     vasprintf (char **, const char *, __VALIST)
      |                                           ^~~~~~~~
c:\espressif\tools\xtensa-esp32-elf\esp-2022r1-11.2.0\xtensa-esp32-elf\xtensa-esp32-elf\sys-include\stdio.h:286:29: error: expected declaration specifiers or '...' before 'size_t'
  286 | char *  asniprintf (char *, size_t *, const char *, ...)
      |                             ^~~~~~
c:\espressif\tools\xtensa-esp32-elf\esp-2022r1-11.2.0\xtensa-esp32-elf\xtensa-esp32-elf\sys-include\stdio.h:288:38: error: expected declaration specifiers or '...' before 'size_t'
  288 | char *  asnprintf (char *__restrict, size_t *__restrict, const char *__restrict, ...)
      |                                      ^~~~~~
c:\espressif\tools\xtensa-esp32-elf\esp-2022r1-11.2.0\xtensa-esp32-elf\xtensa-esp32-elf\sys-include\stdio.h:294:19: error: unknown type name 'FILE'
  294 | int     fiprintf (FILE *, const char *, ...)
      |                   ^~~~
c:\espressif\tools\xtensa-esp32-elf\esp-2022r1-11.2.0\xtensa-esp32-elf\xtensa-esp32-elf\sys-include\stdio.h:294:19: note: 'FILE' is defined in header '<stdio.h>'; did you forget to '#include <stdio.h>'?
c:\espressif\tools\xtensa-esp32-elf\esp-2022r1-11.2.0\xtensa-esp32-elf\xtensa-esp32-elf\sys-include\stdio.h:296:18: error: unknown type name 'FILE'
  296 | int     fiscanf (FILE *, const char *, ...)
      |                  ^~~~
c:\espressif\tools\xtensa-esp32-elf\esp-2022r1-11.2.0\xtensa-esp32-elf\xtensa-esp32-elf\sys-include\stdio.h:296:18: note: 'FILE' is defined in header '<stdio.h>'; did you forget to '#include <stdio.h>'?
c:\espressif\tools\xtensa-esp32-elf\esp-2022r1-11.2.0\xtensa-esp32-elf\xtensa-esp32-elf\sys-include\stdio.h:306:28: error: expected declaration specifiers or '...' before 'size_t'
  306 | int     sniprintf (char *, size_t, const char *, ...)
      |                            ^~~~~~
c:\espressif\tools\xtensa-esp32-elf\esp-2022r1-11.2.0\xtensa-esp32-elf\xtensa-esp32-elf\sys-include\stdio.h:308:44: error: expected declaration specifiers or '...' before '__gnuc_va_list'
  308 | int     vasiprintf (char **, const char *, __VALIST)
      |                                            ^~~~~~~~
c:\espressif\tools\xtensa-esp32-elf\esp-2022r1-11.2.0\xtensa-esp32-elf\xtensa-esp32-elf\sys-include\stdio.h:310:30: error: expected declaration specifiers or '...' before 'size_t'
  310 | char *  vasniprintf (char *, size_t *, const char *, __VALIST)
      |                              ^~~~~~
c:\espressif\tools\xtensa-esp32-elf\esp-2022r1-11.2.0\xtensa-esp32-elf\xtensa-esp32-elf\sys-include\stdio.h:310:54: error: expected declaration specifiers or '...' before '__gnuc_va_list'
  310 | char *  vasniprintf (char *, size_t *, const char *, __VALIST)
      |                                                      ^~~~~~~~
c:\espressif\tools\xtensa-esp32-elf\esp-2022r1-11.2.0\xtensa-esp32-elf\xtensa-esp32-elf\sys-include\stdio.h:312:29: error: expected declaration specifiers or '...' before 'size_t'
  312 | char *  vasnprintf (char *, size_t *, const char *, __VALIST)
      |                             ^~~~~~
c:\espressif\tools\xtensa-esp32-elf\esp-2022r1-11.2.0\xtensa-esp32-elf\xtensa-esp32-elf\sys-include\stdio.h:312:53: error: expected declaration specifiers or '...' before '__gnuc_va_list'
  312 | char *  vasnprintf (char *, size_t *, const char *, __VALIST)
      |                                                     ^~~~~~~~
c:\espressif\tools\xtensa-esp32-elf\esp-2022r1-11.2.0\xtensa-esp32-elf\xtensa-esp32-elf\sys-include\stdio.h:314:39: error: expected declaration specifiers or '...' before '__gnuc_va_list'
  314 | int     vdiprintf (int, const char *, __VALIST)
      |                                       ^~~~~~~~
c:\espressif\tools\xtensa-esp32-elf\esp-2022r1-11.2.0\xtensa-esp32-elf\xtensa-esp32-elf\sys-include\stdio.h:316:20: error: unknown type name 'FILE'
  316 | int     vfiprintf (FILE *, const char *, __VALIST)
      |                    ^~~~
c:\espressif\tools\xtensa-esp32-elf\esp-2022r1-11.2.0\xtensa-esp32-elf\xtensa-esp32-elf\sys-include\stdio.h:316:20: note: 'FILE' is defined in header '<stdio.h>'; did you forget to '#include <stdio.h>'?
c:\espressif\tools\xtensa-esp32-elf\esp-2022r1-11.2.0\xtensa-esp32-elf\xtensa-esp32-elf\sys-include\stdio.h:316:42: error: expected declaration specifiers or '...' before '__gnuc_va_list'
  316 | int     vfiprintf (FILE *, const char *, __VALIST)
      |                                          ^~~~~~~~
c:\espressif\tools\xtensa-esp32-elf\esp-2022r1-11.2.0\xtensa-esp32-elf\xtensa-esp32-elf\sys-include\stdio.h:318:19: error: unknown type name 'FILE'
  318 | int     vfiscanf (FILE *, const char *, __VALIST)
      |                   ^~~~
c:\espressif\tools\xtensa-esp32-elf\esp-2022r1-11.2.0\xtensa-esp32-elf\xtensa-esp32-elf\sys-include\stdio.h:318:19: note: 'FILE' is defined in header '<stdio.h>'; did you forget to '#include <stdio.h>'?
c:\espressif\tools\xtensa-esp32-elf\esp-2022r1-11.2.0\xtensa-esp32-elf\xtensa-esp32-elf\sys-include\stdio.h:318:41: error: expected declaration specifiers or '...' before '__gnuc_va_list'
  318 | int     vfiscanf (FILE *, const char *, __VALIST)
      |                                         ^~~~~~~~
c:\espressif\tools\xtensa-esp32-elf\esp-2022r1-11.2.0\xtensa-esp32-elf\xtensa-esp32-elf\sys-include\stdio.h:320:33: error: expected declaration specifiers or '...' before '__gnuc_va_list'
  320 | int     viprintf (const char *, __VALIST)
      |                                 ^~~~~~~~
c:\espressif\tools\xtensa-esp32-elf\esp-2022r1-11.2.0\xtensa-esp32-elf\xtensa-esp32-elf\sys-include\stdio.h:322:32: error: expected declaration specifiers or '...' before '__gnuc_va_list'
  322 | int     viscanf (const char *, __VALIST)
      |                                ^~~~~~~~
c:\espressif\tools\xtensa-esp32-elf\esp-2022r1-11.2.0\xtensa-esp32-elf\xtensa-esp32-elf\sys-include\stdio.h:324:42: error: expected declaration specifiers or '...' before '__gnuc_va_list'
  324 | int     vsiprintf (char *, const char *, __VALIST)
      |                                          ^~~~~~~~
c:\espressif\tools\xtensa-esp32-elf\esp-2022r1-11.2.0\xtensa-esp32-elf\xtensa-esp32-elf\sys-include\stdio.h:326:47: error: expected declaration specifiers or '...' before '__gnuc_va_list'
  326 | int     vsiscanf (const char *, const char *, __VALIST)
      |                                               ^~~~~~~~
c:\espressif\tools\xtensa-esp32-elf\esp-2022r1-11.2.0\xtensa-esp32-elf\xtensa-esp32-elf\sys-include\stdio.h:328:29: error: expected declaration specifiers or '...' before 'size_t'
  328 | int     vsniprintf (char *, size_t, const char *, __VALIST)
      |                             ^~~~~~
c:\espressif\tools\xtensa-esp32-elf\esp-2022r1-11.2.0\xtensa-esp32-elf\xtensa-esp32-elf\sys-include\stdio.h:328:51: error: expected declaration specifiers or '...' before '__gnuc_va_list'
  328 | int     vsniprintf (char *, size_t, const char *, __VALIST)
      |                                                   ^~~~~~~~
c:\espressif\tools\xtensa-esp32-elf\esp-2022r1-11.2.0\xtensa-esp32-elf\xtensa-esp32-elf\sys-include\stdio.h:339:1: error: unknown type name 'FILE'
  339 | FILE *  fdopen (int, const char *);
      | ^~~~
c:\espressif\tools\xtensa-esp32-elf\esp-2022r1-11.2.0\xtensa-esp32-elf\xtensa-esp32-elf\sys-include\stdio.h:339:1: note: 'FILE' is defined in header '<stdio.h>'; did you forget to '#include <stdio.h>'?
c:\espressif\tools\xtensa-esp32-elf\esp-2022r1-11.2.0\xtensa-esp32-elf\xtensa-esp32-elf\sys-include\stdio.h:341:17: error: unknown type name 'FILE'
  341 | int     fileno (FILE *);
      |                 ^~~~
c:\espressif\tools\xtensa-esp32-elf\esp-2022r1-11.2.0\xtensa-esp32-elf\xtensa-esp32-elf\sys-include\stdio.h:341:17: note: 'FILE' is defined in header '<stdio.h>'; did you forget to '#include <stdio.h>'?
c:\espressif\tools\xtensa-esp32-elf\esp-2022r1-11.2.0\xtensa-esp32-elf\xtensa-esp32-elf\sys-include\stdio.h:344:17: error: unknown type name 'FILE'
  344 | int     pclose (FILE *);
      |                 ^~~~
c:\espressif\tools\xtensa-esp32-elf\esp-2022r1-11.2.0\xtensa-esp32-elf\xtensa-esp32-elf\sys-include\stdio.h:344:17: note: 'FILE' is defined in header '<stdio.h>'; did you forget to '#include <stdio.h>'?
c:\espressif\tools\xtensa-esp32-elf\esp-2022r1-11.2.0\xtensa-esp32-elf\xtensa-esp32-elf\sys-include\stdio.h:345:1: error: unknown type name 'FILE'
  345 | FILE *  popen (const char *, const char *);
      | ^~~~
c:\espressif\tools\xtensa-esp32-elf\esp-2022r1-11.2.0\xtensa-esp32-elf\xtensa-esp32-elf\sys-include\stdio.h:345:1: note: 'FILE' is defined in header '<stdio.h>'; did you forget to '#include <stdio.h>'?
c:\espressif\tools\xtensa-esp32-elf\esp-2022r1-11.2.0\xtensa-esp32-elf\xtensa-esp32-elf\sys-include\stdio.h:349:20: error: unknown type name 'FILE'
  349 | void    setbuffer (FILE *, char *, int);
      |                    ^~~~
c:\espressif\tools\xtensa-esp32-elf\esp-2022r1-11.2.0\xtensa-esp32-elf\xtensa-esp32-elf\sys-include\stdio.h:349:20: note: 'FILE' is defined in header '<stdio.h>'; did you forget to '#include <stdio.h>'?
c:\espressif\tools\xtensa-esp32-elf\esp-2022r1-11.2.0\xtensa-esp32-elf\xtensa-esp32-elf\sys-include\stdio.h:350:21: error: unknown type name 'FILE'
  350 | int     setlinebuf (FILE *);
      |                     ^~~~
c:\espressif\tools\xtensa-esp32-elf\esp-2022r1-11.2.0\xtensa-esp32-elf\xtensa-esp32-elf\sys-include\stdio.h:350:21: note: 'FILE' is defined in header '<stdio.h>'; did you forget to '#include <stdio.h>'?
c:\espressif\tools\xtensa-esp32-elf\esp-2022r1-11.2.0\xtensa-esp32-elf\xtensa-esp32-elf\sys-include\stdio.h:354:15: error: unknown type name 'FILE'
  354 | int     getw (FILE *);
      |               ^~~~
c:\espressif\tools\xtensa-esp32-elf\esp-2022r1-11.2.0\xtensa-esp32-elf\xtensa-esp32-elf\sys-include\stdio.h:354:15: note: 'FILE' is defined in header '<stdio.h>'; did you forget to '#include <stdio.h>'?
c:\espressif\tools\xtensa-esp32-elf\esp-2022r1-11.2.0\xtensa-esp32-elf\xtensa-esp32-elf\sys-include\stdio.h:355:20: error: unknown type name 'FILE'
  355 | int     putw (int, FILE *);
      |                    ^~~~
c:\espressif\tools\xtensa-esp32-elf\esp-2022r1-11.2.0\xtensa-esp32-elf\xtensa-esp32-elf\sys-include\stdio.h:355:20: note: 'FILE' is defined in header '<stdio.h>'; did you forget to '#include <stdio.h>'?
c:\espressif\tools\xtensa-esp32-elf\esp-2022r1-11.2.0\xtensa-esp32-elf\xtensa-esp32-elf\sys-include\stdio.h:358:24: error: unknown type name 'FILE'
  358 | int     getc_unlocked (FILE *);
      |                        ^~~~
c:\espressif\tools\xtensa-esp32-elf\esp-2022r1-11.2.0\xtensa-esp32-elf\xtensa-esp32-elf\sys-include\stdio.h:358:24: note: 'FILE' is defined in header '<stdio.h>'; did you forget to '#include <stdio.h>'?
c:\espressif\tools\xtensa-esp32-elf\esp-2022r1-11.2.0\xtensa-esp32-elf\xtensa-esp32-elf\sys-include\stdio.h:360:20: error: unknown type name 'FILE'
  360 | void    flockfile (FILE *);
      |                    ^~~~
c:\espressif\tools\xtensa-esp32-elf\esp-2022r1-11.2.0\xtensa-esp32-elf\xtensa-esp32-elf\sys-include\stdio.h:360:20: note: 'FILE' is defined in header '<stdio.h>'; did you forget to '#include <stdio.h>'?
c:\espressif\tools\xtensa-esp32-elf\esp-2022r1-11.2.0\xtensa-esp32-elf\xtensa-esp32-elf\sys-include\stdio.h:361:23: error: unknown type name 'FILE'
  361 | int     ftrylockfile (FILE *);
      |                       ^~~~
c:\espressif\tools\xtensa-esp32-elf\esp-2022r1-11.2.0\xtensa-esp32-elf\xtensa-esp32-elf\sys-include\stdio.h:361:23: note: 'FILE' is defined in header '<stdio.h>'; did you forget to '#include <stdio.h>'?
c:\espressif\tools\xtensa-esp32-elf\esp-2022r1-11.2.0\xtensa-esp32-elf\xtensa-esp32-elf\sys-include\stdio.h:362:22: error: unknown type name 'FILE'
  362 | void    funlockfile (FILE *);
      |                      ^~~~
c:\espressif\tools\xtensa-esp32-elf\esp-2022r1-11.2.0\xtensa-esp32-elf\xtensa-esp32-elf\sys-include\stdio.h:362:22: note: 'FILE' is defined in header '<stdio.h>'; did you forget to '#include <stdio.h>'?
c:\espressif\tools\xtensa-esp32-elf\esp-2022r1-11.2.0\xtensa-esp32-elf\xtensa-esp32-elf\sys-include\stdio.h:363:29: error: unknown type name 'FILE'
  363 | int     putc_unlocked (int, FILE *);
      |                             ^~~~
c:\espressif\tools\xtensa-esp32-elf\esp-2022r1-11.2.0\xtensa-esp32-elf\xtensa-esp32-elf\sys-include\stdio.h:363:29: note: 'FILE' is defined in header '<stdio.h>'; did you forget to '#include <stdio.h>'?
c:\espressif\tools\xtensa-esp32-elf\esp-2022r1-11.2.0\xtensa-esp32-elf\xtensa-esp32-elf\sys-include\stdio.h:377:1: error: unknown type name 'FILE'
  377 | FILE *  fmemopen (void *__restrict, size_t, const char *__restrict);
      | ^~~~
c:\espressif\tools\xtensa-esp32-elf\esp-2022r1-11.2.0\xtensa-esp32-elf\xtensa-esp32-elf\sys-include\stdio.h:377:1: note: 'FILE' is defined in header '<stdio.h>'; did you forget to '#include <stdio.h>'?
c:\espressif\tools\xtensa-esp32-elf\esp-2022r1-11.2.0\xtensa-esp32-elf\xtensa-esp32-elf\sys-include\stdio.h:377:37: error: expected declaration specifiers or '...' before 'size_t'
  377 | FILE *  fmemopen (void *__restrict, size_t, const char *__restrict);
      |                                     ^~~~~~
c:\espressif\tools\xtensa-esp32-elf\esp-2022r1-11.2.0\xtensa-esp32-elf\xtensa-esp32-elf\sys-include\stdio.h:380:1: error: unknown type name 'FILE'
  380 | FILE *  open_memstream (char **, size_t *);
      | ^~~~
c:\espressif\tools\xtensa-esp32-elf\esp-2022r1-11.2.0\xtensa-esp32-elf\xtensa-esp32-elf\sys-include\stdio.h:380:1: note: 'FILE' is defined in header '<stdio.h>'; did you forget to '#include <stdio.h>'?
c:\espressif\tools\xtensa-esp32-elf\esp-2022r1-11.2.0\xtensa-esp32-elf\xtensa-esp32-elf\sys-include\stdio.h:380:34: error: expected declaration specifiers or '...' before 'size_t'
  380 | FILE *  open_memstream (char **, size_t *);
      |                                  ^~~~~~
c:\espressif\tools\xtensa-esp32-elf\esp-2022r1-11.2.0\xtensa-esp32-elf\xtensa-esp32-elf\sys-include\stdio.h:381:48: error: expected declaration specifiers or '...' before '__gnuc_va_list'
  381 | int     vdprintf (int, const char *__restrict, __VALIST)
      |                                                ^~~~~~~~
c:\espressif\tools\xtensa-esp32-elf\esp-2022r1-11.2.0\xtensa-esp32-elf\xtensa-esp32-elf\sys-include\stdio.h:398:49: error: expected declaration specifiers or '...' before 'size_t'
  398 | char *  _asniprintf_r (struct _reent *, char *, size_t *, const char *, ...)
      |                                                 ^~~~~~
c:\espressif\tools\xtensa-esp32-elf\esp-2022r1-11.2.0\xtensa-esp32-elf\xtensa-esp32-elf\sys-include\stdio.h:400:58: error: expected declaration specifiers or '...' before 'size_t'
  400 | char *  _asnprintf_r (struct _reent *, char *__restrict, size_t *__restrict, const char *__restrict, ...)
      |                                                          ^~~~~~
c:\espressif\tools\xtensa-esp32-elf\esp-2022r1-11.2.0\xtensa-esp32-elf\xtensa-esp32-elf\sys-include\stdio.h:408:37: error: unknown type name 'FILE'
  408 | int     _fclose_r (struct _reent *, FILE *);
      |                                     ^~~~
c:\espressif\tools\xtensa-esp32-elf\esp-2022r1-11.2.0\xtensa-esp32-elf\xtensa-esp32-elf\sys-include\stdio.h:408:37: note: 'FILE' is defined in header '<stdio.h>'; did you forget to '#include <stdio.h>'?
c:\espressif\tools\xtensa-esp32-elf\esp-2022r1-11.2.0\xtensa-esp32-elf\xtensa-esp32-elf\sys-include\stdio.h:410:1: error: unknown type name 'FILE'
  410 | FILE *  _fdopen_r (struct _reent *, int, const char *);
      | ^~~~
c:\espressif\tools\xtensa-esp32-elf\esp-2022r1-11.2.0\xtensa-esp32-elf\xtensa-esp32-elf\sys-include\stdio.h:410:1: note: 'FILE' is defined in header '<stdio.h>'; did you forget to '#include <stdio.h>'?
c:\espressif\tools\xtensa-esp32-elf\esp-2022r1-11.2.0\xtensa-esp32-elf\xtensa-esp32-elf\sys-include\stdio.h:411:37: error: unknown type name 'FILE'
  411 | int     _fflush_r (struct _reent *, FILE *);
      |                                     ^~~~
c:\espressif\tools\xtensa-esp32-elf\esp-2022r1-11.2.0\xtensa-esp32-elf\xtensa-esp32-elf\sys-include\stdio.h:411:37: note: 'FILE' is defined in header '<stdio.h>'; did you forget to '#include <stdio.h>'?
c:\espressif\tools\xtensa-esp32-elf\esp-2022r1-11.2.0\xtensa-esp32-elf\xtensa-esp32-elf\sys-include\stdio.h:412:36: error: unknown type name 'FILE'
  412 | int     _fgetc_r (struct _reent *, FILE *);
      |                                    ^~~~
c:\espressif\tools\xtensa-esp32-elf\esp-2022r1-11.2.0\xtensa-esp32-elf\xtensa-esp32-elf\sys-include\stdio.h:412:36: note: 'FILE' is defined in header '<stdio.h>'; did you forget to '#include <stdio.h>'?
c:\espressif\tools\xtensa-esp32-elf\esp-2022r1-11.2.0\xtensa-esp32-elf\xtensa-esp32-elf\sys-include\stdio.h:413:45: error: unknown type name 'FILE'
  413 | int     _fgetc_unlocked_r (struct _reent *, FILE *);
      |                                             ^~~~
c:\espressif\tools\xtensa-esp32-elf\esp-2022r1-11.2.0\xtensa-esp32-elf\xtensa-esp32-elf\sys-include\stdio.h:413:45: note: 'FILE' is defined in header '<stdio.h>'; did you forget to '#include <stdio.h>'?
c:\espressif\tools\xtensa-esp32-elf\esp-2022r1-11.2.0\xtensa-esp32-elf\xtensa-esp32-elf\sys-include\stdio.h:414:59: error: unknown type name 'FILE'
  414 | char *  _fgets_r (struct _reent *, char *__restrict, int, FILE *__restrict);
      |                                                           ^~~~
c:\espressif\tools\xtensa-esp32-elf\esp-2022r1-11.2.0\xtensa-esp32-elf\xtensa-esp32-elf\sys-include\stdio.h:414:59: note: 'FILE' is defined in header '<stdio.h>'; did you forget to '#include <stdio.h>'?
c:\espressif\tools\xtensa-esp32-elf\esp-2022r1-11.2.0\xtensa-esp32-elf\xtensa-esp32-elf\sys-include\stdio.h:415:68: error: unknown type name 'FILE'
  415 | char *  _fgets_unlocked_r (struct _reent *, char *__restrict, int, FILE *__restrict);
      |                                                                    ^~~~
c:\espressif\tools\xtensa-esp32-elf\esp-2022r1-11.2.0\xtensa-esp32-elf\xtensa-esp32-elf\sys-include\stdio.h:415:68: note: 'FILE' is defined in header '<stdio.h>'; did you forget to '#include <stdio.h>'?
c:\espressif\tools\xtensa-esp32-elf\esp-2022r1-11.2.0\xtensa-esp32-elf\xtensa-esp32-elf\sys-include\stdio.h:420:38: error: unknown type name 'FILE'
  420 | int     _fgetpos_r (struct _reent *, FILE *, fpos_t *);
      |                                      ^~~~
c:\espressif\tools\xtensa-esp32-elf\esp-2022r1-11.2.0\xtensa-esp32-elf\xtensa-esp32-elf\sys-include\stdio.h:420:38: note: 'FILE' is defined in header '<stdio.h>'; did you forget to '#include <stdio.h>'?
c:\espressif\tools\xtensa-esp32-elf\esp-2022r1-11.2.0\xtensa-esp32-elf\xtensa-esp32-elf\sys-include\stdio.h:420:46: error: unknown type name 'fpos_t'
  420 | int     _fgetpos_r (struct _reent *, FILE *, fpos_t *);
      |                                              ^~~~~~
c:\espressif\tools\xtensa-esp32-elf\esp-2022r1-11.2.0\xtensa-esp32-elf\xtensa-esp32-elf\sys-include\stdio.h:420:46: note: 'fpos_t' is defined in header '<stdio.h>'; did you forget to '#include <stdio.h>'?
c:\espressif\tools\xtensa-esp32-elf\esp-2022r1-11.2.0\xtensa-esp32-elf\xtensa-esp32-elf\sys-include\stdio.h:421:38: error: unknown type name 'FILE'
  421 | int     _fsetpos_r (struct _reent *, FILE *, const fpos_t *);
      |                                      ^~~~
c:\espressif\tools\xtensa-esp32-elf\esp-2022r1-11.2.0\xtensa-esp32-elf\xtensa-esp32-elf\sys-include\stdio.h:421:38: note: 'FILE' is defined in header '<stdio.h>'; did you forget to '#include <stdio.h>'?
c:\espressif\tools\xtensa-esp32-elf\esp-2022r1-11.2.0\xtensa-esp32-elf\xtensa-esp32-elf\sys-include\stdio.h:421:52: error: unknown type name 'fpos_t'
  421 | int     _fsetpos_r (struct _reent *, FILE *, const fpos_t *);
      |                                                    ^~~~~~
c:\espressif\tools\xtensa-esp32-elf\esp-2022r1-11.2.0\xtensa-esp32-elf\xtensa-esp32-elf\sys-include\stdio.h:423:39: error: unknown type name 'FILE'
  423 | int     _fiprintf_r (struct _reent *, FILE *, const char *, ...)
      |                                       ^~~~
c:\espressif\tools\xtensa-esp32-elf\esp-2022r1-11.2.0\xtensa-esp32-elf\xtensa-esp32-elf\sys-include\stdio.h:423:39: note: 'FILE' is defined in header '<stdio.h>'; did you forget to '#include <stdio.h>'?
c:\espressif\tools\xtensa-esp32-elf\esp-2022r1-11.2.0\xtensa-esp32-elf\xtensa-esp32-elf\sys-include\stdio.h:425:38: error: unknown type name 'FILE'
  425 | int     _fiscanf_r (struct _reent *, FILE *, const char *, ...)
      |                                      ^~~~
c:\espressif\tools\xtensa-esp32-elf\esp-2022r1-11.2.0\xtensa-esp32-elf\xtensa-esp32-elf\sys-include\stdio.h:425:38: note: 'FILE' is defined in header '<stdio.h>'; did you forget to '#include <stdio.h>'?
c:\espressif\tools\xtensa-esp32-elf\esp-2022r1-11.2.0\xtensa-esp32-elf\xtensa-esp32-elf\sys-include\stdio.h:427:1: error: unknown type name 'FILE'
  427 | FILE *  _fmemopen_r (struct _reent *, void *__restrict, size_t, const char *__restrict);
      | ^~~~
c:\espressif\tools\xtensa-esp32-elf\esp-2022r1-11.2.0\xtensa-esp32-elf\xtensa-esp32-elf\sys-include\stdio.h:427:1: note: 'FILE' is defined in header '<stdio.h>'; did you forget to '#include <stdio.h>'?
c:\espressif\tools\xtensa-esp32-elf\esp-2022r1-11.2.0\xtensa-esp32-elf\xtensa-esp32-elf\sys-include\stdio.h:427:57: error: expected declaration specifiers or '...' before 'size_t'
  427 | FILE *  _fmemopen_r (struct _reent *, void *__restrict, size_t, const char *__restrict);
      |                                                         ^~~~~~
c:\espressif\tools\xtensa-esp32-elf\esp-2022r1-11.2.0\xtensa-esp32-elf\xtensa-esp32-elf\sys-include\stdio.h:428:1: error: unknown type name 'FILE'
  428 | FILE *  _fopen_r (struct _reent *, const char *__restrict, const char *__restrict);
      | ^~~~
c:\espressif\tools\xtensa-esp32-elf\esp-2022r1-11.2.0\xtensa-esp32-elf\xtensa-esp32-elf\sys-include\stdio.h:428:1: note: 'FILE' is defined in header '<stdio.h>'; did you forget to '#include <stdio.h>'?
c:\espressif\tools\xtensa-esp32-elf\esp-2022r1-11.2.0\xtensa-esp32-elf\xtensa-esp32-elf\sys-include\stdio.h:429:1: error: unknown type name 'FILE'
  429 | FILE *  _freopen_r (struct _reent *, const char *__restrict, const char *__restrict, FILE *__restrict);
      | ^~~~
c:\espressif\tools\xtensa-esp32-elf\esp-2022r1-11.2.0\xtensa-esp32-elf\xtensa-esp32-elf\sys-include\stdio.h:429:1: note: 'FILE' is defined in header '<stdio.h>'; did you forget to '#include <stdio.h>'?
c:\espressif\tools\xtensa-esp32-elf\esp-2022r1-11.2.0\xtensa-esp32-elf\xtensa-esp32-elf\sys-include\stdio.h:429:86: error: unknown type name 'FILE'
  429 | FILE *  _freopen_r (struct _reent *, const char *__restrict, const char *__restrict, FILE *__restrict);
      |                                                                                      ^~~~
c:\espressif\tools\xtensa-esp32-elf\esp-2022r1-11.2.0\xtensa-esp32-elf\xtensa-esp32-elf\sys-include\stdio.h:429:86: note: 'FILE' is defined in header '<stdio.h>'; did you forget to '#include <stdio.h>'?
c:\espressif\tools\xtensa-esp32-elf\esp-2022r1-11.2.0\xtensa-esp32-elf\xtensa-esp32-elf\sys-include\stdio.h:430:38: error: unknown type name 'FILE'
  430 | int     _fprintf_r (struct _reent *, FILE *__restrict, const char *__restrict, ...)
      |                                      ^~~~
c:\espressif\tools\xtensa-esp32-elf\esp-2022r1-11.2.0\xtensa-esp32-elf\xtensa-esp32-elf\sys-include\stdio.h:430:38: note: 'FILE' is defined in header '<stdio.h>'; did you forget to '#include <stdio.h>'?
c:\espressif\tools\xtensa-esp32-elf\esp-2022r1-11.2.0\xtensa-esp32-elf\xtensa-esp32-elf\sys-include\stdio.h:432:37: error: unknown type name 'FILE'
  432 | int     _fpurge_r (struct _reent *, FILE *);
      |                                     ^~~~
c:\espressif\tools\xtensa-esp32-elf\esp-2022r1-11.2.0\xtensa-esp32-elf\xtensa-esp32-elf\sys-include\stdio.h:432:37: note: 'FILE' is defined in header '<stdio.h>'; did you forget to '#include <stdio.h>'?
c:\espressif\tools\xtensa-esp32-elf\esp-2022r1-11.2.0\xtensa-esp32-elf\xtensa-esp32-elf\sys-include\stdio.h:433:41: error: unknown type name 'FILE'
  433 | int     _fputc_r (struct _reent *, int, FILE *);
      |                                         ^~~~
c:\espressif\tools\xtensa-esp32-elf\esp-2022r1-11.2.0\xtensa-esp32-elf\xtensa-esp32-elf\sys-include\stdio.h:433:41: note: 'FILE' is defined in header '<stdio.h>'; did you forget to '#include <stdio.h>'?
c:\espressif\tools\xtensa-esp32-elf\esp-2022r1-11.2.0\xtensa-esp32-elf\xtensa-esp32-elf\sys-include\stdio.h:434:50: error: unknown type name 'FILE'
  434 | int     _fputc_unlocked_r (struct _reent *, int, FILE *);
      |                                                  ^~~~
c:\espressif\tools\xtensa-esp32-elf\esp-2022r1-11.2.0\xtensa-esp32-elf\xtensa-esp32-elf\sys-include\stdio.h:434:50: note: 'FILE' is defined in header '<stdio.h>'; did you forget to '#include <stdio.h>'?
c:\espressif\tools\xtensa-esp32-elf\esp-2022r1-11.2.0\xtensa-esp32-elf\xtensa-esp32-elf\sys-include\stdio.h:435:60: error: unknown type name 'FILE'
  435 | int     _fputs_r (struct _reent *, const char *__restrict, FILE *__restrict);
      |                                                            ^~~~
c:\espressif\tools\xtensa-esp32-elf\esp-2022r1-11.2.0\xtensa-esp32-elf\xtensa-esp32-elf\sys-include\stdio.h:435:60: note: 'FILE' is defined in header '<stdio.h>'; did you forget to '#include <stdio.h>'?
c:\espressif\tools\xtensa-esp32-elf\esp-2022r1-11.2.0\xtensa-esp32-elf\xtensa-esp32-elf\sys-include\stdio.h:436:69: error: unknown type name 'FILE'
  436 | int     _fputs_unlocked_r (struct _reent *, const char *__restrict, FILE *__restrict);
      |                                                                     ^~~~
c:\espressif\tools\xtensa-esp32-elf\esp-2022r1-11.2.0\xtensa-esp32-elf\xtensa-esp32-elf\sys-include\stdio.h:436:69: note: 'FILE' is defined in header '<stdio.h>'; did you forget to '#include <stdio.h>'?
c:\espressif\tools\xtensa-esp32-elf\esp-2022r1-11.2.0\xtensa-esp32-elf\xtensa-esp32-elf\sys-include\stdio.h:437:1: error: expected declaration specifiers before 'size_t'
  437 | size_t  _fread_r (struct _reent *, void *__restrict, size_t _size, size_t _n, FILE *__restrict);
      | ^~~~~~
c:\espressif\tools\xtensa-esp32-elf\esp-2022r1-11.2.0\xtensa-esp32-elf\xtensa-esp32-elf\sys-include\stdio.h:438:1: error: expected declaration specifiers before 'size_t'
  438 | size_t  _fread_unlocked_r (struct _reent *, void *__restrict, size_t _size, size_t _n, FILE *__restrict);
      | ^~~~~~
c:\espressif\tools\xtensa-esp32-elf\esp-2022r1-11.2.0\xtensa-esp32-elf\xtensa-esp32-elf\sys-include\stdio.h:439:37: error: unknown type name 'FILE'
  439 | int     _fscanf_r (struct _reent *, FILE *__restrict, const char *__restrict, ...)
      |                                     ^~~~
c:\espressif\tools\xtensa-esp32-elf\esp-2022r1-11.2.0\xtensa-esp32-elf\xtensa-esp32-elf\sys-include\stdio.h:439:37: note: 'FILE' is defined in header '<stdio.h>'; did you forget to '#include <stdio.h>'?
c:\espressif\tools\xtensa-esp32-elf\esp-2022r1-11.2.0\xtensa-esp32-elf\xtensa-esp32-elf\sys-include\stdio.h:441:36: error: unknown type name 'FILE'
  441 | int     _fseek_r (struct _reent *, FILE *, long, int);
      |                                    ^~~~
c:\espressif\tools\xtensa-esp32-elf\esp-2022r1-11.2.0\xtensa-esp32-elf\xtensa-esp32-elf\sys-include\stdio.h:441:36: note: 'FILE' is defined in header '<stdio.h>'; did you forget to '#include <stdio.h>'?
c:\espressif\tools\xtensa-esp32-elf\esp-2022r1-11.2.0\xtensa-esp32-elf\xtensa-esp32-elf\sys-include\stdio.h:442:37: error: unknown type name 'FILE'
  442 | int     _fseeko_r (struct _reent *, FILE *, _off_t, int);
      |                                     ^~~~
c:\espressif\tools\xtensa-esp32-elf\esp-2022r1-11.2.0\xtensa-esp32-elf\xtensa-esp32-elf\sys-include\stdio.h:442:37: note: 'FILE' is defined in header '<stdio.h>'; did you forget to '#include <stdio.h>'?
c:\espressif\tools\xtensa-esp32-elf\esp-2022r1-11.2.0\xtensa-esp32-elf\xtensa-esp32-elf\sys-include\stdio.h:442:45: error: expected declaration specifiers or '...' before '_off_t'
  442 | int     _fseeko_r (struct _reent *, FILE *, _off_t, int);
      |                                             ^~~~~~
c:\espressif\tools\xtensa-esp32-elf\esp-2022r1-11.2.0\xtensa-esp32-elf\xtensa-esp32-elf\sys-include\stdio.h:443:36: error: unknown type name 'FILE'
  443 | long    _ftell_r (struct _reent *, FILE *);
      |                                    ^~~~
c:\espressif\tools\xtensa-esp32-elf\esp-2022r1-11.2.0\xtensa-esp32-elf\xtensa-esp32-elf\sys-include\stdio.h:443:36: note: 'FILE' is defined in header '<stdio.h>'; did you forget to '#include <stdio.h>'?
c:\espressif\tools\xtensa-esp32-elf\esp-2022r1-11.2.0\xtensa-esp32-elf\xtensa-esp32-elf\sys-include\stdio.h:444:1: error: expected declaration specifiers before '_off_t'
  444 | _off_t  _ftello_r (struct _reent *, FILE *);
      | ^~~~~~
c:\espressif\tools\xtensa-esp32-elf\esp-2022r1-11.2.0\xtensa-esp32-elf\xtensa-esp32-elf\sys-include\stdio.h:445:37: error: unknown type name 'FILE'
  445 | void    _rewind_r (struct _reent *, FILE *);
      |                                     ^~~~
c:\espressif\tools\xtensa-esp32-elf\esp-2022r1-11.2.0\xtensa-esp32-elf\xtensa-esp32-elf\sys-include\stdio.h:445:37: note: 'FILE' is defined in header '<stdio.h>'; did you forget to '#include <stdio.h>'?
c:\espressif\tools\xtensa-esp32-elf\esp-2022r1-11.2.0\xtensa-esp32-elf\xtensa-esp32-elf\sys-include\stdio.h:446:1: error: expected declaration specifiers before 'size_t'
  446 | size_t  _fwrite_r (struct _reent *, const void *__restrict, size_t _size, size_t _n, FILE *__restrict);
      | ^~~~~~
c:\espressif\tools\xtensa-esp32-elf\esp-2022r1-11.2.0\xtensa-esp32-elf\xtensa-esp32-elf\sys-include\stdio.h:447:1: error: expected declaration specifiers before 'size_t'
  447 | size_t  _fwrite_unlocked_r (struct _reent *, const void *__restrict, size_t _size, size_t _n, FILE *__restrict);
      | ^~~~~~
c:\espressif\tools\xtensa-esp32-elf\esp-2022r1-11.2.0\xtensa-esp32-elf\xtensa-esp32-elf\sys-include\stdio.h:448:35: error: unknown type name 'FILE'
  448 | int     _getc_r (struct _reent *, FILE *);
      |                                   ^~~~
c:\espressif\tools\xtensa-esp32-elf\esp-2022r1-11.2.0\xtensa-esp32-elf\xtensa-esp32-elf\sys-include\stdio.h:448:35: note: 'FILE' is defined in header '<stdio.h>'; did you forget to '#include <stdio.h>'?
c:\espressif\tools\xtensa-esp32-elf\esp-2022r1-11.2.0\xtensa-esp32-elf\xtensa-esp32-elf\sys-include\stdio.h:449:44: error: unknown type name 'FILE'
  449 | int     _getc_unlocked_r (struct _reent *, FILE *);
      |                                            ^~~~
c:\espressif\tools\xtensa-esp32-elf\esp-2022r1-11.2.0\xtensa-esp32-elf\xtensa-esp32-elf\sys-include\stdio.h:449:44: note: 'FILE' is defined in header '<stdio.h>'; did you forget to '#include <stdio.h>'?
c:\espressif\tools\xtensa-esp32-elf\esp-2022r1-11.2.0\xtensa-esp32-elf\xtensa-esp32-elf\sys-include\stdio.h:457:1: error: unknown type name 'FILE'
  457 | FILE *  _open_memstream_r (struct _reent *, char **, size_t *);
      | ^~~~
c:\espressif\tools\xtensa-esp32-elf\esp-2022r1-11.2.0\xtensa-esp32-elf\xtensa-esp32-elf\sys-include\stdio.h:457:1: note: 'FILE' is defined in header '<stdio.h>'; did you forget to '#include <stdio.h>'?
c:\espressif\tools\xtensa-esp32-elf\esp-2022r1-11.2.0\xtensa-esp32-elf\xtensa-esp32-elf\sys-include\stdio.h:457:54: error: expected declaration specifiers or '...' before 'size_t'
  457 | FILE *  _open_memstream_r (struct _reent *, char **, size_t *);
      |                                                      ^~~~~~
c:\espressif\tools\xtensa-esp32-elf\esp-2022r1-11.2.0\xtensa-esp32-elf\xtensa-esp32-elf\sys-include\stdio.h:461:40: error: unknown type name 'FILE'
  461 | int     _putc_r (struct _reent *, int, FILE *);
      |                                        ^~~~
c:\espressif\tools\xtensa-esp32-elf\esp-2022r1-11.2.0\xtensa-esp32-elf\xtensa-esp32-elf\sys-include\stdio.h:461:40: note: 'FILE' is defined in header '<stdio.h>'; did you forget to '#include <stdio.h>'?
c:\espressif\tools\xtensa-esp32-elf\esp-2022r1-11.2.0\xtensa-esp32-elf\xtensa-esp32-elf\sys-include\stdio.h:462:49: error: unknown type name 'FILE'
  462 | int     _putc_unlocked_r (struct _reent *, int, FILE *);
      |                                                 ^~~~
c:\espressif\tools\xtensa-esp32-elf\esp-2022r1-11.2.0\xtensa-esp32-elf\xtensa-esp32-elf\sys-include\stdio.h:462:49: note: 'FILE' is defined in header '<stdio.h>'; did you forget to '#include <stdio.h>'?
c:\espressif\tools\xtensa-esp32-elf\esp-2022r1-11.2.0\xtensa-esp32-elf\xtensa-esp32-elf\sys-include\stdio.h:475:48: error: expected declaration specifiers or '...' before 'size_t'
  475 | int     _sniprintf_r (struct _reent *, char *, size_t, const char *, ...)
      |                                                ^~~~~~
c:\espressif\tools\xtensa-esp32-elf\esp-2022r1-11.2.0\xtensa-esp32-elf\xtensa-esp32-elf\sys-include\stdio.h:477:57: error: expected declaration specifiers or '...' before 'size_t'
  477 | int     _snprintf_r (struct _reent *, char *__restrict, size_t, const char *__restrict, ...)
      |                                                         ^~~~~~
c:\espressif\tools\xtensa-esp32-elf\esp-2022r1-11.2.0\xtensa-esp32-elf\xtensa-esp32-elf\sys-include\stdio.h:484:1: error: unknown type name 'FILE'
  484 | FILE *  _tmpfile_r (struct _reent *);
      | ^~~~
c:\espressif\tools\xtensa-esp32-elf\esp-2022r1-11.2.0\xtensa-esp32-elf\xtensa-esp32-elf\sys-include\stdio.h:484:1: note: 'FILE' is defined in header '<stdio.h>'; did you forget to '#include <stdio.h>'?
c:\espressif\tools\xtensa-esp32-elf\esp-2022r1-11.2.0\xtensa-esp32-elf\xtensa-esp32-elf\sys-include\stdio.h:486:42: error: unknown type name 'FILE'
  486 | int     _ungetc_r (struct _reent *, int, FILE *);
      |                                          ^~~~
c:\espressif\tools\xtensa-esp32-elf\esp-2022r1-11.2.0\xtensa-esp32-elf\xtensa-esp32-elf\sys-include\stdio.h:486:42: note: 'FILE' is defined in header '<stdio.h>'; did you forget to '#include <stdio.h>'?
c:\espressif\tools\xtensa-esp32-elf\esp-2022r1-11.2.0\xtensa-esp32-elf\xtensa-esp32-elf\sys-include\stdio.h:487:64: error: expected declaration specifiers or '...' before '__gnuc_va_list'
  487 | int     _vasiprintf_r (struct _reent *, char **, const char *, __VALIST)
      |                                                                ^~~~~~~~
c:\espressif\tools\xtensa-esp32-elf\esp-2022r1-11.2.0\xtensa-esp32-elf\xtensa-esp32-elf\sys-include\stdio.h:489:49: error: expected declaration specifiers or '...' before 'size_t'
  489 | char *  _vasniprintf_r (struct _reent*, char *, size_t *, const char *, __VALIST)
      |                                                 ^~~~~~
c:\espressif\tools\xtensa-esp32-elf\esp-2022r1-11.2.0\xtensa-esp32-elf\xtensa-esp32-elf\sys-include\stdio.h:489:73: error: expected declaration specifiers or '...' before '__gnuc_va_list'
  489 | char *  _vasniprintf_r (struct _reent*, char *, size_t *, const char *, __VALIST)
      |                                                                         ^~~~~~~~
c:\espressif\tools\xtensa-esp32-elf\esp-2022r1-11.2.0\xtensa-esp32-elf\xtensa-esp32-elf\sys-include\stdio.h:491:48: error: expected declaration specifiers or '...' before 'size_t'
  491 | char *  _vasnprintf_r (struct _reent*, char *, size_t *, const char *, __VALIST)
      |                                                ^~~~~~
c:\espressif\tools\xtensa-esp32-elf\esp-2022r1-11.2.0\xtensa-esp32-elf\xtensa-esp32-elf\sys-include\stdio.h:491:72: error: expected declaration specifiers or '...' before '__gnuc_va_list'
  491 | char *  _vasnprintf_r (struct _reent*, char *, size_t *, const char *, __VALIST)
      |                                                                        ^~~~~~~~
c:\espressif\tools\xtensa-esp32-elf\esp-2022r1-11.2.0\xtensa-esp32-elf\xtensa-esp32-elf\sys-include\stdio.h:493:63: error: expected declaration specifiers or '...' before '__gnuc_va_list'
  493 | int     _vasprintf_r (struct _reent *, char **, const char *, __VALIST)
      |                                                               ^~~~~~~~
c:\espressif\tools\xtensa-esp32-elf\esp-2022r1-11.2.0\xtensa-esp32-elf\xtensa-esp32-elf\sys-include\stdio.h:495:59: error: expected declaration specifiers or '...' before '__gnuc_va_list'
  495 | int     _vdiprintf_r (struct _reent *, int, const char *, __VALIST)
      |                                                           ^~~~~~~~
c:\espressif\tools\xtensa-esp32-elf\esp-2022r1-11.2.0\xtensa-esp32-elf\xtensa-esp32-elf\sys-include\stdio.h:497:68: error: expected declaration specifiers or '...' before '__gnuc_va_list'
  497 | int     _vdprintf_r (struct _reent *, int, const char *__restrict, __VALIST)
      |                                                                    ^~~~~~~~
c:\espressif\tools\xtensa-esp32-elf\esp-2022r1-11.2.0\xtensa-esp32-elf\xtensa-esp32-elf\sys-include\stdio.h:499:40: error: unknown type name 'FILE'
  499 | int     _vfiprintf_r (struct _reent *, FILE *, const char *, __VALIST)
      |                                        ^~~~
c:\espressif\tools\xtensa-esp32-elf\esp-2022r1-11.2.0\xtensa-esp32-elf\xtensa-esp32-elf\sys-include\stdio.h:499:40: note: 'FILE' is defined in header '<stdio.h>'; did you forget to '#include <stdio.h>'?
c:\espressif\tools\xtensa-esp32-elf\esp-2022r1-11.2.0\xtensa-esp32-elf\xtensa-esp32-elf\sys-include\stdio.h:499:62: error: expected declaration specifiers or '...' before '__gnuc_va_list'
  499 | int     _vfiprintf_r (struct _reent *, FILE *, const char *, __VALIST)
      |                                                              ^~~~~~~~
c:\espressif\tools\xtensa-esp32-elf\esp-2022r1-11.2.0\xtensa-esp32-elf\xtensa-esp32-elf\sys-include\stdio.h:501:39: error: unknown type name 'FILE'
  501 | int     _vfiscanf_r (struct _reent *, FILE *, const char *, __VALIST)
      |                                       ^~~~
c:\espressif\tools\xtensa-esp32-elf\esp-2022r1-11.2.0\xtensa-esp32-elf\xtensa-esp32-elf\sys-include\stdio.h:501:39: note: 'FILE' is defined in header '<stdio.h>'; did you forget to '#include <stdio.h>'?
c:\espressif\tools\xtensa-esp32-elf\esp-2022r1-11.2.0\xtensa-esp32-elf\xtensa-esp32-elf\sys-include\stdio.h:501:61: error: expected declaration specifiers or '...' before '__gnuc_va_list'
  501 | int     _vfiscanf_r (struct _reent *, FILE *, const char *, __VALIST)
      |                                                             ^~~~~~~~
c:\espressif\tools\xtensa-esp32-elf\esp-2022r1-11.2.0\xtensa-esp32-elf\xtensa-esp32-elf\sys-include\stdio.h:503:39: error: unknown type name 'FILE'
  503 | int     _vfprintf_r (struct _reent *, FILE *__restrict, const char *__restrict, __VALIST)
      |                                       ^~~~
c:\espressif\tools\xtensa-esp32-elf\esp-2022r1-11.2.0\xtensa-esp32-elf\xtensa-esp32-elf\sys-include\stdio.h:503:39: note: 'FILE' is defined in header '<stdio.h>'; did you forget to '#include <stdio.h>'?
c:\espressif\tools\xtensa-esp32-elf\esp-2022r1-11.2.0\xtensa-esp32-elf\xtensa-esp32-elf\sys-include\stdio.h:503:81: error: expected declaration specifiers or '...' before '__gnuc_va_list'
  503 | int     _vfprintf_r (struct _reent *, FILE *__restrict, const char *__restrict, __VALIST)
      |                                                                                 ^~~~~~~~
c:\espressif\tools\xtensa-esp32-elf\esp-2022r1-11.2.0\xtensa-esp32-elf\xtensa-esp32-elf\sys-include\stdio.h:505:38: error: unknown type name 'FILE'
  505 | int     _vfscanf_r (struct _reent *, FILE *__restrict, const char *__restrict, __VALIST)
      |                                      ^~~~
c:\espressif\tools\xtensa-esp32-elf\esp-2022r1-11.2.0\xtensa-esp32-elf\xtensa-esp32-elf\sys-include\stdio.h:505:38: note: 'FILE' is defined in header '<stdio.h>'; did you forget to '#include <stdio.h>'?
c:\espressif\tools\xtensa-esp32-elf\esp-2022r1-11.2.0\xtensa-esp32-elf\xtensa-esp32-elf\sys-include\stdio.h:505:80: error: expected declaration specifiers or '...' before '__gnuc_va_list'
  505 | int     _vfscanf_r (struct _reent *, FILE *__restrict, const char *__restrict, __VALIST)
      |                                                                                ^~~~~~~~
c:\espressif\tools\xtensa-esp32-elf\esp-2022r1-11.2.0\xtensa-esp32-elf\xtensa-esp32-elf\sys-include\stdio.h:507:53: error: expected declaration specifiers or '...' before '__gnuc_va_list'
  507 | int     _viprintf_r (struct _reent *, const char *, __VALIST)
      |                                                     ^~~~~~~~
c:\espressif\tools\xtensa-esp32-elf\esp-2022r1-11.2.0\xtensa-esp32-elf\xtensa-esp32-elf\sys-include\stdio.h:509:52: error: expected declaration specifiers or '...' before '__gnuc_va_list'
  509 | int     _viscanf_r (struct _reent *, const char *, __VALIST)
      |                                                    ^~~~~~~~
c:\espressif\tools\xtensa-esp32-elf\esp-2022r1-11.2.0\xtensa-esp32-elf\xtensa-esp32-elf\sys-include\stdio.h:511:62: error: expected declaration specifiers or '...' before '__gnuc_va_list'
  511 | int     _vprintf_r (struct _reent *, const char *__restrict, __VALIST)
      |                                                              ^~~~~~~~
c:\espressif\tools\xtensa-esp32-elf\esp-2022r1-11.2.0\xtensa-esp32-elf\xtensa-esp32-elf\sys-include\stdio.h:513:61: error: expected declaration specifiers or '...' before '__gnuc_va_list'
  513 | int     _vscanf_r (struct _reent *, const char *__restrict, __VALIST)
      |                                                             ^~~~~~~~
c:\espressif\tools\xtensa-esp32-elf\esp-2022r1-11.2.0\xtensa-esp32-elf\xtensa-esp32-elf\sys-include\stdio.h:515:62: error: expected declaration specifiers or '...' before '__gnuc_va_list'
  515 | int     _vsiprintf_r (struct _reent *, char *, const char *, __VALIST)
      |                                                              ^~~~~~~~
c:\espressif\tools\xtensa-esp32-elf\esp-2022r1-11.2.0\xtensa-esp32-elf\xtensa-esp32-elf\sys-include\stdio.h:517:67: error: expected declaration specifiers or '...' before '__gnuc_va_list'
  517 | int     _vsiscanf_r (struct _reent *, const char *, const char *, __VALIST)
      |                                                                   ^~~~~~~~
c:\espressif\tools\xtensa-esp32-elf\esp-2022r1-11.2.0\xtensa-esp32-elf\xtensa-esp32-elf\sys-include\stdio.h:519:49: error: expected declaration specifiers or '...' before 'size_t'
  519 | int     _vsniprintf_r (struct _reent *, char *, size_t, const char *, __VALIST)
      |                                                 ^~~~~~
c:\espressif\tools\xtensa-esp32-elf\esp-2022r1-11.2.0\xtensa-esp32-elf\xtensa-esp32-elf\sys-include\stdio.h:519:71: error: expected declaration specifiers or '...' before '__gnuc_va_list'
  519 | int     _vsniprintf_r (struct _reent *, char *, size_t, const char *, __VALIST)
      |                                                                       ^~~~~~~~
c:\espressif\tools\xtensa-esp32-elf\esp-2022r1-11.2.0\xtensa-esp32-elf\xtensa-esp32-elf\sys-include\stdio.h:521:58: error: expected declaration specifiers or '...' before 'size_t'
  521 | int     _vsnprintf_r (struct _reent *, char *__restrict, size_t, const char *__restrict, __VALIST)
      |                                                          ^~~~~~
c:\espressif\tools\xtensa-esp32-elf\esp-2022r1-11.2.0\xtensa-esp32-elf\xtensa-esp32-elf\sys-include\stdio.h:521:90: error: expected declaration specifiers or '...' before '__gnuc_va_list'
  521 | int     _vsnprintf_r (struct _reent *, char *__restrict, size_t, const char *__restrict, __VALIST)
      |                                                                                          ^~~~~~~~
c:\espressif\tools\xtensa-esp32-elf\esp-2022r1-11.2.0\xtensa-esp32-elf\xtensa-esp32-elf\sys-include\stdio.h:523:81: error: expected declaration specifiers or '...' before '__gnuc_va_list'
  523 | int     _vsprintf_r (struct _reent *, char *__restrict, const char *__restrict, __VALIST)
      |                                                                                 ^~~~~~~~
c:\espressif\tools\xtensa-esp32-elf\esp-2022r1-11.2.0\xtensa-esp32-elf\xtensa-esp32-elf\sys-include\stdio.h:525:86: error: expected declaration specifiers or '...' before '__gnuc_va_list'
  525 | int     _vsscanf_r (struct _reent *, const char *__restrict, const char *__restrict, __VALIST)
      |                                                                                      ^~~~~~~~
c:\espressif\tools\xtensa-esp32-elf\esp-2022r1-11.2.0\xtensa-esp32-elf\xtensa-esp32-elf\sys-include\stdio.h:530:17: error: unknown type name 'FILE'
  530 | int     fpurge (FILE *);
      |                 ^~~~
c:\espressif\tools\xtensa-esp32-elf\esp-2022r1-11.2.0\xtensa-esp32-elf\xtensa-esp32-elf\sys-include\stdio.h:530:17: note: 'FILE' is defined in header '<stdio.h>'; did you forget to '#include <stdio.h>'?
c:\espressif\tools\xtensa-esp32-elf\esp-2022r1-11.2.0\xtensa-esp32-elf\xtensa-esp32-elf\sys-include\stdio.h:531:1: error: unknown type name 'ssize_t'
  531 | ssize_t __getdelim (char **, size_t *, int, FILE *);
      | ^~~~~~~
c:\espressif\tools\xtensa-esp32-elf\esp-2022r1-11.2.0\xtensa-esp32-elf\xtensa-esp32-elf\sys-include\stdio.h:531:30: error: expected declaration specifiers or '...' before 'size_t'
  531 | ssize_t __getdelim (char **, size_t *, int, FILE *);
      |                              ^~~~~~
c:\espressif\tools\xtensa-esp32-elf\esp-2022r1-11.2.0\xtensa-esp32-elf\xtensa-esp32-elf\sys-include\stdio.h:531:45: error: unknown type name 'FILE'
  531 | ssize_t __getdelim (char **, size_t *, int, FILE *);
      |                                             ^~~~
c:\espressif\tools\xtensa-esp32-elf\esp-2022r1-11.2.0\xtensa-esp32-elf\xtensa-esp32-elf\sys-include\stdio.h:531:45: note: 'FILE' is defined in header '<stdio.h>'; did you forget to '#include <stdio.h>'?
c:\espressif\tools\xtensa-esp32-elf\esp-2022r1-11.2.0\xtensa-esp32-elf\xtensa-esp32-elf\sys-include\stdio.h:532:1: error: unknown type name 'ssize_t'
  532 | ssize_t __getline (char **, size_t *, FILE *);
      | ^~~~~~~
c:\espressif\tools\xtensa-esp32-elf\esp-2022r1-11.2.0\xtensa-esp32-elf\xtensa-esp32-elf\sys-include\stdio.h:532:29: error: expected declaration specifiers or '...' before 'size_t'
  532 | ssize_t __getline (char **, size_t *, FILE *);
      |                             ^~~~~~
c:\espressif\tools\xtensa-esp32-elf\esp-2022r1-11.2.0\xtensa-esp32-elf\xtensa-esp32-elf\sys-include\stdio.h:532:39: error: unknown type name 'FILE'
  532 | ssize_t __getline (char **, size_t *, FILE *);
      |                                       ^~~~
c:\espressif\tools\xtensa-esp32-elf\esp-2022r1-11.2.0\xtensa-esp32-elf\xtensa-esp32-elf\sys-include\stdio.h:532:39: note: 'FILE' is defined in header '<stdio.h>'; did you forget to '#include <stdio.h>'?
c:\espressif\tools\xtensa-esp32-elf\esp-2022r1-11.2.0\xtensa-esp32-elf\xtensa-esp32-elf\sys-include\stdio.h:535:28: error: unknown type name 'FILE'
  535 | void    clearerr_unlocked (FILE *);
      |                            ^~~~
c:\espressif\tools\xtensa-esp32-elf\esp-2022r1-11.2.0\xtensa-esp32-elf\xtensa-esp32-elf\sys-include\stdio.h:535:28: note: 'FILE' is defined in header '<stdio.h>'; did you forget to '#include <stdio.h>'?
c:\espressif\tools\xtensa-esp32-elf\esp-2022r1-11.2.0\xtensa-esp32-elf\xtensa-esp32-elf\sys-include\stdio.h:536:24: error: unknown type name 'FILE'
  536 | int     feof_unlocked (FILE *);
      |                        ^~~~
c:\espressif\tools\xtensa-esp32-elf\esp-2022r1-11.2.0\xtensa-esp32-elf\xtensa-esp32-elf\sys-include\stdio.h:536:24: note: 'FILE' is defined in header '<stdio.h>'; did you forget to '#include <stdio.h>'?
c:\espressif\tools\xtensa-esp32-elf\esp-2022r1-11.2.0\xtensa-esp32-elf\xtensa-esp32-elf\sys-include\stdio.h:537:26: error: unknown type name 'FILE'
  537 | int     ferror_unlocked (FILE *);
      |                          ^~~~
c:\espressif\tools\xtensa-esp32-elf\esp-2022r1-11.2.0\xtensa-esp32-elf\xtensa-esp32-elf\sys-include\stdio.h:537:26: note: 'FILE' is defined in header '<stdio.h>'; did you forget to '#include <stdio.h>'?
c:\espressif\tools\xtensa-esp32-elf\esp-2022r1-11.2.0\xtensa-esp32-elf\xtensa-esp32-elf\sys-include\stdio.h:538:26: error: unknown type name 'FILE'
  538 | int     fileno_unlocked (FILE *);
      |                          ^~~~
c:\espressif\tools\xtensa-esp32-elf\esp-2022r1-11.2.0\xtensa-esp32-elf\xtensa-esp32-elf\sys-include\stdio.h:538:26: note: 'FILE' is defined in header '<stdio.h>'; did you forget to '#include <stdio.h>'?
c:\espressif\tools\xtensa-esp32-elf\esp-2022r1-11.2.0\xtensa-esp32-elf\xtensa-esp32-elf\sys-include\stdio.h:539:26: error: unknown type name 'FILE'
  539 | int     fflush_unlocked (FILE *);
      |                          ^~~~
c:\espressif\tools\xtensa-esp32-elf\esp-2022r1-11.2.0\xtensa-esp32-elf\xtensa-esp32-elf\sys-include\stdio.h:539:26: note: 'FILE' is defined in header '<stdio.h>'; did you forget to '#include <stdio.h>'?
c:\espressif\tools\xtensa-esp32-elf\esp-2022r1-11.2.0\xtensa-esp32-elf\xtensa-esp32-elf\sys-include\stdio.h:540:25: error: unknown type name 'FILE'
  540 | int     fgetc_unlocked (FILE *);
      |                         ^~~~
c:\espressif\tools\xtensa-esp32-elf\esp-2022r1-11.2.0\xtensa-esp32-elf\xtensa-esp32-elf\sys-include\stdio.h:540:25: note: 'FILE' is defined in header '<stdio.h>'; did you forget to '#include <stdio.h>'?
c:\espressif\tools\xtensa-esp32-elf\esp-2022r1-11.2.0\xtensa-esp32-elf\xtensa-esp32-elf\sys-include\stdio.h:541:30: error: unknown type name 'FILE'
  541 | int     fputc_unlocked (int, FILE *);
      |                              ^~~~
c:\espressif\tools\xtensa-esp32-elf\esp-2022r1-11.2.0\xtensa-esp32-elf\xtensa-esp32-elf\sys-include\stdio.h:541:30: note: 'FILE' is defined in header '<stdio.h>'; did you forget to '#include <stdio.h>'?
c:\espressif\tools\xtensa-esp32-elf\esp-2022r1-11.2.0\xtensa-esp32-elf\xtensa-esp32-elf\sys-include\stdio.h:542:1: error: expected declaration specifiers before 'size_t'
  542 | size_t  fread_unlocked (void *__restrict, size_t _size, size_t _n, FILE *__restrict);
      | ^~~~~~
c:\espressif\tools\xtensa-esp32-elf\esp-2022r1-11.2.0\xtensa-esp32-elf\xtensa-esp32-elf\sys-include\stdio.h:543:1: error: expected declaration specifiers before 'size_t'
  543 | size_t  fwrite_unlocked (const void *__restrict , size_t _size, size_t _n, FILE *);
      | ^~~~~~
c:\espressif\tools\xtensa-esp32-elf\esp-2022r1-11.2.0\xtensa-esp32-elf\xtensa-esp32-elf\sys-include\stdio.h:547:48: error: unknown type name 'FILE'
  547 | char *  fgets_unlocked (char *__restrict, int, FILE *__restrict);
      |                                                ^~~~
c:\espressif\tools\xtensa-esp32-elf\esp-2022r1-11.2.0\xtensa-esp32-elf\xtensa-esp32-elf\sys-include\stdio.h:547:48: note: 'FILE' is defined in header '<stdio.h>'; did you forget to '#include <stdio.h>'?
c:\espressif\tools\xtensa-esp32-elf\esp-2022r1-11.2.0\xtensa-esp32-elf\xtensa-esp32-elf\sys-include\stdio.h:548:49: error: unknown type name 'FILE'
  548 | int     fputs_unlocked (const char *__restrict, FILE *__restrict);
      |                                                 ^~~~
c:\espressif\tools\xtensa-esp32-elf\esp-2022r1-11.2.0\xtensa-esp32-elf\xtensa-esp32-elf\sys-include\stdio.h:548:49: note: 'FILE' is defined in header '<stdio.h>'; did you forget to '#include <stdio.h>'?
c:\espressif\tools\xtensa-esp32-elf\esp-2022r1-11.2.0\xtensa-esp32-elf\xtensa-esp32-elf\sys-include\stdio.h:577:37: error: unknown type name 'FILE'
  577 | int     __srget_r (struct _reent *, FILE *);
      |                                     ^~~~
c:\espressif\tools\xtensa-esp32-elf\esp-2022r1-11.2.0\xtensa-esp32-elf\xtensa-esp32-elf\sys-include\stdio.h:577:37: note: 'FILE' is defined in header '<stdio.h>'; did you forget to '#include <stdio.h>'?
c:\espressif\tools\xtensa-esp32-elf\esp-2022r1-11.2.0\xtensa-esp32-elf\xtensa-esp32-elf\sys-include\stdio.h:578:42: error: unknown type name 'FILE'
  578 | int     __swbuf_r (struct _reent *, int, FILE *);
      |                                          ^~~~
c:\espressif\tools\xtensa-esp32-elf\esp-2022r1-11.2.0\xtensa-esp32-elf\xtensa-esp32-elf\sys-include\stdio.h:578:42: note: 'FILE' is defined in header '<stdio.h>'; did you forget to '#include <stdio.h>'?
c:\espressif\tools\xtensa-esp32-elf\esp-2022r1-11.2.0\xtensa-esp32-elf\xtensa-esp32-elf\sys-include\stdio.h:601:1: error: unknown type name 'FILE'
  601 | FILE    *funopen (const void *__cookie,
      | ^~~~
c:\espressif\tools\xtensa-esp32-elf\esp-2022r1-11.2.0\xtensa-esp32-elf\xtensa-esp32-elf\sys-include\stdio.h:601:1: note: 'FILE' is defined in header '<stdio.h>'; did you forget to '#include <stdio.h>'?
c:\espressif\tools\xtensa-esp32-elf\esp-2022r1-11.2.0\xtensa-esp32-elf\xtensa-esp32-elf\sys-include\stdio.h:606:17: error: unknown type name 'fpos_t'
  606 |                 fpos_t (*__seekfn)(void *__cookie, fpos_t __off, int __whence),
      |                 ^~~~~~
c:\espressif\tools\xtensa-esp32-elf\esp-2022r1-11.2.0\xtensa-esp32-elf\xtensa-esp32-elf\sys-include\stdio.h:606:17: note: 'fpos_t' is defined in header '<stdio.h>'; did you forget to '#include <stdio.h>'?
c:\espressif\tools\xtensa-esp32-elf\esp-2022r1-11.2.0\xtensa-esp32-elf\xtensa-esp32-elf\sys-include\stdio.h:608:1: error: unknown type name 'FILE'
  608 | FILE    *_funopen_r (struct _reent *, const void *__cookie,
      | ^~~~
c:\espressif\tools\xtensa-esp32-elf\esp-2022r1-11.2.0\xtensa-esp32-elf\xtensa-esp32-elf\sys-include\stdio.h:608:1: note: 'FILE' is defined in header '<stdio.h>'; did you forget to '#include <stdio.h>'?
c:\espressif\tools\xtensa-esp32-elf\esp-2022r1-11.2.0\xtensa-esp32-elf\xtensa-esp32-elf\sys-include\stdio.h:613:17: error: unknown type name 'fpos_t'
  613 |                 fpos_t (*__seekfn)(void *__cookie, fpos_t __off, int __whence),
      |                 ^~~~~~
c:\espressif\tools\xtensa-esp32-elf\esp-2022r1-11.2.0\xtensa-esp32-elf\xtensa-esp32-elf\sys-include\stdio.h:613:17: note: 'fpos_t' is defined in header '<stdio.h>'; did you forget to '#include <stdio.h>'?
c:\espressif\tools\xtensa-esp32-elf\esp-2022r1-11.2.0\xtensa-esp32-elf\xtensa-esp32-elf\sys-include\stdio.h:624:9: error: unknown type name 'ssize_t'
  624 | typedef ssize_t cookie_read_function_t(void *__cookie, char *__buf, size_t __n);
      |         ^~~~~~~
c:\espressif\tools\xtensa-esp32-elf\esp-2022r1-11.2.0\xtensa-esp32-elf\xtensa-esp32-elf\sys-include\stdio.h:624:69: error: expected declaration specifiers or '...' before 'size_t'
  624 | typedef ssize_t cookie_read_function_t(void *__cookie, char *__buf, size_t __n);
      |                                                                     ^~~~~~
c:\espressif\tools\xtensa-esp32-elf\esp-2022r1-11.2.0\xtensa-esp32-elf\xtensa-esp32-elf\sys-include\stdio.h:625:9: error: unknown type name 'ssize_t'
  625 | typedef ssize_t cookie_write_function_t(void *__cookie, const char *__buf,
      |         ^~~~~~~
c:\espressif\tools\xtensa-esp32-elf\esp-2022r1-11.2.0\xtensa-esp32-elf\xtensa-esp32-elf\sys-include\stdio.h:626:41: error: expected declaration specifiers or '...' before 'size_t'
  626 |                                         size_t __n);
      |                                         ^~~~~~
c:\espressif\tools\xtensa-esp32-elf\esp-2022r1-11.2.0\xtensa-esp32-elf\xtensa-esp32-elf\sys-include\stdio.h:631:52: error: expected declaration specifiers or '...' before 'off_t'
  631 | typedef int cookie_seek_function_t(void *__cookie, off_t *__off, int __whence);
      |                                                    ^~~~~
c:\espressif\tools\xtensa-esp32-elf\esp-2022r1-11.2.0\xtensa-esp32-elf\xtensa-esp32-elf\sys-include\stdio.h:633:13: error: storage class specified for parameter 'cookie_close_function_t'
  633 | typedef int cookie_close_function_t(void *__cookie);
      |             ^~~~~~~~~~~~~~~~~~~~~~~
c:\espressif\tools\xtensa-esp32-elf\esp-2022r1-11.2.0\xtensa-esp32-elf\xtensa-esp32-elf\sys-include\stdio.h:638:3: error: unknown type name 'cookie_read_function_t'
  638 |   cookie_read_function_t  *read;
      |   ^~~~~~~~~~~~~~~~~~~~~~
c:\espressif\tools\xtensa-esp32-elf\esp-2022r1-11.2.0\xtensa-esp32-elf\xtensa-esp32-elf\sys-include\stdio.h:639:3: error: unknown type name 'cookie_write_function_t'
  639 |   cookie_write_function_t *write;
      |   ^~~~~~~~~~~~~~~~~~~~~~~
c:\espressif\tools\xtensa-esp32-elf\esp-2022r1-11.2.0\xtensa-esp32-elf\xtensa-esp32-elf\sys-include\stdio.h:640:3: error: unknown type name 'cookie_seek_function_t'
  640 |   cookie_seek_function_t  *seek;
      |   ^~~~~~~~~~~~~~~~~~~~~~
c:\espressif\tools\xtensa-esp32-elf\esp-2022r1-11.2.0\xtensa-esp32-elf\xtensa-esp32-elf\sys-include\stdio.h:641:3: error: expected specifier-qualifier-list before 'cookie_close_function_t'
  641 |   cookie_close_function_t *close;
      |   ^~~~~~~~~~~~~~~~~~~~~~~
c:\espressif\tools\xtensa-esp32-elf\esp-2022r1-11.2.0\xtensa-esp32-elf\xtensa-esp32-elf\sys-include\stdio.h:642:3: error: storage class specified for parameter 'cookie_io_functions_t'
  642 | } cookie_io_functions_t;
      |   ^~~~~~~~~~~~~~~~~~~~~
c:\espressif\tools\xtensa-esp32-elf\esp-2022r1-11.2.0\xtensa-esp32-elf\xtensa-esp32-elf\sys-include\stdio.h:643:1: error: unknown type name 'FILE'
  643 | FILE *fopencookie (void *__cookie,
      | ^~~~
c:\espressif\tools\xtensa-esp32-elf\esp-2022r1-11.2.0\xtensa-esp32-elf\xtensa-esp32-elf\sys-include\stdio.h:643:1: note: 'FILE' is defined in header '<stdio.h>'; did you forget to '#include <stdio.h>'?
c:\espressif\tools\xtensa-esp32-elf\esp-2022r1-11.2.0\xtensa-esp32-elf\xtensa-esp32-elf\sys-include\stdio.h:644:37: error: expected declaration specifiers or '...' before 'cookie_io_functions_t'
  644 |                 const char *__mode, cookie_io_functions_t __functions);
      |                                     ^~~~~~~~~~~~~~~~~~~~~
c:\espressif\tools\xtensa-esp32-elf\esp-2022r1-11.2.0\xtensa-esp32-elf\xtensa-esp32-elf\sys-include\stdio.h:645:1: error: unknown type name 'FILE'
  645 | FILE *_fopencookie_r (struct _reent *, void *__cookie,
      | ^~~~
c:\espressif\tools\xtensa-esp32-elf\esp-2022r1-11.2.0\xtensa-esp32-elf\xtensa-esp32-elf\sys-include\stdio.h:645:1: note: 'FILE' is defined in header '<stdio.h>'; did you forget to '#include <stdio.h>'?
c:\espressif\tools\xtensa-esp32-elf\esp-2022r1-11.2.0\xtensa-esp32-elf\xtensa-esp32-elf\sys-include\stdio.h:646:37: error: expected declaration specifiers or '...' before 'cookie_io_functions_t'
  646 |                 const char *__mode, cookie_io_functions_t __functions);
      |                                     ^~~~~~~~~~~~~~~~~~~~~
c:\espressif\tools\xtensa-esp32-elf\esp-2022r1-11.2.0\xtensa-esp32-elf\xtensa-esp32-elf\sys-include\stdio.h:687:61: error: unknown type name 'FILE'
  687 | _ELIDABLE_INLINE int __sputc_r(struct _reent *_ptr, int _c, FILE *_p) {
      |                                                             ^~~~
c:\espressif\tools\xtensa-esp32-elf\esp-2022r1-11.2.0\xtensa-esp32-elf\xtensa-esp32-elf\sys-include\stdio.h:687:61: note: 'FILE' is defined in header '<stdio.h>'; did you forget to '#include <stdio.h>'?
c:\espressif\tools\xtensa-esp32-elf\esp-2022r1-11.2.0\xtensa-esp32-elf\xtensa-esp32-elf\sys-include\stdio.h:743:1: error: expected '=', ',', ';', 'asm' or '__attribute__' before '{' token
  743 | {
      | ^
c:\espressif\tools\xtensa-esp32-elf\esp-2022r1-11.2.0\xtensa-esp32-elf\xtensa-esp32-elf\sys-include\stdio.h:752:1: error: expected '=', ',', ';', 'asm' or '__attribute__' before '{' token
  752 | {
      | ^
In file included from C:/Users/kien/Downloads/esp32/update_ota_stm32/common/ota_command/bootloader_command.c:4:
C:/Users/kien/Downloads/esp32/update_ota_stm32/common/ota_command/convert_file_hex.c:6:1: warning: empty declaration
    6 | enum
      | ^~~~
C:/Users/kien/Downloads/esp32/update_ota_stm32/common/ota_command/convert_file_hex.c:11:1: error: parameter 'file_hex' is initialized
   11 | char file_hex[1024*50]=
      | ^~~~
C:/Users/kien/Downloads/esp32/update_ota_stm32/common/ota_command/convert_file_hex.c:29:1: error: expected '=', ',', ';', 'asm' or '__attribute__' before '{' token
   29 | {
      | ^
C:/Users/kien/Downloads/esp32/update_ota_stm32/common/ota_command/convert_file_hex.c:37:1: error: expected '=', ',', ';', 'asm' or '__attribute__' before '{' token
   37 | {
      | ^
C:/Users/kien/Downloads/esp32/update_ota_stm32/common/ota_command/convert_file_hex.c:55:1: error: expected '=', ',', ';', 'asm' or '__attribute__' before '{' token
   55 | {
      | ^
C:/Users/kien/Downloads/esp32/update_ota_stm32/common/ota_command/convert_file_hex.c:70:1: error: expected '=', ',', ';', 'asm' or '__attribute__' before '{' token
   70 | {
      | ^
C:/Users/kien/Downloads/esp32/update_ota_stm32/common/ota_command/convert_file_hex.c:76:1: error: expected '=', ',', ';', 'asm' or '__attribute__' before '{' token
   76 | {
      | ^
C:/Users/kien/Downloads/esp32/update_ota_stm32/common/ota_command/convert_file_hex.c:84:1: error: expected '=', ',', ';', 'asm' or '__attribute__' before '{' token
   84 | {
      | ^
C:/Users/kien/Downloads/esp32/update_ota_stm32/common/ota_command/bootloader_command.c:12:13: error: storage class specified for parameter 'file_hex'
   12 | extern char file_hex[];
      |             ^~~~~~~~
C:/Users/kien/Downloads/esp32/update_ota_stm32/common/ota_command/bootloader_command.c:12:13: error: redefinition of parameter 'file_hex'
In file included from C:/Users/kien/Downloads/esp32/update_ota_stm32/common/ota_command/bootloader_command.c:4:
C:/Users/kien/Downloads/esp32/update_ota_stm32/common/ota_command/convert_file_hex.c:11:6: note: previous definition of 'file_hex' with type 'char *'
   11 | char file_hex[1024*50]=
      |      ^~~~~~~~
C:/Users/kien/Downloads/esp32/update_ota_stm32/common/ota_command/bootloader_command.c:13:1: error: parameter 'index_file_hex' is initialized
   13 | uint16_t index_file_hex = 0;
      | ^~~~~~~~
C:/Users/kien/Downloads/esp32/update_ota_stm32/common/ota_command/bootloader_command.c:15:1: error: expected '=', ',', ';', 'asm' or '__attribute__' before '{' token
   15 | {
      | ^
C:/Users/kien/Downloads/esp32/update_ota_stm32/common/ota_command/bootloader_command.c:21:1: error: expected '=', ',', ';', 'asm' or '__attribute__' before '{' token
   21 | {
      | ^
C:/Users/kien/Downloads/esp32/update_ota_stm32/common/ota_command/bootloader_command.c:26:1: error: expected '=', ',', ';', 'asm' or '__attribute__' before '{' token
   26 | {
      | ^
C:/Users/kien/Downloads/esp32/update_ota_stm32/common/ota_command/bootloader_command.c:115:1: error: expected '=', ',', ';', 'asm' or '__attribute__' before '{' token
  115 | {
      | ^
C:/Users/kien/Downloads/esp32/update_ota_stm32/common/ota_command/bootloader_command.c:119:1: error: expected '=', ',', ';', 'asm' or '__attribute__' before '{' token
  119 | {
      | ^
C:/Users/kien/Downloads/esp32/update_ota_stm32/common/ota_command/bootloader_command.c:127:1: error: expected '=', ',', ';', 'asm' or '__attribute__' before '{' token
  127 | {
      | ^
C:/Users/kien/Downloads/esp32/update_ota_stm32/common/ota_command/bootloader_command.c:135:1: error: expected '=', ',', ';', 'asm' or '__attribute__' before '{' token
  135 | {
      | ^
C:/Users/kien/Downloads/esp32/update_ota_stm32/common/ota_command/bootloader_command.c:144:1: error: expected '=', ',', ';', 'asm' or '__attribute__' before '{' token
  144 | {
      | ^
In file included from C:/Users/kien/Downloads/esp32/update_ota_stm32/common/ota_command/bootloader_command.c:1:
C:/Users/kien/Downloads/esp32/update_ota_stm32/common/ota_command/bootloader_command.h:72:6: error: old-style parameter declarations in prototyped function definition
   72 | void ota_send_data(uint8_t* data, uint8_t len)
      |      ^~~~~~~~~~~~~
C:/Users/kien/Downloads/esp32/update_ota_stm32/common/ota_command/bootloader_command.c:152: error: expected '{' at end of input
[3/12] Building C object esp-idf/ota_command/CMakeFiles/__idf_ota_command.dir/convert_file_hex.c.obj
[4/12] Building C object esp-idf/uart_esp/CMakeFiles/__idf_uart_esp.dir/uart_esp.c.obj
FAILED: esp-idf/uart_esp/CMakeFiles/__idf_uart_esp.dir/uart_esp.c.obj 
ccache C:\Espressif\tools\xtensa-esp32-elf\esp-2022r1-11.2.0\xtensa-esp32-elf\bin\xtensa-esp32-elf-gcc.exe  -IC:/Users/kien/Downloads/esp32/update_ota_stm32/build/config -IC:/Users/kien/Downloads/esp32/update_ota_stm32/common/uart_esp -IC:/Espressif/frameworks/esp-idf-v5.0/components/newlib/platform_include -IC:/Espressif/frameworks/esp-idf-v5.0/components/freertos/FreeRTOS-Kernel/include -IC:/Espressif/frameworks/esp-idf-v5.0/components/freertos/esp_additions/include/freertos -IC:/Espressif/frameworks/esp-idf-v5.0/components/freertos/FreeRTOS-Kernel/portable/xtensa/include -IC:/Espressif/frameworks/esp-idf-v5.0/components/freertos/esp_additions/include -IC:/Espressif/frameworks/esp-idf-v5.0/components/esp_hw_support/include -IC:/Espressif/frameworks/esp-idf-v5.0/components/esp_hw_support/include/soc -IC:/Espressif/frameworks/esp-idf-v5.0/components/esp_hw_support/include/soc/esp32 -IC:/Espressif/frameworks/esp-idf-v5.0/components/esp_hw_support/port/esp32/. -IC:/Espressif/frameworks/esp-idf-v5.0/components/esp_hw_support/port/esp32/private_include -IC:/Espressif/frameworks/esp-idf-v5.0/components/heap/include -IC:/Espressif/frameworks/esp-idf-v5.0/components/log/include -IC:/Espressif/frameworks/esp-idf-v5.0/components/soc/include -IC:/Espressif/frameworks/esp-idf-v5.0/components/soc/esp32/. -IC:/Espressif/frameworks/esp-idf-v5.0/components/soc/esp32/include -IC:/Espressif/frameworks/esp-idf-v5.0/components/hal/esp32/include -IC:/Espressif/frameworks/esp-idf-v5.0/components/hal/include -IC:/Espressif/frameworks/esp-idf-v5.0/components/hal/platform_port/include -IC:/Espressif/frameworks/esp-idf-v5.0/components/esp_rom/include -IC:/Espressif/frameworks/esp-idf-v5.0/components/esp_rom/include/esp32 -IC:/Espressif/frameworks/esp-idf-v5.0/components/esp_rom/esp32 -IC:/Espressif/frameworks/esp-idf-v5.0/components/esp_common/include -IC:/Espressif/frameworks/esp-idf-v5.0/components/esp_system/include -IC:/Espressif/frameworks/esp-idf-v5.0/components/esp_system/port/soc -IC:/Espressif/frameworks/esp-idf-v5.0/components/esp_system/port/include/private -IC:/Espressif/frameworks/esp-idf-v5.0/components/xtensa/include -IC:/Espressif/frameworks/esp-idf-v5.0/components/xtensa/esp32/include -IC:/Espressif/frameworks/esp-idf-v5.0/components/lwip/include -IC:/Espressif/frameworks/esp-idf-v5.0/components/lwip/include/apps -IC:/Espressif/frameworks/esp-idf-v5.0/components/lwip/include/apps/sntp -IC:/Espressif/frameworks/esp-idf-v5.0/components/lwip/lwip/src/include -IC:/Espressif/frameworks/esp-idf-v5.0/components/lwip/port/esp32/include -IC:/Espressif/frameworks/esp-idf-v5.0/components/lwip/port/esp32/include/arch -IC:/Espressif/frameworks/esp-idf-v5.0/components/driver/include -IC:/Espressif/frameworks/esp-idf-v5.0/components/driver/deprecated -IC:/Espressif/frameworks/esp-idf-v5.0/components/driver/esp32/include -IC:/Espressif/frameworks/esp-idf-v5.0/components/esp_pm/include -IC:/Espressif/frameworks/esp-idf-v5.0/components/esp_ringbuf/include -IC:/Users/kien/Downloads/esp32/update_ota_stm32/common/ota_command -IC:/Users/kien/Downloads/esp32/update_ota_stm32/common/min_protocol -mlongcalls -Wno-frame-address  -fdiagnostics-color=always -ffunction-sections -fdata-sections -Wall -Werror=all -Wno-error=unused-function -Wno-error=unused-variable -Wno-error=deprecated-declarations -Wextra -Wno-unused-parameter -Wno-sign-compare -Wno-enum-conversion -gdwarf-4 -ggdb -Og -fmacro-prefix-map=C:/Users/kien/Downloads/esp32/update_ota_stm32=. -fmacro-prefix-map=C:/Espressif/frameworks/esp-idf-v5.0=/IDF -fstrict-volatile-bitfields -Wno-error=unused-but-set-variable -fno-jump-tables -fno-tree-switch-conversion -DconfigENABLE_FREERTOS_DEBUG_OCDAWARE=1 -std=gnu17 -Wno-old-style-declaration -D_GNU_SOURCE -DIDF_VER=\"v5.0-dirty\" -DESP_PLATFORM -D_POSIX_READER_WRITER_LOCKS -Wno-format -MD -MT esp-idf/uart_esp/CMakeFiles/__idf_uart_esp.dir/uart_esp.c.obj -MF esp-idf\uart_esp\CMakeFiles\__idf_uart_esp.dir\uart_esp.c.obj.d -o esp-idf/uart_esp/CMakeFiles/__idf_uart_esp.dir/uart_esp.c.obj -c C:/Users/kien/Downloads/esp32/update_ota_stm32/common/uart_esp/uart_esp.c
C:/Users/kien/Downloads/esp32/update_ota_stm32/common/uart_esp/uart_esp.c: In function 'ota_send_data':
C:/Users/kien/Downloads/esp32/update_ota_stm32/common/uart_esp/uart_esp.c:4:20: error: storage class specified for parameter 'TAG'
    4 | static const char *TAG = "uart_events";
      |                    ^~~
C:/Users/kien/Downloads/esp32/update_ota_stm32/common/uart_esp/uart_esp.c:4:1: error: parameter 'TAG' is initialized
    4 | static const char *TAG = "uart_events";
      | ^~~~~~
C:/Users/kien/Downloads/esp32/update_ota_stm32/common/uart_esp/uart_esp.c:6:22: error: storage class specified for parameter 'uart0_queue'
    6 | static QueueHandle_t uart0_queue;
      |                      ^~~~~~~~~~~
C:/Users/kien/Downloads/esp32/update_ota_stm32/common/uart_esp/uart_esp.c:9:1: error: expected '=', ',', ';', 'asm' or '__attribute__' before '{' token
    9 | {
      | ^
C:/Users/kien/Downloads/esp32/update_ota_stm32/common/uart_esp/uart_esp.c:91:1: error: expected '=', ',', ';', 'asm' or '__attribute__' before '{' token
   91 | {
      | ^
In file included from C:/Users/kien/Downloads/esp32/update_ota_stm32/common/uart_esp/uart_esp.c:2:
C:/Users/kien/Downloads/esp32/update_ota_stm32/common/ota_command/bootloader_command.h:72:6: error: old-style parameter declarations in prototyped function definition
   72 | void ota_send_data(uint8_t* data, uint8_t len)
      |      ^~~~~~~~~~~~~
C:/Users/kien/Downloads/esp32/update_ota_stm32/common/uart_esp/uart_esp.c:121: error: expected '{' at end of input
[5/12] Building C object esp-idf/main/CMakeFiles/__idf_main.dir/main.c.obj
FAILED: esp-idf/main/CMakeFiles/__idf_main.dir/main.c.obj 
ccache C:\Espressif\tools\xtensa-esp32-elf\esp-2022r1-11.2.0\xtensa-esp32-elf\bin\xtensa-esp32-elf-gcc.exe -DMBEDTLS_CONFIG_FILE=\"mbedtls/esp_config.h\" -DUNITY_INCLUDE_CONFIG_H -IC:/Users/kien/Downloads/esp32/update_ota_stm32/build/config -IC:/Users/kien/Downloads/esp32/update_ota_stm32/main -IC:/Espressif/frameworks/esp-idf-v5.0/components/newlib/platform_include -IC:/Espressif/frameworks/esp-idf-v5.0/components/freertos/FreeRTOS-Kernel/include -IC:/Espressif/frameworks/esp-idf-v5.0/components/freertos/esp_additions/include/freertos -IC:/Espressif/frameworks/esp-idf-v5.0/components/freertos/FreeRTOS-Kernel/portable/xtensa/include -IC:/Espressif/frameworks/esp-idf-v5.0/components/freertos/esp_additions/include -IC:/Espressif/frameworks/esp-idf-v5.0/components/esp_hw_support/include -IC:/Espressif/frameworks/esp-idf-v5.0/components/esp_hw_support/include/soc -IC:/Espressif/frameworks/esp-idf-v5.0/components/esp_hw_support/include/soc/esp32 -IC:/Espressif/frameworks/esp-idf-v5.0/components/esp_hw_support/port/esp32/. -IC:/Espressif/frameworks/esp-idf-v5.0/components/esp_hw_support/port/esp32/private_include -IC:/Espressif/frameworks/esp-idf-v5.0/components/heap/include -IC:/Espressif/frameworks/esp-idf-v5.0/components/log/include -IC:/Espressif/frameworks/esp-idf-v5.0/components/soc/include -IC:/Espressif/frameworks/esp-idf-v5.0/components/soc/esp32/. -IC:/Espressif/frameworks/esp-idf-v5.0/components/soc/esp32/include -IC:/Espressif/frameworks/esp-idf-v5.0/components/hal/esp32/include -IC:/Espressif/frameworks/esp-idf-v5.0/components/hal/include -IC:/Espressif/frameworks/esp-idf-v5.0/components/hal/platform_port/include -IC:/Espressif/frameworks/esp-idf-v5.0/components/esp_rom/include -IC:/Espressif/frameworks/esp-idf-v5.0/components/esp_rom/include/esp32 -IC:/Espressif/frameworks/esp-idf-v5.0/components/esp_rom/esp32 -IC:/Espressif/frameworks/esp-idf-v5.0/components/esp_common/include -IC:/Espressif/frameworks/esp-idf-v5.0/components/esp_system/include -IC:/Espressif/frameworks/esp-idf-v5.0/components/esp_system/port/soc -IC:/Espressif/frameworks/esp-idf-v5.0/components/esp_system/port/include/private -IC:/Espressif/frameworks/esp-idf-v5.0/components/xtensa/include -IC:/Espressif/frameworks/esp-idf-v5.0/components/xtensa/esp32/include -IC:/Espressif/frameworks/esp-idf-v5.0/components/lwip/include -IC:/Espressif/frameworks/esp-idf-v5.0/components/lwip/include/apps -IC:/Espressif/frameworks/esp-idf-v5.0/components/lwip/include/apps/sntp -IC:/Espressif/frameworks/esp-idf-v5.0/components/lwip/lwip/src/include -IC:/Espressif/frameworks/esp-idf-v5.0/components/lwip/port/esp32/include -IC:/Espressif/frameworks/esp-idf-v5.0/components/lwip/port/esp32/include/arch -IC:/Espressif/frameworks/esp-idf-v5.0/components/esp_ringbuf/include -IC:/Espressif/frameworks/esp-idf-v5.0/components/efuse/include -IC:/Espressif/frameworks/esp-idf-v5.0/components/efuse/esp32/include -IC:/Espressif/frameworks/esp-idf-v5.0/components/driver/include -IC:/Espressif/frameworks/esp-idf-v5.0/components/driver/deprecated -IC:/Espressif/frameworks/esp-idf-v5.0/components/driver/esp32/include -IC:/Espressif/frameworks/esp-idf-v5.0/components/esp_pm/include -IC:/Espressif/frameworks/esp-idf-v5.0/components/mbedtls/port/include -IC:/Espressif/frameworks/esp-idf-v5.0/components/mbedtls/mbedtls/include -IC:/Espressif/frameworks/esp-idf-v5.0/components/mbedtls/mbedtls/library -IC:/Espressif/frameworks/esp-idf-v5.0/components/mbedtls/esp_crt_bundle/include -IC:/Espressif/frameworks/esp-idf-v5.0/components/esp_app_format/include -IC:/Espressif/frameworks/esp-idf-v5.0/components/bootloader_support/include -IC:/Espressif/frameworks/esp-idf-v5.0/components/bootloader_support/bootloader_flash/include -IC:/Espressif/frameworks/esp-idf-v5.0/components/esp_partition/include -IC:/Espressif/frameworks/esp-idf-v5.0/components/app_update/include -IC:/Espressif/frameworks/esp-idf-v5.0/components/spi_flash/include -IC:/Espressif/frameworks/esp-idf-v5.0/components/pthread/include -IC:/Espressif/frameworks/esp-idf-v5.0/components/esp_timer/include -IC:/Espressif/frameworks/esp-idf-v5.0/components/app_trace/include -IC:/Espressif/frameworks/esp-idf-v5.0/components/esp_event/include -IC:/Espressif/frameworks/esp-idf-v5.0/components/nvs_flash/include -IC:/Espressif/frameworks/esp-idf-v5.0/components/esp_phy/include -IC:/Espressif/frameworks/esp-idf-v5.0/components/esp_phy/esp32/include -IC:/Espressif/frameworks/esp-idf-v5.0/components/vfs/include -IC:/Espressif/frameworks/esp-idf-v5.0/components/esp_netif/include -IC:/Espressif/frameworks/esp-idf-v5.0/components/wpa_supplicant/include -IC:/Espressif/frameworks/esp-idf-v5.0/components/wpa_supplicant/port/include -IC:/Espressif/frameworks/esp-idf-v5.0/components/wpa_supplicant/esp_supplicant/include -IC:/Espressif/frameworks/esp-idf-v5.0/components/esp_wifi/include -IC:/Espressif/frameworks/esp-idf-v5.0/components/unity/include -IC:/Espressif/frameworks/esp-idf-v5.0/components/unity/unity/src -IC:/Espressif/frameworks/esp-idf-v5.0/components/cmock/CMock/src -IC:/Espressif/frameworks/esp-idf-v5.0/components/console -IC:/Espressif/frameworks/esp-idf-v5.0/components/http_parser -IC:/Espressif/frameworks/esp-idf-v5.0/components/esp-tls -IC:/Espressif/frameworks/esp-idf-v5.0/components/esp-tls/esp-tls-crypto -IC:/Espressif/frameworks/esp-idf-v5.0/components/esp_adc/include -IC:/Espressif/frameworks/esp-idf-v5.0/components/esp_adc/interface -IC:/Espressif/frameworks/esp-idf-v5.0/components/esp_adc/esp32/include -IC:/Espressif/frameworks/esp-idf-v5.0/components/esp_adc/deprecated/include -IC:/Espressif/frameworks/esp-idf-v5.0/components/esp_eth/include -IC:/Espressif/frameworks/esp-idf-v5.0/components/esp_gdbstub/include -IC:/Espressif/frameworks/esp-idf-v5.0/components/esp_gdbstub/xtensa -IC:/Espressif/frameworks/esp-idf-v5.0/components/esp_gdbstub/esp32 -IC:/Espressif/frameworks/esp-idf-v5.0/components/esp_hid/include -IC:/Espressif/frameworks/esp-idf-v5.0/components/tcp_transport/include -IC:/Espressif/frameworks/esp-idf-v5.0/components/esp_http_client/include -IC:/Espressif/frameworks/esp-idf-v5.0/components/esp_http_server/include -IC:/Espressif/frameworks/esp-idf-v5.0/components/esp_https_ota/include -IC:/Espressif/frameworks/esp-idf-v5.0/components/esp_lcd/include -IC:/Espressif/frameworks/esp-idf-v5.0/components/esp_lcd/interface -IC:/Espressif/frameworks/esp-idf-v5.0/components/protobuf-c/protobuf-c -IC:/Espressif/frameworks/esp-idf-v5.0/components/protocomm/include/common -IC:/Espressif/frameworks/esp-idf-v5.0/components/protocomm/include/security -IC:/Espressif/frameworks/esp-idf-v5.0/components/protocomm/include/transports -IC:/Espressif/frameworks/esp-idf-v5.0/components/esp_local_ctrl/include -IC:/Espressif/frameworks/esp-idf-v5.0/components/esp_psram/include -IC:/Espressif/frameworks/esp-idf-v5.0/components/espcoredump/include -IC:/Espressif/frameworks/esp-idf-v5.0/components/espcoredump/include/port/xtensa -IC:/Espressif/frameworks/esp-idf-v5.0/components/wear_levelling/include -IC:/Espressif/frameworks/esp-idf-v5.0/components/sdmmc/include -IC:/Espressif/frameworks/esp-idf-v5.0/components/fatfs/diskio -IC:/Espressif/frameworks/esp-idf-v5.0/components/fatfs/vfs -IC:/Espressif/frameworks/esp-idf-v5.0/components/fatfs/src -IC:/Espressif/frameworks/esp-idf-v5.0/components/idf_test/include -IC:/Espressif/frameworks/esp-idf-v5.0/components/idf_test/include/esp32 -IC:/Espressif/frameworks/esp-idf-v5.0/components/ieee802154/include -IC:/Espressif/frameworks/esp-idf-v5.0/components/json/cJSON -IC:/Espressif/frameworks/esp-idf-v5.0/components/mqtt/esp-mqtt/include -IC:/Espressif/frameworks/esp-idf-v5.0/components/perfmon/include -IC:/Espressif/frameworks/esp-idf-v5.0/components/spiffs/include -IC:/Espressif/frameworks/esp-idf-v5.0/components/ulp/ulp_common/include -IC:/Espressif/frameworks/esp-idf-v5.0/components/ulp/ulp_common/include/esp32 -IC:/Espressif/frameworks/esp-idf-v5.0/components/wifi_provisioning/include -IC:/Users/kien/Downloads/esp32/update_ota_stm32/common/http_server_app -IC:/Users/kien/Downloads/esp32/update_ota_stm32/common/app_config -IC:/Users/kien/Downloads/esp32/update_ota_stm32/common/app_ota -IC:/Users/kien/Downloads/esp32/update_ota_stm32/common/ota_command -IC:/Users/kien/Downloads/esp32/update_ota_stm32/common/min_protocol -IC:/Users/kien/Downloads/esp32/update_ota_stm32/common/uart_esp -mlongcalls -Wno-frame-address  -fdiagnostics-color=always -ffunction-sections -fdata-sections -Wall -Werror=all -Wno-error=unused-function -Wno-error=unused-variable -Wno-error=deprecated-declarations -Wextra -Wno-unused-parameter -Wno-sign-compare -Wno-enum-conversion -gdwarf-4 -ggdb -Og -fmacro-prefix-map=C:/Users/kien/Downloads/esp32/update_ota_stm32=. -fmacro-prefix-map=C:/Espressif/frameworks/esp-idf-v5.0=/IDF -fstrict-volatile-bitfields -Wno-error=unused-but-set-variable -fno-jump-tables -fno-tree-switch-conversion -DconfigENABLE_FREERTOS_DEBUG_OCDAWARE=1 -std=gnu17 -Wno-old-style-declaration -D_GNU_SOURCE -DIDF_VER=\"v5.0-dirty\" -DESP_PLATFORM -D_POSIX_READER_WRITER_LOCKS -Wno-format -MD -MT esp-idf/main/CMakeFiles/__idf_main.dir/main.c.obj -MF esp-idf\main\CMakeFiles\__idf_main.dir\main.c.obj.d -o esp-idf/main/CMakeFiles/__idf_main.dir/main.c.obj -c C:/Users/kien/Downloads/esp32/update_ota_stm32/main/main.c
In file included from C:/Espressif/frameworks/esp-idf-v5.0/components/driver/include/driver/uart.h:20,
                 from C:/Users/kien/Downloads/esp32/update_ota_stm32/common/uart_esp/uart_esp.h:9,
                 from C:/Users/kien/Downloads/esp32/update_ota_stm32/main/main.c:29:
C:/Espressif/frameworks/esp-idf-v5.0/components/esp_ringbuf/include/freertos/ringbuf.h: In function 'ota_send_data':
C:/Espressif/frameworks/esp-idf-v5.0/components/esp_ringbuf/include/freertos/ringbuf.h:25:16: error: storage class specified for parameter 'RingbufHandle_t'
   25 | typedef void * RingbufHandle_t;
      |                ^~~~~~~~~~~~~~~
C:/Espressif/frameworks/esp-idf-v5.0/components/esp_ringbuf/include/freertos/ringbuf.h:49:3: error: storage class specified for parameter 'RingbufferType_t'
   49 | } RingbufferType_t;
      |   ^~~~~~~~~~~~~~~~
C:/Espressif/frameworks/esp-idf-v5.0/components/esp_ringbuf/include/freertos/ringbuf.h:70:3: error: storage class specified for parameter 'StaticRingbuffer_t'
   70 | } StaticRingbuffer_t;
      |   ^~~~~~~~~~~~~~~~~~
C:/Espressif/frameworks/esp-idf-v5.0/components/esp_ringbuf/include/freertos/ringbuf.h:84:1: error: expected declaration specifiers before 'RingbufHandle_t'
   84 | RingbufHandle_t xRingbufferCreate(size_t xBufferSize, RingbufferType_t xBufferType);
      | ^~~~~~~~~~~~~~~
C:/Espressif/frameworks/esp-idf-v5.0/components/esp_ringbuf/include/freertos/ringbuf.h:97:1: error: expected declaration specifiers before 'RingbufHandle_t'
   97 | RingbufHandle_t xRingbufferCreateNoSplit(size_t xItemSize, size_t xItemNum);
      | ^~~~~~~~~~~~~~~
C:/Espressif/frameworks/esp-idf-v5.0/components/esp_ringbuf/include/freertos/ringbuf.h:115:1: error: expected declaration specifiers before 'RingbufHandle_t'
  115 | RingbufHandle_t xRingbufferCreateStatic(size_t xBufferSize,
      | ^~~~~~~~~~~~~~~
C:/Espressif/frameworks/esp-idf-v5.0/components/esp_ringbuf/include/freertos/ringbuf.h:141:28: error: expected declaration specifiers or '...' before 'RingbufHandle_t'
  141 | BaseType_t xRingbufferSend(RingbufHandle_t xRingbuffer,
      |                            ^~~~~~~~~~~~~~~
In file included from C:/Espressif/frameworks/esp-idf-v5.0/components/driver/include/driver/uart.h:20,
                 from C:/Users/kien/Downloads/esp32/update_ota_stm32/common/uart_esp/uart_esp.h:9,
                 from C:/Users/kien/Downloads/esp32/update_ota_stm32/main/main.c:29:
C:/Espressif/frameworks/esp-idf-v5.0/components/esp_ringbuf/include/freertos/ringbuf.h:166:35: error: expected declaration specifiers or '...' before 'RingbufHandle_t'
  166 | BaseType_t xRingbufferSendFromISR(RingbufHandle_t xRingbuffer,
      |                                   ^~~~~~~~~~~~~~~
C:/Espressif/frameworks/esp-idf-v5.0/components/esp_ringbuf/include/freertos/ringbuf.h:197:35: error: expected declaration specifiers or '...' before 'RingbufHandle_t'
  197 | BaseType_t xRingbufferSendAcquire(RingbufHandle_t xRingbuffer, void **ppvItem, size_t xItemSize, TickType_t xTicksToWait);
      |                                   ^~~~~~~~~~~~~~~
C:/Espressif/frameworks/esp-idf-v5.0/components/esp_ringbuf/include/freertos/ringbuf.h:213:36: error: expected declaration specifiers or '...' before 'RingbufHandle_t'
  213 | BaseType_t xRingbufferSendComplete(RingbufHandle_t xRingbuffer, void *pvItem);
      |                                    ^~~~~~~~~~~~~~~
C:/Espressif/frameworks/esp-idf-v5.0/components/esp_ringbuf/include/freertos/ringbuf.h:231:26: error: expected declaration specifiers or '...' before 'RingbufHandle_t'
  231 | void *xRingbufferReceive(RingbufHandle_t xRingbuffer, size_t *pxItemSize, TickType_t xTicksToWait);
      |                          ^~~~~~~~~~~~~~~
C:/Espressif/frameworks/esp-idf-v5.0/components/esp_ringbuf/include/freertos/ringbuf.h:251:33: error: expected declaration specifiers or '...' before 'RingbufHandle_t'
  251 | void *xRingbufferReceiveFromISR(RingbufHandle_t xRingbuffer, size_t *pxItemSize);
      |                                 ^~~~~~~~~~~~~~~
C:/Espressif/frameworks/esp-idf-v5.0/components/esp_ringbuf/include/freertos/ringbuf.h:275:36: error: expected declaration specifiers or '...' before 'RingbufHandle_t'
  275 | BaseType_t xRingbufferReceiveSplit(RingbufHandle_t xRingbuffer,
      |                                    ^~~~~~~~~~~~~~~
C:/Espressif/frameworks/esp-idf-v5.0/components/esp_ringbuf/include/freertos/ringbuf.h:303:43: error: expected declaration specifiers or '...' before 'RingbufHandle_t'
  303 | BaseType_t xRingbufferReceiveSplitFromISR(RingbufHandle_t xRingbuffer,
      |                                           ^~~~~~~~~~~~~~~
C:/Espressif/frameworks/esp-idf-v5.0/components/esp_ringbuf/include/freertos/ringbuf.h:331:30: error: expected declaration specifiers or '...' before 'RingbufHandle_t'
  331 | void *xRingbufferReceiveUpTo(RingbufHandle_t xRingbuffer,
      |                              ^~~~~~~~~~~~~~~
C:/Espressif/frameworks/esp-idf-v5.0/components/esp_ringbuf/include/freertos/ringbuf.h:357:37: error: expected declaration specifiers or '...' before 'RingbufHandle_t'
  357 | void *xRingbufferReceiveUpToFromISR(RingbufHandle_t xRingbuffer, size_t *pxItemSize, size_t xMaxSize);
      |                                     ^~~~~~~~~~~~~~~
C:/Espressif/frameworks/esp-idf-v5.0/components/esp_ringbuf/include/freertos/ringbuf.h:367:28: error: expected declaration specifiers or '...' before 'RingbufHandle_t'
  367 | void vRingbufferReturnItem(RingbufHandle_t xRingbuffer, void *pvItem);
      |                            ^~~~~~~~~~~~~~~
C:/Espressif/frameworks/esp-idf-v5.0/components/esp_ringbuf/include/freertos/ringbuf.h:379:35: error: expected declaration specifiers or '...' before 'RingbufHandle_t'
  379 | void vRingbufferReturnItemFromISR(RingbufHandle_t xRingbuffer, void *pvItem, BaseType_t *pxHigherPriorityTaskWoken);
      |                                   ^~~~~~~~~~~~~~~
C:/Espressif/frameworks/esp-idf-v5.0/components/esp_ringbuf/include/freertos/ringbuf.h:390:24: error: expected declaration specifiers or '...' before 'RingbufHandle_t'
  390 | void vRingbufferDelete(RingbufHandle_t xRingbuffer);
      |                        ^~~~~~~~~~~~~~~
C:/Espressif/frameworks/esp-idf-v5.0/components/esp_ringbuf/include/freertos/ringbuf.h:408:34: error: expected declaration specifiers or '...' before 'RingbufHandle_t'
  408 | size_t xRingbufferGetMaxItemSize(RingbufHandle_t xRingbuffer);
      |                                  ^~~~~~~~~~~~~~~
C:/Espressif/frameworks/esp-idf-v5.0/components/esp_ringbuf/include/freertos/ringbuf.h:429:34: error: expected declaration specifiers or '...' before 'RingbufHandle_t'
  429 | size_t xRingbufferGetCurFreeSize(RingbufHandle_t xRingbuffer);
      |                                  ^~~~~~~~~~~~~~~
C:/Espressif/frameworks/esp-idf-v5.0/components/esp_ringbuf/include/freertos/ringbuf.h:444:41: error: expected declaration specifiers or '...' before 'RingbufHandle_t'
  444 | BaseType_t xRingbufferAddToQueueSetRead(RingbufHandle_t xRingbuffer, QueueSetHandle_t xQueueSet);
      |                                         ^~~~~~~~~~~~~~~
C:/Espressif/frameworks/esp-idf-v5.0/components/esp_ringbuf/include/freertos/ringbuf.h:461:31: error: expected declaration specifiers or '...' before 'RingbufHandle_t'
  461 | BaseType_t xRingbufferCanRead(RingbufHandle_t xRingbuffer, QueueSetMemberHandle_t xMember);
      |                               ^~~~~~~~~~~~~~~
C:/Espressif/frameworks/esp-idf-v5.0/components/esp_ringbuf/include/freertos/ringbuf.h:476:46: error: expected declaration specifiers or '...' before 'RingbufHandle_t'
  476 | BaseType_t xRingbufferRemoveFromQueueSetRead(RingbufHandle_t xRingbuffer, QueueSetHandle_t xQueueSet);
      |                                              ^~~~~~~~~~~~~~~
C:/Espressif/frameworks/esp-idf-v5.0/components/esp_ringbuf/include/freertos/ringbuf.h:492:25: error: expected declaration specifiers or '...' before 'RingbufHandle_t'
  492 | void vRingbufferGetInfo(RingbufHandle_t xRingbuffer,
      |                         ^~~~~~~~~~~~~~~
C:/Espressif/frameworks/esp-idf-v5.0/components/esp_ringbuf/include/freertos/ringbuf.h:504:27: error: expected declaration specifiers or '...' before 'RingbufHandle_t'
  504 | void xRingbufferPrintInfo(RingbufHandle_t xRingbuffer);
      |                           ^~~~~~~~~~~~~~~
In file included from C:/Espressif/frameworks/esp-idf-v5.0/components/hal/include/hal/uart_types.h:16,
                 from C:/Espressif/frameworks/esp-idf-v5.0/components/driver/include/driver/uart.h:21,
                 from C:/Users/kien/Downloads/esp32/update_ota_stm32/common/uart_esp/uart_esp.h:9,
                 from C:/Users/kien/Downloads/esp32/update_ota_stm32/main/main.c:29:
C:/Espressif/frameworks/esp-idf-v5.0/components/soc/esp32/include/soc/clk_tree_defs.h:58:3: error: storage class specified for parameter 'soc_root_clk_t'
   58 | } soc_root_clk_t;
      |   ^~~~~~~~~~~~~~
C:/Espressif/frameworks/esp-idf-v5.0/components/soc/esp32/include/soc/clk_tree_defs.h:70:3: error: storage class specified for parameter 'soc_cpu_clk_src_t'
   70 | } soc_cpu_clk_src_t;
      |   ^~~~~~~~~~~~~~~~~
C:/Espressif/frameworks/esp-idf-v5.0/components/soc/esp32/include/soc/clk_tree_defs.h:81:3: error: storage class specified for parameter 'soc_rtc_slow_clk_src_t'
   81 | } soc_rtc_slow_clk_src_t;
      |   ^~~~~~~~~~~~~~~~~~~~~~
C:/Espressif/frameworks/esp-idf-v5.0/components/soc/esp32/include/soc/clk_tree_defs.h:92:3: error: storage class specified for parameter 'soc_rtc_fast_clk_src_t'
   92 | } soc_rtc_fast_clk_src_t;
      |   ^~~~~~~~~~~~~~~~~~~~~~
C:/Espressif/frameworks/esp-idf-v5.0/components/soc/esp32/include/soc/clk_tree_defs.h:118:3: error: storage class specified for parameter 'soc_module_clk_t'
  118 | } soc_module_clk_t;
      |   ^~~~~~~~~~~~~~~~
C:/Espressif/frameworks/esp-idf-v5.0/components/soc/esp32/include/soc/clk_tree_defs.h:143:3: error: storage class specified for parameter 'soc_periph_gptimer_clk_src_t'
  143 | } soc_periph_gptimer_clk_src_t;
      |   ^~~~~~~~~~~~~~~~~~~~~~~~~~~~
C:/Espressif/frameworks/esp-idf-v5.0/components/soc/esp32/include/soc/clk_tree_defs.h:151:3: error: storage class specified for parameter 'soc_periph_tg_clk_src_legacy_t'
  151 | } soc_periph_tg_clk_src_legacy_t;
      |   ^~~~~~~~~~~~~~~~~~~~~~~~~~~~~~
C:/Espressif/frameworks/esp-idf-v5.0/components/soc/esp32/include/soc/clk_tree_defs.h:168:3: error: storage class specified for parameter 'soc_periph_lcd_clk_src_t'
  168 | } soc_periph_lcd_clk_src_t;
      |   ^~~~~~~~~~~~~~~~~~~~~~~~
C:/Espressif/frameworks/esp-idf-v5.0/components/soc/esp32/include/soc/clk_tree_defs.h:184:3: error: storage class specified for parameter 'soc_periph_rmt_clk_src_t'
  184 | } soc_periph_rmt_clk_src_t;
      |   ^~~~~~~~~~~~~~~~~~~~~~~~
C:/Espressif/frameworks/esp-idf-v5.0/components/soc/esp32/include/soc/clk_tree_defs.h:193:3: error: storage class specified for parameter 'soc_periph_rmt_clk_src_legacy_t'
  193 | } soc_periph_rmt_clk_src_legacy_t;
      |   ^~~~~~~~~~~~~~~~~~~~~~~~~~~~~~~
C:/Espressif/frameworks/esp-idf-v5.0/components/soc/esp32/include/soc/clk_tree_defs.h:204:3: error: storage class specified for parameter 'soc_periph_uart_clk_src_legacy_t'
  204 | } soc_periph_uart_clk_src_legacy_t;
      |   ^~~~~~~~~~~~~~~~~~~~~~~~~~~~~~~~
C:/Espressif/frameworks/esp-idf-v5.0/components/soc/esp32/include/soc/clk_tree_defs.h:219:3: error: storage class specified for parameter 'soc_periph_mcpwm_timer_clk_src_t'
  219 | } soc_periph_mcpwm_timer_clk_src_t;
      |   ^~~~~~~~~~~~~~~~~~~~~~~~~~~~~~~~
C:/Espressif/frameworks/esp-idf-v5.0/components/soc/esp32/include/soc/clk_tree_defs.h:232:3: error: storage class specified for parameter 'soc_periph_mcpwm_capture_clk_src_t'
  232 | } soc_periph_mcpwm_capture_clk_src_t;
      |   ^~~~~~~~~~~~~~~~~~~~~~~~~~~~~~~~~~
C:/Espressif/frameworks/esp-idf-v5.0/components/soc/esp32/include/soc/clk_tree_defs.h:248:3: error: storage class specified for parameter 'soc_periph_i2s_clk_src_t'
  248 | } soc_periph_i2s_clk_src_t;
      |   ^~~~~~~~~~~~~~~~~~~~~~~~
C:/Espressif/frameworks/esp-idf-v5.0/components/soc/esp32/include/soc/clk_tree_defs.h:263:3: error: storage class specified for parameter 'soc_periph_i2c_clk_src_t'
  263 | } soc_periph_i2c_clk_src_t;
      |   ^~~~~~~~~~~~~~~~~~~~~~~~
C:/Espressif/frameworks/esp-idf-v5.0/components/soc/esp32/include/soc/clk_tree_defs.h:278:3: error: storage class specified for parameter 'soc_periph_sdm_clk_src_t'
  278 | } soc_periph_sdm_clk_src_t;
      |   ^~~~~~~~~~~~~~~~~~~~~~~~
In file included from C:/Espressif/frameworks/esp-idf-v5.0/components/driver/include/driver/uart.h:21,
                 from C:/Users/kien/Downloads/esp32/update_ota_stm32/common/uart_esp/uart_esp.h:9,
                 from C:/Users/kien/Downloads/esp32/update_ota_stm32/main/main.c:29:
C:/Espressif/frameworks/esp-idf-v5.0/components/hal/include/hal/uart_types.h:21:13: error: storage class specified for parameter 'uart_port_t'
   21 | typedef int uart_port_t;
      |             ^~~~~~~~~~~
C:/Espressif/frameworks/esp-idf-v5.0/components/hal/include/hal/uart_types.h:32:3: error: storage class specified for parameter 'uart_mode_t'
   32 | } uart_mode_t;
      |   ^~~~~~~~~~~
C:/Espressif/frameworks/esp-idf-v5.0/components/hal/include/hal/uart_types.h:43:3: error: storage class specified for parameter 'uart_word_length_t'
   43 | } uart_word_length_t;
      |   ^~~~~~~~~~~~~~~~~~
C:/Espressif/frameworks/esp-idf-v5.0/components/hal/include/hal/uart_types.h:53:3: error: storage class specified for parameter 'uart_stop_bits_t'
   53 | } uart_stop_bits_t;
      |   ^~~~~~~~~~~~~~~~
C:/Espressif/frameworks/esp-idf-v5.0/components/hal/include/hal/uart_types.h:62:3: error: storage class specified for parameter 'uart_parity_t'
   62 | } uart_parity_t;
      |   ^~~~~~~~~~~~~
C:/Espressif/frameworks/esp-idf-v5.0/components/hal/include/hal/uart_types.h:73:3: error: storage class specified for parameter 'uart_hw_flowcontrol_t'
   73 | } uart_hw_flowcontrol_t;
      |   ^~~~~~~~~~~~~~~~~~~~~
C:/Espressif/frameworks/esp-idf-v5.0/components/hal/include/hal/uart_types.h:88:3: error: storage class specified for parameter 'uart_signal_inv_t'
   88 | } uart_signal_inv_t;
      |   ^~~~~~~~~~~~~~~~~
C:/Espressif/frameworks/esp-idf-v5.0/components/hal/include/hal/uart_types.h:93:42: error: expected '=', ',', ';', 'asm' or '__attribute__' before 'uart_sclk_t'
   93 | typedef soc_periph_uart_clk_src_legacy_t uart_sclk_t;
      |                                          ^~~~~~~~~~~
C:/Espressif/frameworks/esp-idf-v5.0/components/hal/include/hal/uart_types.h:105:3: error: storage class specified for parameter 'uart_at_cmd_t'
  105 | } uart_at_cmd_t;
      |   ^~~~~~~~~~~~~
In file included from C:/Espressif/frameworks/esp-idf-v5.0/components/driver/include/driver/uart.h:21,
                 from C:/Users/kien/Downloads/esp32/update_ota_stm32/common/uart_esp/uart_esp.h:9,
                 from C:/Users/kien/Downloads/esp32/update_ota_stm32/main/main.c:29:
C:/Espressif/frameworks/esp-idf-v5.0/components/hal/include/hal/uart_types.h:115:3: error: storage class specified for parameter 'uart_sw_flowctrl_t'
  115 | } uart_sw_flowctrl_t;
      |   ^~~~~~~~~~~~~~~~~~
C:/Espressif/frameworks/esp-idf-v5.0/components/hal/include/hal/uart_types.h:122:5: error: expected specifier-qualifier-list before 'uart_word_length_t'
  122 |     uart_word_length_t data_bits;       /*!< UART byte size*/
      |     ^~~~~~~~~~~~~~~~~~
C:/Espressif/frameworks/esp-idf-v5.0/components/hal/include/hal/uart_types.h:128:3: error: storage class specified for parameter 'uart_config_t'
  128 | } uart_config_t;
      |   ^~~~~~~~~~~~~
In file included from C:/Users/kien/Downloads/esp32/update_ota_stm32/common/uart_esp/uart_esp.h:9,
                 from C:/Users/kien/Downloads/esp32/update_ota_stm32/main/main.c:29:
C:/Espressif/frameworks/esp-idf-v5.0/components/driver/include/driver/uart.h:47:3: error: storage class specified for parameter 'uart_intr_config_t'
   47 | } uart_intr_config_t;
      |   ^~~~~~~~~~~~~~~~~~
C:/Espressif/frameworks/esp-idf-v5.0/components/driver/include/driver/uart.h:65:3: error: storage class specified for parameter 'uart_event_type_t'
   65 | } uart_event_type_t;
      |   ^~~~~~~~~~~~~~~~~
C:/Espressif/frameworks/esp-idf-v5.0/components/driver/include/driver/uart.h:71:5: error: expected specifier-qualifier-list before 'uart_event_type_t'
   71 |     uart_event_type_t type; /*!< UART event type */
      |     ^~~~~~~~~~~~~~~~~
C:/Espressif/frameworks/esp-idf-v5.0/components/driver/include/driver/uart.h:75:3: error: storage class specified for parameter 'uart_event_t'
   75 | } uart_event_t;
      |   ^~~~~~~~~~~~
C:/Espressif/frameworks/esp-idf-v5.0/components/driver/include/driver/uart.h:77:23: error: storage class specified for parameter 'uart_isr_handle_t'
   77 | typedef intr_handle_t uart_isr_handle_t;
      |                       ^~~~~~~~~~~~~~~~~
C:/Espressif/frameworks/esp-idf-v5.0/components/driver/include/driver/uart.h:101:31: error: expected declaration specifiers or '...' before 'uart_port_t'
  101 | esp_err_t uart_driver_install(uart_port_t uart_num, int rx_buffer_size, int tx_buffer_size, int queue_size, QueueHandle_t* uart_queue, int intr_alloc_flags);
      |                               ^~~~~~~~~~~
C:/Espressif/frameworks/esp-idf-v5.0/components/driver/include/driver/uart.h:112:30: error: expected declaration specifiers or '...' before 'uart_port_t'
  112 | esp_err_t uart_driver_delete(uart_port_t uart_num);
      |                              ^~~~~~~~~~~
C:/Espressif/frameworks/esp-idf-v5.0/components/driver/include/driver/uart.h:123:31: error: expected declaration specifiers or '...' before 'uart_port_t'
  123 | bool uart_is_driver_installed(uart_port_t uart_num);
      |                               ^~~~~~~~~~~
C:/Espressif/frameworks/esp-idf-v5.0/components/driver/include/driver/uart.h:135:32: error: expected declaration specifiers or '...' before 'uart_port_t'
  135 | esp_err_t uart_set_word_length(uart_port_t uart_num, uart_word_length_t data_bit);
      |                                ^~~~~~~~~~~
C:/Espressif/frameworks/esp-idf-v5.0/components/driver/include/driver/uart.h:135:54: error: expected declaration specifiers or '...' before 'uart_word_length_t'
  135 | esp_err_t uart_set_word_length(uart_port_t uart_num, uart_word_length_t data_bit);
      |                                                      ^~~~~~~~~~~~~~~~~~
C:/Espressif/frameworks/esp-idf-v5.0/components/driver/include/driver/uart.h:147:32: error: expected declaration specifiers or '...' before 'uart_port_t'
  147 | esp_err_t uart_get_word_length(uart_port_t uart_num, uart_word_length_t* data_bit);
      |                                ^~~~~~~~~~~
C:/Espressif/frameworks/esp-idf-v5.0/components/driver/include/driver/uart.h:147:54: error: expected declaration specifiers or '...' before 'uart_word_length_t'
  147 | esp_err_t uart_get_word_length(uart_port_t uart_num, uart_word_length_t* data_bit);
      |                                                      ^~~~~~~~~~~~~~~~~~
C:/Espressif/frameworks/esp-idf-v5.0/components/driver/include/driver/uart.h:159:30: error: expected declaration specifiers or '...' before 'uart_port_t'
  159 | esp_err_t uart_set_stop_bits(uart_port_t uart_num, uart_stop_bits_t stop_bits);
      |                              ^~~~~~~~~~~
C:/Espressif/frameworks/esp-idf-v5.0/components/driver/include/driver/uart.h:159:52: error: expected declaration specifiers or '...' before 'uart_stop_bits_t'
  159 | esp_err_t uart_set_stop_bits(uart_port_t uart_num, uart_stop_bits_t stop_bits);
      |                                                    ^~~~~~~~~~~~~~~~
C:/Espressif/frameworks/esp-idf-v5.0/components/driver/include/driver/uart.h:171:30: error: expected declaration specifiers or '...' before 'uart_port_t'
  171 | esp_err_t uart_get_stop_bits(uart_port_t uart_num, uart_stop_bits_t* stop_bits);
      |                              ^~~~~~~~~~~
C:/Espressif/frameworks/esp-idf-v5.0/components/driver/include/driver/uart.h:171:52: error: expected declaration specifiers or '...' before 'uart_stop_bits_t'
  171 | esp_err_t uart_get_stop_bits(uart_port_t uart_num, uart_stop_bits_t* stop_bits);
      |                                                    ^~~~~~~~~~~~~~~~
C:/Espressif/frameworks/esp-idf-v5.0/components/driver/include/driver/uart.h:183:27: error: expected declaration specifiers or '...' before 'uart_port_t'
  183 | esp_err_t uart_set_parity(uart_port_t uart_num, uart_parity_t parity_mode);
      |                           ^~~~~~~~~~~
C:/Espressif/frameworks/esp-idf-v5.0/components/driver/include/driver/uart.h:183:49: error: expected declaration specifiers or '...' before 'uart_parity_t'
  183 | esp_err_t uart_set_parity(uart_port_t uart_num, uart_parity_t parity_mode);
      |                                                 ^~~~~~~~~~~~~
C:/Espressif/frameworks/esp-idf-v5.0/components/driver/include/driver/uart.h:196:27: error: expected declaration specifiers or '...' before 'uart_port_t'
  196 | esp_err_t uart_get_parity(uart_port_t uart_num, uart_parity_t* parity_mode);
      |                           ^~~~~~~~~~~
C:/Espressif/frameworks/esp-idf-v5.0/components/driver/include/driver/uart.h:196:49: error: expected declaration specifiers or '...' before 'uart_parity_t'
  196 | esp_err_t uart_get_parity(uart_port_t uart_num, uart_parity_t* parity_mode);
      |                                                 ^~~~~~~~~~~~~
C:/Espressif/frameworks/esp-idf-v5.0/components/driver/include/driver/uart.h:208:30: error: unknown type name 'uart_sclk_t'
  208 | esp_err_t uart_get_sclk_freq(uart_sclk_t sclk, uint32_t* out_freq_hz);
      |                              ^~~~~~~~~~~
C:/Espressif/frameworks/esp-idf-v5.0/components/driver/include/driver/uart.h:220:29: error: expected declaration specifiers or '...' before 'uart_port_t'
  220 | esp_err_t uart_set_baudrate(uart_port_t uart_num, uint32_t baudrate);
      |                             ^~~~~~~~~~~
C:/Espressif/frameworks/esp-idf-v5.0/components/driver/include/driver/uart.h:233:29: error: expected declaration specifiers or '...' before 'uart_port_t'
  233 | esp_err_t uart_get_baudrate(uart_port_t uart_num, uint32_t* baudrate);
      |                             ^~~~~~~~~~~
C:/Espressif/frameworks/esp-idf-v5.0/components/driver/include/driver/uart.h:245:33: error: expected declaration specifiers or '...' before 'uart_port_t'
  245 | esp_err_t uart_set_line_inverse(uart_port_t uart_num, uint32_t inverse_mask);
      |                                 ^~~~~~~~~~~
C:/Espressif/frameworks/esp-idf-v5.0/components/driver/include/driver/uart.h:259:33: error: expected declaration specifiers or '...' before 'uart_port_t'
  259 | esp_err_t uart_set_hw_flow_ctrl(uart_port_t uart_num, uart_hw_flowcontrol_t flow_ctrl, uint8_t rx_thresh);
      |                                 ^~~~~~~~~~~
C:/Espressif/frameworks/esp-idf-v5.0/components/driver/include/driver/uart.h:259:55: error: expected declaration specifiers or '...' before 'uart_hw_flowcontrol_t'
  259 | esp_err_t uart_set_hw_flow_ctrl(uart_port_t uart_num, uart_hw_flowcontrol_t flow_ctrl, uint8_t rx_thresh);
      |                                                       ^~~~~~~~~~~~~~~~~~~~~
C:/Espressif/frameworks/esp-idf-v5.0/components/driver/include/driver/uart.h:273:34: error: expected declaration specifiers or '...' before 'uart_port_t'
  273 |  esp_err_t uart_set_sw_flow_ctrl(uart_port_t uart_num, bool enable,  uint8_t rx_thresh_xon,  uint8_t rx_thresh_xoff);
      |                                  ^~~~~~~~~~~
C:/Espressif/frameworks/esp-idf-v5.0/components/driver/include/driver/uart.h:285:33: error: expected declaration specifiers or '...' before 'uart_port_t'
  285 | esp_err_t uart_get_hw_flow_ctrl(uart_port_t uart_num, uart_hw_flowcontrol_t* flow_ctrl);
      |                                 ^~~~~~~~~~~
C:/Espressif/frameworks/esp-idf-v5.0/components/driver/include/driver/uart.h:285:55: error: expected declaration specifiers or '...' before 'uart_hw_flowcontrol_t'
  285 | esp_err_t uart_get_hw_flow_ctrl(uart_port_t uart_num, uart_hw_flowcontrol_t* flow_ctrl);
      |                                                       ^~~~~~~~~~~~~~~~~~~~~
C:/Espressif/frameworks/esp-idf-v5.0/components/driver/include/driver/uart.h:297:34: error: expected declaration specifiers or '...' before 'uart_port_t'
  297 | esp_err_t uart_clear_intr_status(uart_port_t uart_num, uint32_t clr_mask);
      |                                  ^~~~~~~~~~~
C:/Espressif/frameworks/esp-idf-v5.0/components/driver/include/driver/uart.h:309:33: error: expected declaration specifiers or '...' before 'uart_port_t'
  309 | esp_err_t uart_enable_intr_mask(uart_port_t uart_num, uint32_t enable_mask);
      |                                 ^~~~~~~~~~~
C:/Espressif/frameworks/esp-idf-v5.0/components/driver/include/driver/uart.h:321:34: error: expected declaration specifiers or '...' before 'uart_port_t'
  321 | esp_err_t uart_disable_intr_mask(uart_port_t uart_num, uint32_t disable_mask);
      |                                  ^~~~~~~~~~~
C:/Espressif/frameworks/esp-idf-v5.0/components/driver/include/driver/uart.h:332:31: error: expected declaration specifiers or '...' before 'uart_port_t'
  332 | esp_err_t uart_enable_rx_intr(uart_port_t uart_num);
      |                               ^~~~~~~~~~~
C:/Espressif/frameworks/esp-idf-v5.0/components/driver/include/driver/uart.h:343:32: error: expected declaration specifiers or '...' before 'uart_port_t'
  343 | esp_err_t uart_disable_rx_intr(uart_port_t uart_num);
      |                                ^~~~~~~~~~~
C:/Espressif/frameworks/esp-idf-v5.0/components/driver/include/driver/uart.h:354:32: error: expected declaration specifiers or '...' before 'uart_port_t'
  354 | esp_err_t uart_disable_tx_intr(uart_port_t uart_num);
      |                                ^~~~~~~~~~~
C:/Espressif/frameworks/esp-idf-v5.0/components/driver/include/driver/uart.h:367:31: error: expected declaration specifiers or '...' before 'uart_port_t'
  367 | esp_err_t uart_enable_tx_intr(uart_port_t uart_num, int enable, int thresh);
      |                               ^~~~~~~~~~~
C:/Espressif/frameworks/esp-idf-v5.0/components/driver/include/driver/uart.h:397:24: error: expected declaration specifiers or '...' before 'uart_port_t'
  397 | esp_err_t uart_set_pin(uart_port_t uart_num, int tx_io_num, int rx_io_num, int rts_io_num, int cts_io_num);
      |                        ^~~~~~~~~~~
C:/Espressif/frameworks/esp-idf-v5.0/components/driver/include/driver/uart.h:410:24: error: expected declaration specifiers or '...' before 'uart_port_t'
  410 | esp_err_t uart_set_rts(uart_port_t uart_num, int level);
      |                        ^~~~~~~~~~~
C:/Espressif/frameworks/esp-idf-v5.0/components/driver/include/driver/uart.h:422:24: error: expected declaration specifiers or '...' before 'uart_port_t'
  422 | esp_err_t uart_set_dtr(uart_port_t uart_num, int level);
      |                        ^~~~~~~~~~~
C:/Espressif/frameworks/esp-idf-v5.0/components/driver/include/driver/uart.h:435:32: error: expected declaration specifiers or '...' before 'uart_port_t'
  435 | esp_err_t uart_set_tx_idle_num(uart_port_t uart_num, uint16_t idle_num);
      |                                ^~~~~~~~~~~
C:/Espressif/frameworks/esp-idf-v5.0/components/driver/include/driver/uart.h:447:29: error: expected declaration specifiers or '...' before 'uart_port_t'
  447 | esp_err_t uart_param_config(uart_port_t uart_num, const uart_config_t *uart_config);
      |                             ^~~~~~~~~~~
C:/Espressif/frameworks/esp-idf-v5.0/components/driver/include/driver/uart.h:447:57: error: type defaults to 'int' in declaration of 'uart_config_t' [-Werror=implicit-int]
  447 | esp_err_t uart_param_config(uart_port_t uart_num, const uart_config_t *uart_config);
      |                                                         ^~~~~~~~~~~~~
C:/Espressif/frameworks/esp-idf-v5.0/components/driver/include/driver/uart.h:447:71: error: expected ';', ',' or ')' before '*' token
  447 | esp_err_t uart_param_config(uart_port_t uart_num, const uart_config_t *uart_config);
      |                                                                       ^
C:/Espressif/frameworks/esp-idf-v5.0/components/driver/include/driver/uart.h:459:28: error: expected declaration specifiers or '...' before 'uart_port_t'
  459 | esp_err_t uart_intr_config(uart_port_t uart_num, const uart_intr_config_t *intr_conf);
      |                            ^~~~~~~~~~~
C:/Espressif/frameworks/esp-idf-v5.0/components/driver/include/driver/uart.h:459:56: error: type defaults to 'int' in declaration of 'uart_intr_config_t' [-Werror=implicit-int]
  459 | esp_err_t uart_intr_config(uart_port_t uart_num, const uart_intr_config_t *intr_conf);
      |                                                        ^~~~~~~~~~~~~~~~~~
C:/Espressif/frameworks/esp-idf-v5.0/components/driver/include/driver/uart.h:459:75: error: expected ';', ',' or ')' before '*' token
  459 | esp_err_t uart_intr_config(uart_port_t uart_num, const uart_intr_config_t *intr_conf);
      |                                                                           ^
C:/Espressif/frameworks/esp-idf-v5.0/components/driver/include/driver/uart.h:472:29: error: expected declaration specifiers or '...' before 'uart_port_t'
  472 | esp_err_t uart_wait_tx_done(uart_port_t uart_num, TickType_t ticks_to_wait);
      |                             ^~~~~~~~~~~
C:/Espressif/frameworks/esp-idf-v5.0/components/driver/include/driver/uart.h:488:19: error: expected declaration specifiers or '...' before 'uart_port_t'
  488 | int uart_tx_chars(uart_port_t uart_num, const char* buffer, uint32_t len);
      |                   ^~~~~~~~~~~
C:/Espressif/frameworks/esp-idf-v5.0/components/driver/include/driver/uart.h:507:22: error: expected declaration specifiers or '...' before 'uart_port_t'
  507 | int uart_write_bytes(uart_port_t uart_num, const void* src, size_t size);
      |                      ^~~~~~~~~~~
C:/Espressif/frameworks/esp-idf-v5.0/components/driver/include/driver/uart.h:529:33: error: expected declaration specifiers or '...' before 'uart_port_t'
  529 | int uart_write_bytes_with_break(uart_port_t uart_num, const void* src, size_t size, int brk_len);
      |                                 ^~~~~~~~~~~
C:/Espressif/frameworks/esp-idf-v5.0/components/driver/include/driver/uart.h:543:21: error: expected declaration specifiers or '...' before 'uart_port_t'
  543 | int uart_read_bytes(uart_port_t uart_num, void* buf, uint32_t length, TickType_t ticks_to_wait);
      |                     ^~~~~~~~~~~
C:/Espressif/frameworks/esp-idf-v5.0/components/driver/include/driver/uart.h:556:22: error: expected declaration specifiers or '...' before 'uart_port_t'
  556 | esp_err_t uart_flush(uart_port_t uart_num);
      |                      ^~~~~~~~~~~
C:/Espressif/frameworks/esp-idf-v5.0/components/driver/include/driver/uart.h:567:28: error: expected declaration specifiers or '...' before 'uart_port_t'
  567 | esp_err_t uart_flush_input(uart_port_t uart_num);
      |                            ^~~~~~~~~~~
C:/Espressif/frameworks/esp-idf-v5.0/components/driver/include/driver/uart.h:579:38: error: expected declaration specifiers or '...' before 'uart_port_t'
  579 | esp_err_t uart_get_buffered_data_len(uart_port_t uart_num, size_t* size);
      |                                      ^~~~~~~~~~~
C:/Espressif/frameworks/esp-idf-v5.0/components/driver/include/driver/uart.h:591:40: error: expected declaration specifiers or '...' before 'uart_port_t'
  591 | esp_err_t uart_get_tx_buffer_free_size(uart_port_t uart_num, size_t *size);
      |                                        ^~~~~~~~~~~
C:/Espressif/frameworks/esp-idf-v5.0/components/driver/include/driver/uart.h:604:41: error: expected declaration specifiers or '...' before 'uart_port_t'
  604 | esp_err_t uart_disable_pattern_det_intr(uart_port_t uart_num);
      |                                         ^~~~~~~~~~~
C:/Espressif/frameworks/esp-idf-v5.0/components/driver/include/driver/uart.h:625:45: error: expected declaration specifiers or '...' before 'uart_port_t'
  625 | esp_err_t uart_enable_pattern_det_baud_intr(uart_port_t uart_num, char pattern_chr, uint8_t chr_num, int chr_tout, int post_idle, int pre_idle);
      |                                             ^~~~~~~~~~~
C:/Espressif/frameworks/esp-idf-v5.0/components/driver/include/driver/uart.h:644:26: error: expected declaration specifiers or '...' before 'uart_port_t'
  644 | int uart_pattern_pop_pos(uart_port_t uart_num);
      |                          ^~~~~~~~~~~
C:/Espressif/frameworks/esp-idf-v5.0/components/driver/include/driver/uart.h:663:26: error: expected declaration specifiers or '...' before 'uart_port_t'
  663 | int uart_pattern_get_pos(uart_port_t uart_num);
      |                          ^~~~~~~~~~~
C:/Espressif/frameworks/esp-idf-v5.0/components/driver/include/driver/uart.h:678:36: error: expected declaration specifiers or '...' before 'uart_port_t'
  678 | esp_err_t uart_pattern_queue_reset(uart_port_t uart_num, int queue_length);
      |                                    ^~~~~~~~~~~
C:/Espressif/frameworks/esp-idf-v5.0/components/driver/include/driver/uart.h:691:25: error: expected declaration specifiers or '...' before 'uart_port_t'
  691 | esp_err_t uart_set_mode(uart_port_t uart_num, uart_mode_t mode);
      |                         ^~~~~~~~~~~
C:/Espressif/frameworks/esp-idf-v5.0/components/driver/include/driver/uart.h:691:47: error: expected declaration specifiers or '...' before 'uart_mode_t'
  691 | esp_err_t uart_set_mode(uart_port_t uart_num, uart_mode_t mode);
      |                                               ^~~~~~~~~~~
C:/Espressif/frameworks/esp-idf-v5.0/components/driver/include/driver/uart.h:706:38: error: expected declaration specifiers or '...' before 'uart_port_t'
  706 | esp_err_t uart_set_rx_full_threshold(uart_port_t uart_num, int threshold);
      |                                      ^~~~~~~~~~~
C:/Espressif/frameworks/esp-idf-v5.0/components/driver/include/driver/uart.h:719:39: error: expected declaration specifiers or '...' before 'uart_port_t'
  719 | esp_err_t uart_set_tx_empty_threshold(uart_port_t uart_num, int threshold);
      |                                       ^~~~~~~~~~~
C:/Espressif/frameworks/esp-idf-v5.0/components/driver/include/driver/uart.h:735:31: error: expected declaration specifiers or '...' before 'uart_port_t'
  735 | esp_err_t uart_set_rx_timeout(uart_port_t uart_num, const uint8_t tout_thresh);
      |                               ^~~~~~~~~~~
C:/Espressif/frameworks/esp-idf-v5.0/components/driver/include/driver/uart.h:750:35: error: expected declaration specifiers or '...' before 'uart_port_t'
  750 | esp_err_t uart_get_collision_flag(uart_port_t uart_num, bool* collision_flag);
      |                                   ^~~~~~~~~~~
C:/Espressif/frameworks/esp-idf-v5.0/components/driver/include/driver/uart.h:784:37: error: expected declaration specifiers or '...' before 'uart_port_t'
  784 | esp_err_t uart_set_wakeup_threshold(uart_port_t uart_num, int wakeup_threshold);
      |                                     ^~~~~~~~~~~
C:/Espressif/frameworks/esp-idf-v5.0/components/driver/include/driver/uart.h:799:37: error: expected declaration specifiers or '...' before 'uart_port_t'
  799 | esp_err_t uart_get_wakeup_threshold(uart_port_t uart_num, int* out_wakeup_threshold);
      |                                     ^~~~~~~~~~~
C:/Espressif/frameworks/esp-idf-v5.0/components/driver/include/driver/uart.h:811:37: error: expected declaration specifiers or '...' before 'uart_port_t'
  811 | esp_err_t uart_wait_tx_idle_polling(uart_port_t uart_num);
      |                                     ^~~~~~~~~~~
C:/Espressif/frameworks/esp-idf-v5.0/components/driver/include/driver/uart.h:824:30: error: expected declaration specifiers or '...' before 'uart_port_t'
  824 | esp_err_t uart_set_loop_back(uart_port_t uart_num, bool loop_back_en);
      |                              ^~~~~~~~~~~
C:/Espressif/frameworks/esp-idf-v5.0/components/driver/include/driver/uart.h:838:33: error: expected declaration specifiers or '...' before 'uart_port_t'
  838 | void uart_set_always_rx_timeout(uart_port_t uart_num, bool always_rx_timeout_en);
      |                                 ^~~~~~~~~~~
C:/Users/kien/Downloads/esp32/update_ota_stm32/main/main.c:32:20: error: storage class specified for parameter 'TAG'
   32 | static const char *TAG = "final";
      |                    ^~~
C:/Users/kien/Downloads/esp32/update_ota_stm32/main/main.c:32:1: error: parameter 'TAG' is initialized
   32 | static const char *TAG = "final";
      | ^~~~~~
C:/Users/kien/Downloads/esp32/update_ota_stm32/main/main.c:37:1: error: expected '=', ',', ';', 'asm' or '__attribute__' before '{' token
   37 | {
      | ^
In file included from C:/Users/kien/Downloads/esp32/update_ota_stm32/main/main.c:28:
C:/Users/kien/Downloads/esp32/update_ota_stm32/common/ota_command/bootloader_command.h:72:6: error: old-style parameter declarations in prototyped function definition
   72 | void ota_send_data(uint8_t* data, uint8_t len)
      |      ^~~~~~~~~~~~~
C:/Users/kien/Downloads/esp32/update_ota_stm32/main/main.c:57: error: expected '{' at end of input
cc1.exe: some warnings being treated as errors
ninja: build stopped: subcommand failed.
